#
# There is insufficient memory for the Java Runtime Environment to continue.
# Native memory allocation (malloc) failed to allocate 1780496 bytes for Chunk::new
# Possible reasons:
#   The system is out of physical RAM or swap space
#   The process is running with CompressedOops enabled, and the Java Heap may be blocking the growth of the native heap
# Possible solutions:
#   Reduce memory load on the system
#   Increase physical memory or swap space
#   Check if swap backing store is full
#   Decrease Java heap size (-Xmx/-Xms)
#   Decrease number of Java threads
#   Decrease Java thread stack sizes (-Xss)
#   Set larger code cache with -XX:ReservedCodeCacheSize=
#   JVM is running with Unscaled Compressed Oops mode in which the Java heap is
#     placed in the first 4GB address space. The Java Heap base address is the
#     maximum limit for the native heap growth. Please use -XX:HeapBaseMinAddress
#     to set the Java Heap base and to place the Java Heap above 4GB virtual address.
# This output file may be truncated or incomplete.
#
#  Out of Memory Error (./src/hotspot/share/memory/arena.cpp:197), pid=9220, tid=11292
#
# JRE version: OpenJDK Runtime Environment (11.0.13) (build 11.0.13+0-b1751.21-8125866)
# Java VM: OpenJDK 64-Bit Server VM (11.0.13+0-b1751.21-8125866, mixed mode, tiered, compressed oops, g1 gc, windows-amd64)
# No core dump will be written. Minidumps are not enabled by default on client versions of Windows
#

---------------  S U M M A R Y ------------

Command Line: --add-opens=java.base/java.util=ALL-UNNAMED --add-opens=java.base/java.lang=ALL-UNNAMED --add-opens=java.base/java.lang.invoke=ALL-UNNAMED --add-opens=java.base/java.util=ALL-UNNAMED --add-opens=java.prefs/java.util.prefs=ALL-UNNAMED --add-opens=java.prefs/java.util.prefs=ALL-UNNAMED --add-opens=java.base/java.nio.charset=ALL-UNNAMED --add-opens=java.base/java.net=ALL-UNNAMED --add-opens=java.base/java.util.concurrent.atomic=ALL-UNNAMED -Xmx1536m -Dfile.encoding=windows-1252 -Duser.country=US -Duser.language=en -Duser.variant org.gradle.launcher.daemon.bootstrap.GradleDaemon 7.2

Host: Intel(R) Core(TM) i5-6402P CPU @ 2.80GHz, 4 cores, 7G,  Windows 10 , 64 bit Build 19041 (10.0.19041.1566)
Time: Tue Apr  5 10:50:11 2022 Bangladesh Standard Time elapsed time: 16.575447 seconds (0d 0h 0m 16s)

---------------  T H R E A D  ---------------

Current thread (0x00000243078ab800):  JavaThread "C2 CompilerThread1" daemon [_thread_in_native, id=11292, stack(0x0000004fce900000,0x0000004fcea00000)]


Current CompileTask:
C2:  16575 8804       4       java.io.WinNTFileSystem::normalize (143 bytes)

Stack: [0x0000004fce900000,0x0000004fcea00000]
Native frames: (J=compiled Java code, j=interpreted, Vv=VM code, C=native code)
V  [jvm.dll+0x6100fa]
V  [jvm.dll+0x747090]
V  [jvm.dll+0x7486ad]
V  [jvm.dll+0x748d83]
V  [jvm.dll+0x24ab48]
V  [jvm.dll+0xc04dc]
V  [jvm.dll+0xc0a0c]
V  [jvm.dll+0x35eb9d]
V  [jvm.dll+0x32b833]
V  [jvm.dll+0x32ad2a]
V  [jvm.dll+0x2032b2]
V  [jvm.dll+0x202437]
V  [jvm.dll+0x188e01]
V  [jvm.dll+0x21106b]
V  [jvm.dll+0x20f8c1]
V  [jvm.dll+0x70de0f]
V  [jvm.dll+0x706a75]
V  [jvm.dll+0x60ed66]
C  [ucrtbase.dll+0x21bb2]
C  [KERNEL32.DLL+0x17034]
C  [ntdll.dll+0x52651]


---------------  P R O C E S S  ---------------

Threads class SMR info:
_java_thread_list=0x000002430dc66c80, length=81, elements={
0x000002436aa39800, 0x0000024303ab5800, 0x0000024303ab9000, 0x0000024303ada800,
0x0000024303adb800, 0x0000024303add000, 0x0000024303ae2800, 0x0000024303ae8800,
0x0000024303aea000, 0x0000024304592800, 0x00000243059d5000, 0x0000024304674800,
0x00000243071a9800, 0x00000243074e8800, 0x0000024305d8b800, 0x0000024305f9f800,
0x000002430773d800, 0x00000243067c2000, 0x0000024306ea9800, 0x0000024306bef000,
0x0000024305e7c000, 0x0000024305e7d000, 0x0000024305e7d800, 0x0000024305e79800,
0x0000024305e7f000, 0x0000024305e7e800, 0x0000024305e80000, 0x0000024305e7a800,
0x0000024305e7b000, 0x0000024306d6d000, 0x0000024306d6c800, 0x0000024306d6a800,
0x0000024306d6e000, 0x0000024306d68800, 0x0000024306d6f000, 0x0000024306d72000,
0x0000024306d74800, 0x0000024306d75800, 0x0000024306d73000, 0x0000024306d71800,
0x0000024306d73800, 0x0000024306d6f800, 0x0000024306d70800, 0x0000024306d77000,
0x0000024306d76000, 0x000002430b5b9000, 0x000002430b5be000, 0x000002430b5bb800,
0x000002430b5bc800, 0x000002430b5bd000, 0x000002430b5b8800, 0x000002430b5bf000,
0x000002430b5bf800, 0x000002430b5bb000, 0x000002430b5ba000, 0x000002430b5c2000,
0x000002430b5c0800, 0x000002430b5c1800, 0x000002430b5c7000, 0x000002430b5c3800,
0x000002430b5c3000, 0x000002430b5c6000, 0x000002430b5c5800, 0x000002430b5c4800,
0x00000243074f8800, 0x00000243074f7800, 0x00000243074f9800, 0x00000243074fc800,
0x00000243074fa000, 0x00000243074fc000, 0x00000243074fb000, 0x00000243074f7000,
0x0000024307502800, 0x0000024307500800, 0x0000024307503000, 0x00000243074fd800,
0x0000024307501800, 0x0000024307504000, 0x00000243074fe800, 0x0000024307500000,
0x00000243078ab800
}

Java Threads: ( => current thread )
  0x000002436aa39800 JavaThread "main" [_thread_blocked, id=12016, stack(0x0000004fcbf00000,0x0000004fcc000000)]
  0x0000024303ab5800 JavaThread "Reference Handler" daemon [_thread_blocked, id=7820, stack(0x0000004fcc600000,0x0000004fcc700000)]
  0x0000024303ab9000 JavaThread "Finalizer" daemon [_thread_blocked, id=136, stack(0x0000004fcc700000,0x0000004fcc800000)]
  0x0000024303ada800 JavaThread "Signal Dispatcher" daemon [_thread_blocked, id=3760, stack(0x0000004fcc800000,0x0000004fcc900000)]
  0x0000024303adb800 JavaThread "Attach Listener" daemon [_thread_blocked, id=8560, stack(0x0000004fcc900000,0x0000004fcca00000)]
  0x0000024303add000 JavaThread "Service Thread" daemon [_thread_blocked, id=736, stack(0x0000004fcca00000,0x0000004fccb00000)]
  0x0000024303ae2800 JavaThread "C2 CompilerThread0" daemon [_thread_in_native, id=11552, stack(0x0000004fccb00000,0x0000004fccc00000)]
  0x0000024303ae8800 JavaThread "C1 CompilerThread0" daemon [_thread_blocked, id=10176, stack(0x0000004fccc00000,0x0000004fccd00000)]
  0x0000024303aea000 JavaThread "Sweeper thread" daemon [_thread_blocked, id=11164, stack(0x0000004fccd00000,0x0000004fcce00000)]
  0x0000024304592800 JavaThread "Common-Cleaner" daemon [_thread_blocked, id=6236, stack(0x0000004fcce00000,0x0000004fccf00000)]
  0x00000243059d5000 JavaThread "Daemon health stats" [_thread_blocked, id=5900, stack(0x0000004fcd300000,0x0000004fcd400000)]
  0x0000024304674800 JavaThread "Incoming local TCP Connector on port 10593" [_thread_in_native, id=3908, stack(0x0000004fcd000000,0x0000004fcd100000)]
  0x00000243071a9800 JavaThread "Daemon periodic checks" [_thread_blocked, id=11200, stack(0x0000004fcd400000,0x0000004fcd500000)]
  0x00000243074e8800 JavaThread "Daemon" [_thread_blocked, id=7208, stack(0x0000004fcd500000,0x0000004fcd600000)]
  0x0000024305d8b800 JavaThread "Handler for socket connection from /127.0.0.1:10593 to /127.0.0.1:10594" [_thread_in_native, id=5880, stack(0x0000004fcd600000,0x0000004fcd700000)]
  0x0000024305f9f800 JavaThread "Cancel handler" [_thread_blocked, id=6968, stack(0x0000004fcd700000,0x0000004fcd800000)]
  0x000002430773d800 JavaThread "Daemon worker" [_thread_in_vm, id=11000, stack(0x0000004fcd800000,0x0000004fcd900000)]
  0x00000243067c2000 JavaThread "Asynchronous log dispatcher for DefaultDaemonConnection: socket connection from /127.0.0.1:10593 to /127.0.0.1:10594" [_thread_blocked, id=2736, stack(0x0000004fcda00000,0x0000004fcdb00000)]
  0x0000024306ea9800 JavaThread "Stdin handler" [_thread_blocked, id=6664, stack(0x0000004fcdb00000,0x0000004fcdc00000)]
  0x0000024306bef000 JavaThread "Daemon client event forwarder" [_thread_blocked, id=11328, stack(0x0000004fcdc00000,0x0000004fcdd00000)]
  0x0000024305e7c000 JavaThread "Cache worker for journal cache (C:\Users\sumon\.gradle\caches\journal-1)" [_thread_blocked, id=9120, stack(0x0000004fcde00000,0x0000004fcdf00000)]
  0x0000024305e7d000 JavaThread "File lock request listener" [_thread_in_native, id=10940, stack(0x0000004fcdf00000,0x0000004fce000000)]
  0x0000024305e7d800 JavaThread "Cache worker for file hash cache (C:\Users\sumon\.gradle\caches\7.2\fileHashes)" [_thread_blocked, id=1980, stack(0x0000004fce000000,0x0000004fce100000)]
  0x0000024305e79800 JavaThread "Cache worker for file hash cache (C:\Users\sumon\Documents\RestaurantApp\.gradle\7.2\fileHashes)" [_thread_blocked, id=6804, stack(0x0000004fce100000,0x0000004fce200000)]
  0x0000024305e7f000 JavaThread "File watcher server" daemon [_thread_in_native, id=1096, stack(0x0000004fce200000,0x0000004fce300000)]
  0x0000024305e7e800 JavaThread "File watcher consumer" daemon [_thread_blocked, id=7424, stack(0x0000004fce300000,0x0000004fce400000)]
  0x0000024305e80000 JavaThread "jar transforms" [_thread_blocked, id=3980, stack(0x0000004fce400000,0x0000004fce500000)]
  0x0000024305e7a800 JavaThread "jar transforms Thread 2" [_thread_blocked, id=9484, stack(0x0000004fce500000,0x0000004fce600000)]
  0x0000024305e7b000 JavaThread "jar transforms Thread 3" [_thread_blocked, id=8112, stack(0x0000004fce600000,0x0000004fce700000)]
  0x0000024306d6d000 JavaThread "jar transforms Thread 4" [_thread_blocked, id=9368, stack(0x0000004fce700000,0x0000004fce800000)]
  0x0000024306d6c800 JavaThread "Cache worker for checksums cache (C:\Users\sumon\Documents\RestaurantApp\.gradle\checksums)" [_thread_blocked, id=9660, stack(0x0000004fcd900000,0x0000004fcda00000)]
  0x0000024306d6a800 JavaThread "Cache worker for cache directory md-supplier (C:\Users\sumon\.gradle\caches\7.2\md-supplier)" [_thread_blocked, id=1496, stack(0x0000004fce800000,0x0000004fce900000)]
  0x0000024306d6e000 JavaThread "Cache worker for cache directory md-rule (C:\Users\sumon\.gradle\caches\7.2\md-rule)" [_thread_blocked, id=8240, stack(0x0000004fcea00000,0x0000004fceb00000)]
  0x0000024306d68800 JavaThread "Cache worker for execution history cache (C:\Users\sumon\.gradle\caches\7.2\executionHistory)" [_thread_blocked, id=8260, stack(0x0000004fceb00000,0x0000004fcec00000)]
  0x0000024306d6f000 JavaThread "Cache worker for file content cache (C:\Users\sumon\.gradle\caches\7.2\fileContent)" [_thread_blocked, id=5664, stack(0x0000004fcec00000,0x0000004fced00000)]
  0x0000024306d72000 JavaThread "Cache worker for dependencies-accessors (C:\Users\sumon\Documents\RestaurantApp\.gradle\7.2\dependencies-accessors)" [_thread_blocked, id=11928, stack(0x0000004fced00000,0x0000004fcee00000)]
  0x0000024306d74800 JavaThread "Cache worker for Build Output Cleanup Cache (C:\Users\sumon\Documents\RestaurantApp\.gradle\buildOutputCleanup)" [_thread_blocked, id=12200, stack(0x0000004fcee00000,0x0000004fcef00000)]
  0x0000024306d75800 JavaThread "Unconstrained build operations" [_thread_blocked, id=5600, stack(0x0000004fcef00000,0x0000004fcf000000)]
  0x0000024306d73000 JavaThread "Unconstrained build operations Thread 2" [_thread_blocked, id=9256, stack(0x0000004fcf000000,0x0000004fcf100000)]
  0x0000024306d71800 JavaThread "Unconstrained build operations Thread 3" [_thread_blocked, id=10248, stack(0x0000004fcf100000,0x0000004fcf200000)]
  0x0000024306d73800 JavaThread "Unconstrained build operations Thread 4" [_thread_blocked, id=9804, stack(0x0000004fcf200000,0x0000004fcf300000)]
  0x0000024306d6f800 JavaThread "Unconstrained build operations Thread 5" [_thread_blocked, id=8996, stack(0x0000004fcf300000,0x0000004fcf400000)]
  0x0000024306d70800 JavaThread "Unconstrained build operations Thread 6" [_thread_blocked, id=9340, stack(0x0000004fcf400000,0x0000004fcf500000)]
  0x0000024306d77000 JavaThread "Unconstrained build operations Thread 7" [_thread_blocked, id=11316, stack(0x0000004fcf500000,0x0000004fcf600000)]
  0x0000024306d76000 JavaThread "Unconstrained build operations Thread 8" [_thread_blocked, id=5916, stack(0x0000004fcf600000,0x0000004fcf700000)]
  0x000002430b5b9000 JavaThread "Unconstrained build operations Thread 9" [_thread_blocked, id=528, stack(0x0000004fcf700000,0x0000004fcf800000)]
  0x000002430b5be000 JavaThread "Unconstrained build operations Thread 10" [_thread_blocked, id=6116, stack(0x0000004fcf800000,0x0000004fcf900000)]
  0x000002430b5bb800 JavaThread "Unconstrained build operations Thread 11" [_thread_blocked, id=8140, stack(0x0000004fcf900000,0x0000004fcfa00000)]
  0x000002430b5bc800 JavaThread "Unconstrained build operations Thread 12" [_thread_blocked, id=12088, stack(0x0000004fcfa00000,0x0000004fcfb00000)]
  0x000002430b5bd000 JavaThread "Unconstrained build operations Thread 13" [_thread_blocked, id=12032, stack(0x0000004fcfb00000,0x0000004fcfc00000)]
  0x000002430b5b8800 JavaThread "Unconstrained build operations Thread 14" [_thread_blocked, id=11528, stack(0x0000004fcfc00000,0x0000004fcfd00000)]
  0x000002430b5bf000 JavaThread "Unconstrained build operations Thread 15" [_thread_blocked, id=11892, stack(0x0000004fcfd00000,0x0000004fcfe00000)]
  0x000002430b5bf800 JavaThread "Unconstrained build operations Thread 16" [_thread_blocked, id=10832, stack(0x0000004fcfe00000,0x0000004fcff00000)]
  0x000002430b5bb000 JavaThread "Unconstrained build operations Thread 17" [_thread_blocked, id=4640, stack(0x0000004fcff00000,0x0000004fd0000000)]
  0x000002430b5ba000 JavaThread "Unconstrained build operations Thread 18" [_thread_blocked, id=660, stack(0x0000004fd0000000,0x0000004fd0100000)]
  0x000002430b5c2000 JavaThread "Unconstrained build operations Thread 19" [_thread_blocked, id=5548, stack(0x0000004fd0100000,0x0000004fd0200000)]
  0x000002430b5c0800 JavaThread "Unconstrained build operations Thread 20" [_thread_blocked, id=976, stack(0x0000004fd0200000,0x0000004fd0300000)]
  0x000002430b5c1800 JavaThread "Unconstrained build operations Thread 21" [_thread_blocked, id=10848, stack(0x0000004fd0300000,0x0000004fd0400000)]
  0x000002430b5c7000 JavaThread "Unconstrained build operations Thread 22" [_thread_blocked, id=6224, stack(0x0000004fd0400000,0x0000004fd0500000)]
  0x000002430b5c3800 JavaThread "Unconstrained build operations Thread 23" [_thread_blocked, id=11748, stack(0x0000004fd0500000,0x0000004fd0600000)]
  0x000002430b5c3000 JavaThread "Unconstrained build operations Thread 24" [_thread_blocked, id=9244, stack(0x0000004fd0600000,0x0000004fd0700000)]
  0x000002430b5c6000 JavaThread "Unconstrained build operations Thread 25" [_thread_blocked, id=6348, stack(0x0000004fd0700000,0x0000004fd0800000)]
  0x000002430b5c5800 JavaThread "Unconstrained build operations Thread 26" [_thread_blocked, id=1292, stack(0x0000004fd0800000,0x0000004fd0900000)]
  0x000002430b5c4800 JavaThread "Unconstrained build operations Thread 27" [_thread_blocked, id=2848, stack(0x0000004fd0900000,0x0000004fd0a00000)]
  0x00000243074f8800 JavaThread "Unconstrained build operations Thread 28" [_thread_blocked, id=9528, stack(0x0000004fd0a00000,0x0000004fd0b00000)]
  0x00000243074f7800 JavaThread "Unconstrained build operations Thread 29" [_thread_blocked, id=5044, stack(0x0000004fd0b00000,0x0000004fd0c00000)]
  0x00000243074f9800 JavaThread "Unconstrained build operations Thread 30" [_thread_blocked, id=10744, stack(0x0000004fd0c00000,0x0000004fd0d00000)]
  0x00000243074fc800 JavaThread "Unconstrained build operations Thread 31" [_thread_blocked, id=7200, stack(0x0000004fd0d00000,0x0000004fd0e00000)]
  0x00000243074fa000 JavaThread "Unconstrained build operations Thread 32" [_thread_blocked, id=7360, stack(0x0000004fd0e00000,0x0000004fd0f00000)]
  0x00000243074fc000 JavaThread "Unconstrained build operations Thread 33" [_thread_blocked, id=10108, stack(0x0000004fd0f00000,0x0000004fd1000000)]
  0x00000243074fb000 JavaThread "Unconstrained build operations Thread 34" [_thread_blocked, id=10016, stack(0x0000004fd1000000,0x0000004fd1100000)]
  0x00000243074f7000 JavaThread "Unconstrained build operations Thread 35" [_thread_blocked, id=10620, stack(0x0000004fd1100000,0x0000004fd1200000)]
  0x0000024307502800 JavaThread "Unconstrained build operations Thread 36" [_thread_blocked, id=7188, stack(0x0000004fd1200000,0x0000004fd1300000)]
  0x0000024307500800 JavaThread "Unconstrained build operations Thread 37" [_thread_blocked, id=4496, stack(0x0000004fd1300000,0x0000004fd1400000)]
  0x0000024307503000 JavaThread "Unconstrained build operations Thread 38" [_thread_blocked, id=10444, stack(0x0000004fd1400000,0x0000004fd1500000)]
  0x00000243074fd800 JavaThread "Unconstrained build operations Thread 39" [_thread_blocked, id=5300, stack(0x0000004fd1500000,0x0000004fd1600000)]
  0x0000024307501800 JavaThread "Unconstrained build operations Thread 40" [_thread_blocked, id=11628, stack(0x0000004fd1600000,0x0000004fd1700000)]
  0x0000024307504000 JavaThread "Memory manager" [_thread_blocked, id=10636, stack(0x0000004fd1700000,0x0000004fd1800000)]
  0x00000243074fe800 JavaThread "pool-3-thread-1" [_thread_blocked, id=7472, stack(0x0000004fd1800000,0x0000004fd1900000)]
  0x0000024307500000 JavaThread "Cache worker for execution history cache (C:\Users\sumon\Documents\RestaurantApp\.gradle\7.2\executionHistory)" [_thread_blocked, id=11880, stack(0x0000004fd1c00000,0x0000004fd1d00000)]
=>0x00000243078ab800 JavaThread "C2 CompilerThread1" daemon [_thread_in_native, id=11292, stack(0x0000004fce900000,0x0000004fcea00000)]

Other Threads:
  0x0000024303a91000 VMThread "VM Thread" [stack: 0x0000004fcc500000,0x0000004fcc600000] [id=11092]
  0x0000024304593800 WatcherThread [stack: 0x0000004fccf00000,0x0000004fcd000000] [id=10960]
  0x000002436aa53800 GCTaskThread "GC Thread#0" [stack: 0x0000004fcc000000,0x0000004fcc100000] [id=5800]
  0x0000024304c57000 GCTaskThread "GC Thread#1" [stack: 0x0000004fcd100000,0x0000004fcd200000] [id=8072]
  0x0000024304e4e000 GCTaskThread "GC Thread#2" [stack: 0x0000004fcd200000,0x0000004fcd300000] [id=2444]
  0x00000243067c3000 GCTaskThread "GC Thread#3" [stack: 0x0000004fcdd00000,0x0000004fcde00000] [id=8456]
  0x000002436aa78800 ConcurrentGCThread "G1 Main Marker" [stack: 0x0000004fcc100000,0x0000004fcc200000] [id=11472]
  0x000002436aa7a000 ConcurrentGCThread "G1 Conc#0" [stack: 0x0000004fcc200000,0x0000004fcc300000] [id=9548]
  0x000002436ab07000 ConcurrentGCThread "G1 Refine#0" [stack: 0x0000004fcc300000,0x0000004fcc400000] [id=7364]
  0x000002436ab0a000 ConcurrentGCThread "G1 Young RemSet Sampling" [stack: 0x0000004fcc400000,0x0000004fcc500000] [id=228]

Threads with active compile tasks:
C2 CompilerThread0  16602 8884       4       org.gradle.internal.instantiation.generator.AbstractClassGenerator::inspectType (560 bytes)
C2 CompilerThread1  16602 8804       4       java.io.WinNTFileSystem::normalize (143 bytes)

VM state:not at safepoint (normal execution)

VM Mutex/Monitor currently owned by a thread: None

Heap address: 0x00000000a0000000, size: 1536 MB, Compressed Oops mode: 32-bit
Narrow klass base: 0x0000000000000000, Narrow klass shift: 3
Compressed class space size: 1073741824 Address: 0x0000000100000000

Heap:
 garbage-first heap   total 238592K, used 172105K [0x00000000a0000000, 0x0000000100000000)
  region size 1024K, 25 young (25600K), 3 survivors (3072K)
 Metaspace       used 94126K, capacity 96460K, committed 96560K, reserved 1132544K
  class space    used 11859K, capacity 12653K, committed 12672K, reserved 1048576K
Heap Regions: E=young(eden), S=young(survivor), O=old, HS=humongous(starts), HC=humongous(continues), CS=collection set, F=free, A=archive, TAMS=top-at-mark-start (previous, next)
|   0|0x00000000a0000000, 0x00000000a0100000, 0x00000000a0100000|100%| O|  |TAMS 0x00000000a0100000, 0x00000000a0000000| Untracked 
|   1|0x00000000a0100000, 0x00000000a0200000, 0x00000000a0200000|100%| O|  |TAMS 0x00000000a0200000, 0x00000000a0100000| Untracked 
|   2|0x00000000a0200000, 0x00000000a0300000, 0x00000000a0300000|100%| O|  |TAMS 0x00000000a0300000, 0x00000000a0200000| Untracked 
|   3|0x00000000a0300000, 0x00000000a0400000, 0x00000000a0400000|100%|HS|  |TAMS 0x00000000a0400000, 0x00000000a0300000| Complete 
|   4|0x00000000a0400000, 0x00000000a0500000, 0x00000000a0500000|100%|HC|  |TAMS 0x00000000a0500000, 0x00000000a0400000| Complete 
|   5|0x00000000a0500000, 0x00000000a0600000, 0x00000000a0600000|100%|HC|  |TAMS 0x00000000a0600000, 0x00000000a0500000| Complete 
|   6|0x00000000a0600000, 0x00000000a0700000, 0x00000000a0700000|100%| O|  |TAMS 0x00000000a0700000, 0x00000000a0600000| Untracked 
|   7|0x00000000a0700000, 0x00000000a0800000, 0x00000000a0800000|100%| O|  |TAMS 0x00000000a0800000, 0x00000000a0700000| Untracked 
|   8|0x00000000a0800000, 0x00000000a0900000, 0x00000000a0900000|100%| O|  |TAMS 0x00000000a0900000, 0x00000000a0800000| Untracked 
|   9|0x00000000a0900000, 0x00000000a0a00000, 0x00000000a0a00000|100%| O|  |TAMS 0x00000000a0a00000, 0x00000000a0900000| Untracked 
|  10|0x00000000a0a00000, 0x00000000a0b00000, 0x00000000a0b00000|100%| O|  |TAMS 0x00000000a0b00000, 0x00000000a0a00000| Untracked 
|  11|0x00000000a0b00000, 0x00000000a0c00000, 0x00000000a0c00000|100%| O|  |TAMS 0x00000000a0c00000, 0x00000000a0b00000| Untracked 
|  12|0x00000000a0c00000, 0x00000000a0d00000, 0x00000000a0d00000|100%| O|  |TAMS 0x00000000a0d00000, 0x00000000a0c00000| Untracked 
|  13|0x00000000a0d00000, 0x00000000a0e00000, 0x00000000a0e00000|100%| O|  |TAMS 0x00000000a0e00000, 0x00000000a0d00000| Untracked 
|  14|0x00000000a0e00000, 0x00000000a0f00000, 0x00000000a0f00000|100%| O|  |TAMS 0x00000000a0f00000, 0x00000000a0e00000| Untracked 
|  15|0x00000000a0f00000, 0x00000000a1000000, 0x00000000a1000000|100%| O|  |TAMS 0x00000000a1000000, 0x00000000a0f00000| Untracked 
|  16|0x00000000a1000000, 0x00000000a1100000, 0x00000000a1100000|100%| O|  |TAMS 0x00000000a1100000, 0x00000000a1000000| Untracked 
|  17|0x00000000a1100000, 0x00000000a1200000, 0x00000000a1200000|100%|HS|  |TAMS 0x00000000a1200000, 0x00000000a1100000| Complete 
|  18|0x00000000a1200000, 0x00000000a1300000, 0x00000000a1300000|100%|HC|  |TAMS 0x00000000a1300000, 0x00000000a1200000| Complete 
|  19|0x00000000a1300000, 0x00000000a1400000, 0x00000000a1400000|100%|HS|  |TAMS 0x00000000a1400000, 0x00000000a1300000| Complete 
|  20|0x00000000a1400000, 0x00000000a1500000, 0x00000000a1500000|100%|HC|  |TAMS 0x00000000a1500000, 0x00000000a1400000| Complete 
|  21|0x00000000a1500000, 0x00000000a1600000, 0x00000000a1600000|100%|HC|  |TAMS 0x00000000a1600000, 0x00000000a1500000| Complete 
|  22|0x00000000a1600000, 0x00000000a1700000, 0x00000000a1700000|100%|HS|  |TAMS 0x00000000a1700000, 0x00000000a1600000| Complete 
|  23|0x00000000a1700000, 0x00000000a1800000, 0x00000000a1800000|100%|HC|  |TAMS 0x00000000a1800000, 0x00000000a1700000| Complete 
|  24|0x00000000a1800000, 0x00000000a1900000, 0x00000000a1900000|100%|HC|  |TAMS 0x00000000a1900000, 0x00000000a1800000| Complete 
|  25|0x00000000a1900000, 0x00000000a1a00000, 0x00000000a1a00000|100%|HS|  |TAMS 0x00000000a1a00000, 0x00000000a1900000| Complete 
|  26|0x00000000a1a00000, 0x00000000a1b00000, 0x00000000a1b00000|100%|HC|  |TAMS 0x00000000a1b00000, 0x00000000a1a00000| Complete 
|  27|0x00000000a1b00000, 0x00000000a1c00000, 0x00000000a1c00000|100%|HC|  |TAMS 0x00000000a1c00000, 0x00000000a1b00000| Complete 
|  28|0x00000000a1c00000, 0x00000000a1d00000, 0x00000000a1d00000|100%|HC|  |TAMS 0x00000000a1d00000, 0x00000000a1c00000| Complete 
|  29|0x00000000a1d00000, 0x00000000a1e00000, 0x00000000a1e00000|100%|HS|  |TAMS 0x00000000a1e00000, 0x00000000a1d00000| Complete 
|  30|0x00000000a1e00000, 0x00000000a1f00000, 0x00000000a1f00000|100%|HC|  |TAMS 0x00000000a1f00000, 0x00000000a1e00000| Complete 
|  31|0x00000000a1f00000, 0x00000000a2000000, 0x00000000a2000000|100%|HC|  |TAMS 0x00000000a2000000, 0x00000000a1f00000| Complete 
|  32|0x00000000a2000000, 0x00000000a2100000, 0x00000000a2100000|100%|HC|  |TAMS 0x00000000a2100000, 0x00000000a2000000| Complete 
|  33|0x00000000a2100000, 0x00000000a2200000, 0x00000000a2200000|100%|HC|  |TAMS 0x00000000a2200000, 0x00000000a2100000| Complete 
|  34|0x00000000a2200000, 0x00000000a2300000, 0x00000000a2300000|100%| O|  |TAMS 0x00000000a2300000, 0x00000000a2200000| Untracked 
|  35|0x00000000a2300000, 0x00000000a2400000, 0x00000000a2400000|100%| O|  |TAMS 0x00000000a2400000, 0x00000000a2300000| Untracked 
|  36|0x00000000a2400000, 0x00000000a2500000, 0x00000000a2500000|100%| O|  |TAMS 0x00000000a2500000, 0x00000000a2400000| Untracked 
|  37|0x00000000a2500000, 0x00000000a2600000, 0x00000000a2600000|100%| O|  |TAMS 0x00000000a2600000, 0x00000000a2500000| Untracked 
|  38|0x00000000a2600000, 0x00000000a2700000, 0x00000000a2700000|100%| O|  |TAMS 0x00000000a2700000, 0x00000000a2600000| Untracked 
|  39|0x00000000a2700000, 0x00000000a2800000, 0x00000000a2800000|100%| O|  |TAMS 0x00000000a2800000, 0x00000000a2700000| Untracked 
|  40|0x00000000a2800000, 0x00000000a2900000, 0x00000000a2900000|100%| O|  |TAMS 0x00000000a2900000, 0x00000000a2800000| Untracked 
|  41|0x00000000a2900000, 0x00000000a2a00000, 0x00000000a2a00000|100%| O|  |TAMS 0x00000000a2a00000, 0x00000000a2900000| Untracked 
|  42|0x00000000a2a00000, 0x00000000a2b00000, 0x00000000a2b00000|100%|HS|  |TAMS 0x00000000a2b00000, 0x00000000a2a00000| Complete 
|  43|0x00000000a2b00000, 0x00000000a2c00000, 0x00000000a2c00000|100%|HC|  |TAMS 0x00000000a2c00000, 0x00000000a2b00000| Complete 
|  44|0x00000000a2c00000, 0x00000000a2d00000, 0x00000000a2d00000|100%| O|  |TAMS 0x00000000a2d00000, 0x00000000a2c00000| Untracked 
|  45|0x00000000a2d00000, 0x00000000a2e00000, 0x00000000a2e00000|100%| O|  |TAMS 0x00000000a2e00000, 0x00000000a2d00000| Untracked 
|  46|0x00000000a2e00000, 0x00000000a2f00000, 0x00000000a2f00000|100%| O|  |TAMS 0x00000000a2f00000, 0x00000000a2e00000| Untracked 
|  47|0x00000000a2f00000, 0x00000000a3000000, 0x00000000a3000000|100%| O|  |TAMS 0x00000000a3000000, 0x00000000a2f00000| Untracked 
|  48|0x00000000a3000000, 0x00000000a3100000, 0x00000000a3100000|100%| O|  |TAMS 0x00000000a3100000, 0x00000000a3000000| Untracked 
|  49|0x00000000a3100000, 0x00000000a3200000, 0x00000000a3200000|100%|HS|  |TAMS 0x00000000a3200000, 0x00000000a3100000| Complete 
|  50|0x00000000a3200000, 0x00000000a3300000, 0x00000000a3300000|100%|HC|  |TAMS 0x00000000a3300000, 0x00000000a3200000| Complete 
|  51|0x00000000a3300000, 0x00000000a3400000, 0x00000000a3400000|100%|HC|  |TAMS 0x00000000a3400000, 0x00000000a3300000| Complete 
|  52|0x00000000a3400000, 0x00000000a3500000, 0x00000000a3500000|100%|HS|  |TAMS 0x00000000a3500000, 0x00000000a3400000| Complete 
|  53|0x00000000a3500000, 0x00000000a3600000, 0x00000000a3600000|100%|HC|  |TAMS 0x00000000a3600000, 0x00000000a3500000| Complete 
|  54|0x00000000a3600000, 0x00000000a3700000, 0x00000000a3700000|100%|HC|  |TAMS 0x00000000a3700000, 0x00000000a3600000| Complete 
|  55|0x00000000a3700000, 0x00000000a3800000, 0x00000000a3800000|100%|HS|  |TAMS 0x00000000a3800000, 0x00000000a3700000| Complete 
|  56|0x00000000a3800000, 0x00000000a3900000, 0x00000000a3900000|100%|HC|  |TAMS 0x00000000a3900000, 0x00000000a3800000| Complete 
|  57|0x00000000a3900000, 0x00000000a3a00000, 0x00000000a3a00000|100%|HC|  |TAMS 0x00000000a3a00000, 0x00000000a3900000| Complete 
|  58|0x00000000a3a00000, 0x00000000a3b00000, 0x00000000a3b00000|100%|HC|  |TAMS 0x00000000a3b00000, 0x00000000a3a00000| Complete 
|  59|0x00000000a3b00000, 0x00000000a3c00000, 0x00000000a3c00000|100%| O|  |TAMS 0x00000000a3c00000, 0x00000000a3b00000| Untracked 
|  60|0x00000000a3c00000, 0x00000000a3d00000, 0x00000000a3d00000|100%|HS|  |TAMS 0x00000000a3d00000, 0x00000000a3c00000| Complete 
|  61|0x00000000a3d00000, 0x00000000a3e00000, 0x00000000a3e00000|100%|HC|  |TAMS 0x00000000a3e00000, 0x00000000a3d00000| Complete 
|  62|0x00000000a3e00000, 0x00000000a3f00000, 0x00000000a3f00000|100%|HC|  |TAMS 0x00000000a3f00000, 0x00000000a3e00000| Complete 
|  63|0x00000000a3f00000, 0x00000000a4000000, 0x00000000a4000000|100%|HC|  |TAMS 0x00000000a4000000, 0x00000000a3f00000| Complete 
|  64|0x00000000a4000000, 0x00000000a4100000, 0x00000000a4100000|100%|HC|  |TAMS 0x00000000a4100000, 0x00000000a4000000| Complete 
|  65|0x00000000a4100000, 0x00000000a4200000, 0x00000000a4200000|100%| O|  |TAMS 0x00000000a4200000, 0x00000000a4100000| Untracked 
|  66|0x00000000a4200000, 0x00000000a4300000, 0x00000000a4300000|100%| O|  |TAMS 0x00000000a4300000, 0x00000000a4200000| Untracked 
|  67|0x00000000a4300000, 0x00000000a4400000, 0x00000000a4400000|100%| O|  |TAMS 0x00000000a4400000, 0x00000000a4300000| Untracked 
|  68|0x00000000a4400000, 0x00000000a4500000, 0x00000000a4500000|100%| O|  |TAMS 0x00000000a4500000, 0x00000000a4400000| Untracked 
|  69|0x00000000a4500000, 0x00000000a4600000, 0x00000000a4600000|100%| O|  |TAMS 0x00000000a4600000, 0x00000000a4500000| Untracked 
|  70|0x00000000a4600000, 0x00000000a4700000, 0x00000000a4700000|100%| O|  |TAMS 0x00000000a4700000, 0x00000000a4600000| Untracked 
|  71|0x00000000a4700000, 0x00000000a4800000, 0x00000000a4800000|100%| O|  |TAMS 0x00000000a4800000, 0x00000000a4700000| Untracked 
|  72|0x00000000a4800000, 0x00000000a4900000, 0x00000000a4900000|100%| O|  |TAMS 0x00000000a4900000, 0x00000000a4800000| Untracked 
|  73|0x00000000a4900000, 0x00000000a4a00000, 0x00000000a4a00000|100%|HS|  |TAMS 0x00000000a4a00000, 0x00000000a4900000| Complete 
|  74|0x00000000a4a00000, 0x00000000a4b00000, 0x00000000a4b00000|100%|HS|  |TAMS 0x00000000a4b00000, 0x00000000a4a00000| Complete 
|  75|0x00000000a4b00000, 0x00000000a4c00000, 0x00000000a4c00000|100%|HS|  |TAMS 0x00000000a4c00000, 0x00000000a4b00000| Complete 
|  76|0x00000000a4c00000, 0x00000000a4d00000, 0x00000000a4d00000|100%|HS|  |TAMS 0x00000000a4d00000, 0x00000000a4c00000| Complete 
|  77|0x00000000a4d00000, 0x00000000a4e00000, 0x00000000a4e00000|100%|HS|  |TAMS 0x00000000a4e00000, 0x00000000a4d00000| Complete 
|  78|0x00000000a4e00000, 0x00000000a4f00000, 0x00000000a4f00000|100%|HC|  |TAMS 0x00000000a4f00000, 0x00000000a4e00000| Complete 
|  79|0x00000000a4f00000, 0x00000000a5000000, 0x00000000a5000000|100%|HC|  |TAMS 0x00000000a5000000, 0x00000000a4f00000| Complete 
|  80|0x00000000a5000000, 0x00000000a5100000, 0x00000000a5100000|100%|HS|  |TAMS 0x00000000a5100000, 0x00000000a5000000| Complete 
|  81|0x00000000a5100000, 0x00000000a5200000, 0x00000000a5200000|100%|HC|  |TAMS 0x00000000a5200000, 0x00000000a5100000| Complete 
|  82|0x00000000a5200000, 0x00000000a5300000, 0x00000000a5300000|100%| O|  |TAMS 0x00000000a5300000, 0x00000000a5200000| Untracked 
|  83|0x00000000a5300000, 0x00000000a5400000, 0x00000000a5400000|100%| O|  |TAMS 0x00000000a5400000, 0x00000000a5300000| Untracked 
|  84|0x00000000a5400000, 0x00000000a5500000, 0x00000000a5500000|100%| O|  |TAMS 0x00000000a5500000, 0x00000000a5400000| Untracked 
|  85|0x00000000a5500000, 0x00000000a5600000, 0x00000000a5600000|100%| O|  |TAMS 0x00000000a5600000, 0x00000000a5500000| Untracked 
|  86|0x00000000a5600000, 0x00000000a5700000, 0x00000000a5700000|100%| O|  |TAMS 0x00000000a5700000, 0x00000000a5600000| Untracked 
|  87|0x00000000a5700000, 0x00000000a5800000, 0x00000000a5800000|100%| O|  |TAMS 0x00000000a5800000, 0x00000000a5700000| Untracked 
|  88|0x00000000a5800000, 0x00000000a5900000, 0x00000000a5900000|100%| O|  |TAMS 0x00000000a5900000, 0x00000000a5800000| Untracked 
|  89|0x00000000a5900000, 0x00000000a5a00000, 0x00000000a5a00000|100%| O|  |TAMS 0x00000000a5a00000, 0x00000000a5900000| Untracked 
|  90|0x00000000a5a00000, 0x00000000a5b00000, 0x00000000a5b00000|100%| O|  |TAMS 0x00000000a5b00000, 0x00000000a5a00000| Untracked 
|  91|0x00000000a5b00000, 0x00000000a5c00000, 0x00000000a5c00000|100%| O|  |TAMS 0x00000000a5c00000, 0x00000000a5b00000| Untracked 
|  92|0x00000000a5c00000, 0x00000000a5d00000, 0x00000000a5d00000|100%| O|  |TAMS 0x00000000a5d00000, 0x00000000a5c00000| Untracked 
|  93|0x00000000a5d00000, 0x00000000a5e00000, 0x00000000a5e00000|100%| O|  |TAMS 0x00000000a5e00000, 0x00000000a5d00000| Untracked 
|  94|0x00000000a5e00000, 0x00000000a5f00000, 0x00000000a5f00000|100%| O|  |TAMS 0x00000000a5f00000, 0x00000000a5e00000| Untracked 
|  95|0x00000000a5f00000, 0x00000000a6000000, 0x00000000a6000000|100%| O|  |TAMS 0x00000000a6000000, 0x00000000a5f00000| Untracked 
|  96|0x00000000a6000000, 0x00000000a6100000, 0x00000000a6100000|100%| O|  |TAMS 0x00000000a6100000, 0x00000000a6000000| Untracked 
|  97|0x00000000a6100000, 0x00000000a6200000, 0x00000000a6200000|100%| O|  |TAMS 0x00000000a6200000, 0x00000000a6100000| Untracked 
|  98|0x00000000a6200000, 0x00000000a6300000, 0x00000000a6300000|100%| O|  |TAMS 0x00000000a6300000, 0x00000000a6200000| Untracked 
|  99|0x00000000a6300000, 0x00000000a6400000, 0x00000000a6400000|100%| O|  |TAMS 0x00000000a6400000, 0x00000000a6300000| Untracked 
| 100|0x00000000a6400000, 0x00000000a6500000, 0x00000000a6500000|100%| O|  |TAMS 0x00000000a6500000, 0x00000000a6400000| Untracked 
| 101|0x00000000a6500000, 0x00000000a6600000, 0x00000000a6600000|100%| O|  |TAMS 0x00000000a6600000, 0x00000000a6500000| Untracked 
| 102|0x00000000a6600000, 0x00000000a6700000, 0x00000000a6700000|100%| O|  |TAMS 0x00000000a6700000, 0x00000000a6600000| Untracked 
| 103|0x00000000a6700000, 0x00000000a6800000, 0x00000000a6800000|100%| O|  |TAMS 0x00000000a6800000, 0x00000000a6700000| Untracked 
| 104|0x00000000a6800000, 0x00000000a6900000, 0x00000000a6900000|100%| O|  |TAMS 0x00000000a6900000, 0x00000000a6800000| Untracked 
| 105|0x00000000a6900000, 0x00000000a6a00000, 0x00000000a6a00000|100%| O|  |TAMS 0x00000000a6a00000, 0x00000000a6900000| Untracked 
| 106|0x00000000a6a00000, 0x00000000a6b00000, 0x00000000a6b00000|100%| O|  |TAMS 0x00000000a6b00000, 0x00000000a6a00000| Untracked 
| 107|0x00000000a6b00000, 0x00000000a6c00000, 0x00000000a6c00000|100%| O|  |TAMS 0x00000000a6c00000, 0x00000000a6b00000| Untracked 
| 108|0x00000000a6c00000, 0x00000000a6d00000, 0x00000000a6d00000|100%| O|  |TAMS 0x00000000a6d00000, 0x00000000a6c00000| Untracked 
| 109|0x00000000a6d00000, 0x00000000a6e00000, 0x00000000a6e00000|100%| O|  |TAMS 0x00000000a6e00000, 0x00000000a6d00000| Untracked 
| 110|0x00000000a6e00000, 0x00000000a6f00000, 0x00000000a6f00000|100%| O|  |TAMS 0x00000000a6f00000, 0x00000000a6e00000| Untracked 
| 111|0x00000000a6f00000, 0x00000000a7000000, 0x00000000a7000000|100%| O|  |TAMS 0x00000000a7000000, 0x00000000a6f00000| Untracked 
| 112|0x00000000a7000000, 0x00000000a7100000, 0x00000000a7100000|100%|HS|  |TAMS 0x00000000a7100000, 0x00000000a7000000| Complete 
| 113|0x00000000a7100000, 0x00000000a7200000, 0x00000000a7200000|100%|HS|  |TAMS 0x00000000a7200000, 0x00000000a7100000| Complete 
| 114|0x00000000a7200000, 0x00000000a7300000, 0x00000000a7300000|100%|HC|  |TAMS 0x00000000a7300000, 0x00000000a7200000| Complete 
| 115|0x00000000a7300000, 0x00000000a7400000, 0x00000000a7400000|100%|HS|  |TAMS 0x00000000a7400000, 0x00000000a7300000| Complete 
| 116|0x00000000a7400000, 0x00000000a7500000, 0x00000000a7500000|100%|HC|  |TAMS 0x00000000a7500000, 0x00000000a7400000| Complete 
| 117|0x00000000a7500000, 0x00000000a7600000, 0x00000000a7600000|100%|HC|  |TAMS 0x00000000a7600000, 0x00000000a7500000| Complete 
| 118|0x00000000a7600000, 0x00000000a7700000, 0x00000000a7700000|100%|HS|  |TAMS 0x00000000a7700000, 0x00000000a7600000| Complete 
| 119|0x00000000a7700000, 0x00000000a7800000, 0x00000000a7800000|100%|HC|  |TAMS 0x00000000a7800000, 0x00000000a7700000| Complete 
| 120|0x00000000a7800000, 0x00000000a7900000, 0x00000000a7900000|100%|HC|  |TAMS 0x00000000a7900000, 0x00000000a7800000| Complete 
| 121|0x00000000a7900000, 0x00000000a7a00000, 0x00000000a7a00000|100%|HS|  |TAMS 0x00000000a7a00000, 0x00000000a7900000| Complete 
| 122|0x00000000a7a00000, 0x00000000a7b00000, 0x00000000a7b00000|100%|HC|  |TAMS 0x00000000a7b00000, 0x00000000a7a00000| Complete 
| 123|0x00000000a7b00000, 0x00000000a7c00000, 0x00000000a7c00000|100%|HC|  |TAMS 0x00000000a7c00000, 0x00000000a7b00000| Complete 
| 124|0x00000000a7c00000, 0x00000000a7d00000, 0x00000000a7d00000|100%|HC|  |TAMS 0x00000000a7d00000, 0x00000000a7c00000| Complete 
| 125|0x00000000a7d00000, 0x00000000a7e00000, 0x00000000a7e00000|100%|HS|  |TAMS 0x00000000a7e00000, 0x00000000a7d00000| Complete 
| 126|0x00000000a7e00000, 0x00000000a7f00000, 0x00000000a7f00000|100%|HC|  |TAMS 0x00000000a7f00000, 0x00000000a7e00000| Complete 
| 127|0x00000000a7f00000, 0x00000000a8000000, 0x00000000a8000000|100%|HC|  |TAMS 0x00000000a8000000, 0x00000000a7f00000| Complete 
| 128|0x00000000a8000000, 0x00000000a8100000, 0x00000000a8100000|100%|HC|  |TAMS 0x00000000a8100000, 0x00000000a8000000| Complete 
| 129|0x00000000a8100000, 0x00000000a8200000, 0x00000000a8200000|100%|HC|  |TAMS 0x00000000a8200000, 0x00000000a8100000| Complete 
| 130|0x00000000a8200000, 0x00000000a8300000, 0x00000000a8300000|100%|HS|  |TAMS 0x00000000a8300000, 0x00000000a8200000| Complete 
| 131|0x00000000a8300000, 0x00000000a8400000, 0x00000000a8400000|100%| O|  |TAMS 0x00000000a8400000, 0x00000000a8300000| Untracked 
| 132|0x00000000a8400000, 0x00000000a8500000, 0x00000000a8500000|100%| O|  |TAMS 0x00000000a8500000, 0x00000000a8400000| Untracked 
| 133|0x00000000a8500000, 0x00000000a8600000, 0x00000000a8600000|100%| O|  |TAMS 0x00000000a8600000, 0x00000000a8500000| Untracked 
| 134|0x00000000a8600000, 0x00000000a8700000, 0x00000000a8700000|100%| O|  |TAMS 0x00000000a8700000, 0x00000000a8600000| Untracked 
| 135|0x00000000a8700000, 0x00000000a8800000, 0x00000000a8800000|100%| O|  |TAMS 0x00000000a8800000, 0x00000000a8700000| Untracked 
| 136|0x00000000a8800000, 0x00000000a8900000, 0x00000000a8900000|100%| O|  |TAMS 0x00000000a8900000, 0x00000000a8800000| Untracked 
| 137|0x00000000a8900000, 0x00000000a898d600, 0x00000000a8a00000| 55%| O|  |TAMS 0x00000000a898d600, 0x00000000a8900000| Untracked 
| 138|0x00000000a8a00000, 0x00000000a8a00000, 0x00000000a8b00000|  0%| F|  |TAMS 0x00000000a8a00000, 0x00000000a8a00000| Untracked 
| 139|0x00000000a8b00000, 0x00000000a8b00000, 0x00000000a8c00000|  0%| F|  |TAMS 0x00000000a8b00000, 0x00000000a8b00000| Untracked 
| 140|0x00000000a8c00000, 0x00000000a8c00000, 0x00000000a8d00000|  0%| F|  |TAMS 0x00000000a8c00000, 0x00000000a8c00000| Untracked 
| 141|0x00000000a8d00000, 0x00000000a8d00000, 0x00000000a8e00000|  0%| F|  |TAMS 0x00000000a8d00000, 0x00000000a8d00000| Untracked 
| 142|0x00000000a8e00000, 0x00000000a8e00000, 0x00000000a8f00000|  0%| F|  |TAMS 0x00000000a8e00000, 0x00000000a8e00000| Untracked 
| 143|0x00000000a8f00000, 0x00000000a8f00000, 0x00000000a9000000|  0%| F|  |TAMS 0x00000000a8f00000, 0x00000000a8f00000| Untracked 
| 144|0x00000000a9000000, 0x00000000a9000000, 0x00000000a9100000|  0%| F|  |TAMS 0x00000000a9000000, 0x00000000a9000000| Untracked 
| 145|0x00000000a9100000, 0x00000000a9100000, 0x00000000a9200000|  0%| F|  |TAMS 0x00000000a9100000, 0x00000000a9100000| Untracked 
| 146|0x00000000a9200000, 0x00000000a9200000, 0x00000000a9300000|  0%| F|  |TAMS 0x00000000a9200000, 0x00000000a9200000| Untracked 
| 147|0x00000000a9300000, 0x00000000a9300000, 0x00000000a9400000|  0%| F|  |TAMS 0x00000000a9300000, 0x00000000a9300000| Untracked 
| 148|0x00000000a9400000, 0x00000000a9400000, 0x00000000a9500000|  0%| F|  |TAMS 0x00000000a9400000, 0x00000000a9400000| Untracked 
| 149|0x00000000a9500000, 0x00000000a9500000, 0x00000000a9600000|  0%| F|  |TAMS 0x00000000a9500000, 0x00000000a9500000| Untracked 
| 150|0x00000000a9600000, 0x00000000a9600000, 0x00000000a9700000|  0%| F|  |TAMS 0x00000000a9600000, 0x00000000a9600000| Untracked 
| 151|0x00000000a9700000, 0x00000000a9700000, 0x00000000a9800000|  0%| F|  |TAMS 0x00000000a9700000, 0x00000000a9700000| Untracked 
| 152|0x00000000a9800000, 0x00000000a9900000, 0x00000000a9900000|100%| O|  |TAMS 0x00000000a9900000, 0x00000000a9800000| Untracked 
| 153|0x00000000a9900000, 0x00000000a9900000, 0x00000000a9a00000|  0%| F|  |TAMS 0x00000000a9900000, 0x00000000a9900000| Untracked 
| 154|0x00000000a9a00000, 0x00000000a9a00000, 0x00000000a9b00000|  0%| F|  |TAMS 0x00000000a9a00000, 0x00000000a9a00000| Untracked 
| 155|0x00000000a9b00000, 0x00000000a9c00000, 0x00000000a9c00000|100%| O|  |TAMS 0x00000000a9c00000, 0x00000000a9b00000| Untracked 
| 156|0x00000000a9c00000, 0x00000000a9d00000, 0x00000000a9d00000|100%| O|  |TAMS 0x00000000a9d00000, 0x00000000a9c00000| Untracked 
| 157|0x00000000a9d00000, 0x00000000a9e00000, 0x00000000a9e00000|100%| O|  |TAMS 0x00000000a9e00000, 0x00000000a9d00000| Untracked 
| 158|0x00000000a9e00000, 0x00000000a9f00000, 0x00000000a9f00000|100%| O|  |TAMS 0x00000000a9f00000, 0x00000000a9e00000| Untracked 
| 159|0x00000000a9f00000, 0x00000000aa000000, 0x00000000aa000000|100%| O|  |TAMS 0x00000000aa000000, 0x00000000a9f00000| Untracked 
| 160|0x00000000aa000000, 0x00000000aa100000, 0x00000000aa100000|100%| O|  |TAMS 0x00000000aa100000, 0x00000000aa000000| Untracked 
| 161|0x00000000aa100000, 0x00000000aa100000, 0x00000000aa200000|  0%| F|  |TAMS 0x00000000aa100000, 0x00000000aa100000| Untracked 
| 162|0x00000000aa200000, 0x00000000aa200000, 0x00000000aa300000|  0%| F|  |TAMS 0x00000000aa200000, 0x00000000aa200000| Untracked 
| 163|0x00000000aa300000, 0x00000000aa300000, 0x00000000aa400000|  0%| F|  |TAMS 0x00000000aa300000, 0x00000000aa300000| Untracked 
| 164|0x00000000aa400000, 0x00000000aa400000, 0x00000000aa500000|  0%| F|  |TAMS 0x00000000aa400000, 0x00000000aa400000| Untracked 
| 165|0x00000000aa500000, 0x00000000aa500000, 0x00000000aa600000|  0%| F|  |TAMS 0x00000000aa500000, 0x00000000aa500000| Untracked 
| 166|0x00000000aa600000, 0x00000000aa600000, 0x00000000aa700000|  0%| F|  |TAMS 0x00000000aa600000, 0x00000000aa600000| Untracked 
| 167|0x00000000aa700000, 0x00000000aa700000, 0x00000000aa800000|  0%| F|  |TAMS 0x00000000aa700000, 0x00000000aa700000| Untracked 
| 168|0x00000000aa800000, 0x00000000aa800000, 0x00000000aa900000|  0%| F|  |TAMS 0x00000000aa800000, 0x00000000aa800000| Untracked 
| 169|0x00000000aa900000, 0x00000000aa900000, 0x00000000aaa00000|  0%| F|  |TAMS 0x00000000aa900000, 0x00000000aa900000| Untracked 
| 170|0x00000000aaa00000, 0x00000000aaa00000, 0x00000000aab00000|  0%| F|  |TAMS 0x00000000aaa00000, 0x00000000aaa00000| Untracked 
| 171|0x00000000aab00000, 0x00000000aab00000, 0x00000000aac00000|  0%| F|  |TAMS 0x00000000aab00000, 0x00000000aab00000| Untracked 
| 172|0x00000000aac00000, 0x00000000aac00000, 0x00000000aad00000|  0%| F|  |TAMS 0x00000000aac00000, 0x00000000aac00000| Untracked 
| 173|0x00000000aad00000, 0x00000000aad00000, 0x00000000aae00000|  0%| F|  |TAMS 0x00000000aad00000, 0x00000000aad00000| Untracked 
| 174|0x00000000aae00000, 0x00000000aae00000, 0x00000000aaf00000|  0%| F|  |TAMS 0x00000000aae00000, 0x00000000aae00000| Untracked 
| 175|0x00000000aaf00000, 0x00000000aaf00000, 0x00000000ab000000|  0%| F|  |TAMS 0x00000000aaf00000, 0x00000000aaf00000| Untracked 
| 176|0x00000000ab000000, 0x00000000ab000000, 0x00000000ab100000|  0%| F|  |TAMS 0x00000000ab000000, 0x00000000ab000000| Untracked 
| 177|0x00000000ab100000, 0x00000000ab100000, 0x00000000ab200000|  0%| F|  |TAMS 0x00000000ab100000, 0x00000000ab100000| Untracked 
| 178|0x00000000ab200000, 0x00000000ab200000, 0x00000000ab300000|  0%| F|  |TAMS 0x00000000ab200000, 0x00000000ab200000| Untracked 
| 179|0x00000000ab300000, 0x00000000ab300000, 0x00000000ab400000|  0%| F|  |TAMS 0x00000000ab300000, 0x00000000ab300000| Untracked 
| 180|0x00000000ab400000, 0x00000000ab400000, 0x00000000ab500000|  0%| F|  |TAMS 0x00000000ab400000, 0x00000000ab400000| Untracked 
| 181|0x00000000ab500000, 0x00000000ab500000, 0x00000000ab600000|  0%| F|  |TAMS 0x00000000ab500000, 0x00000000ab500000| Untracked 
| 182|0x00000000ab600000, 0x00000000ab600000, 0x00000000ab700000|  0%| F|  |TAMS 0x00000000ab600000, 0x00000000ab600000| Untracked 
| 183|0x00000000ab700000, 0x00000000ab700000, 0x00000000ab800000|  0%| F|  |TAMS 0x00000000ab700000, 0x00000000ab700000| Untracked 
| 184|0x00000000ab800000, 0x00000000ab800000, 0x00000000ab900000|  0%| F|  |TAMS 0x00000000ab800000, 0x00000000ab800000| Untracked 
| 185|0x00000000ab900000, 0x00000000ab900000, 0x00000000aba00000|  0%| F|  |TAMS 0x00000000ab900000, 0x00000000ab900000| Untracked 
| 186|0x00000000aba00000, 0x00000000aba00000, 0x00000000abb00000|  0%| F|  |TAMS 0x00000000aba00000, 0x00000000aba00000| Untracked 
| 187|0x00000000abb00000, 0x00000000abb00000, 0x00000000abc00000|  0%| F|  |TAMS 0x00000000abb00000, 0x00000000abb00000| Untracked 
| 188|0x00000000abc00000, 0x00000000abc00000, 0x00000000abd00000|  0%| F|  |TAMS 0x00000000abc00000, 0x00000000abc00000| Untracked 
| 189|0x00000000abd00000, 0x00000000abd00000, 0x00000000abe00000|  0%| F|  |TAMS 0x00000000abd00000, 0x00000000abd00000| Untracked 
| 190|0x00000000abe00000, 0x00000000abe00000, 0x00000000abf00000|  0%| F|  |TAMS 0x00000000abe00000, 0x00000000abe00000| Untracked 
| 191|0x00000000abf00000, 0x00000000abf00000, 0x00000000ac000000|  0%| F|  |TAMS 0x00000000abf00000, 0x00000000abf00000| Untracked 
| 192|0x00000000ac000000, 0x00000000ac000000, 0x00000000ac100000|  0%| F|  |TAMS 0x00000000ac000000, 0x00000000ac000000| Untracked 
| 193|0x00000000ac100000, 0x00000000ac100000, 0x00000000ac200000|  0%| F|  |TAMS 0x00000000ac100000, 0x00000000ac100000| Untracked 
| 194|0x00000000ac200000, 0x00000000ac200000, 0x00000000ac300000|  0%| F|  |TAMS 0x00000000ac200000, 0x00000000ac200000| Untracked 
| 195|0x00000000ac300000, 0x00000000ac300000, 0x00000000ac400000|  0%| F|  |TAMS 0x00000000ac300000, 0x00000000ac300000| Untracked 
| 196|0x00000000ac400000, 0x00000000ac4851e0, 0x00000000ac500000| 51%| S|CS|TAMS 0x00000000ac400000, 0x00000000ac400000| Complete 
| 197|0x00000000ac500000, 0x00000000ac600000, 0x00000000ac600000|100%| S|CS|TAMS 0x00000000ac500000, 0x00000000ac500000| Complete 
| 198|0x00000000ac600000, 0x00000000ac700000, 0x00000000ac700000|100%| S|CS|TAMS 0x00000000ac600000, 0x00000000ac600000| Complete 
| 199|0x00000000ac700000, 0x00000000ac700000, 0x00000000ac800000|  0%| F|  |TAMS 0x00000000ac700000, 0x00000000ac700000| Untracked 
| 200|0x00000000ac800000, 0x00000000ac800000, 0x00000000ac900000|  0%| F|  |TAMS 0x00000000ac800000, 0x00000000ac800000| Untracked 
| 201|0x00000000ac900000, 0x00000000ac900000, 0x00000000aca00000|  0%| F|  |TAMS 0x00000000ac900000, 0x00000000ac900000| Untracked 
| 202|0x00000000aca00000, 0x00000000aca00000, 0x00000000acb00000|  0%| F|  |TAMS 0x00000000aca00000, 0x00000000aca00000| Untracked 
| 203|0x00000000acb00000, 0x00000000acb00000, 0x00000000acc00000|  0%| F|  |TAMS 0x00000000acb00000, 0x00000000acb00000| Untracked 
| 204|0x00000000acc00000, 0x00000000acc00000, 0x00000000acd00000|  0%| F|  |TAMS 0x00000000acc00000, 0x00000000acc00000| Untracked 
| 205|0x00000000acd00000, 0x00000000acd00000, 0x00000000ace00000|  0%| F|  |TAMS 0x00000000acd00000, 0x00000000acd00000| Untracked 
| 206|0x00000000ace00000, 0x00000000ace00000, 0x00000000acf00000|  0%| F|  |TAMS 0x00000000ace00000, 0x00000000ace00000| Untracked 
| 207|0x00000000acf00000, 0x00000000acf00000, 0x00000000ad000000|  0%| F|  |TAMS 0x00000000acf00000, 0x00000000acf00000| Untracked 
| 208|0x00000000ad000000, 0x00000000ad000000, 0x00000000ad100000|  0%| F|  |TAMS 0x00000000ad000000, 0x00000000ad000000| Untracked 
| 209|0x00000000ad100000, 0x00000000ad100000, 0x00000000ad200000|  0%| F|  |TAMS 0x00000000ad100000, 0x00000000ad100000| Untracked 
| 210|0x00000000ad200000, 0x00000000ad280800, 0x00000000ad300000| 50%| E|  |TAMS 0x00000000ad200000, 0x00000000ad200000| Complete 
| 211|0x00000000ad300000, 0x00000000ad400000, 0x00000000ad400000|100%| E|CS|TAMS 0x00000000ad300000, 0x00000000ad300000| Complete 
| 212|0x00000000ad400000, 0x00000000ad500000, 0x00000000ad500000|100%| E|CS|TAMS 0x00000000ad400000, 0x00000000ad400000| Complete 
| 213|0x00000000ad500000, 0x00000000ad600000, 0x00000000ad600000|100%| E|CS|TAMS 0x00000000ad500000, 0x00000000ad500000| Complete 
| 214|0x00000000ad600000, 0x00000000ad700000, 0x00000000ad700000|100%| E|CS|TAMS 0x00000000ad600000, 0x00000000ad600000| Complete 
| 215|0x00000000ad700000, 0x00000000ad800000, 0x00000000ad800000|100%| E|CS|TAMS 0x00000000ad700000, 0x00000000ad700000| Complete 
| 216|0x00000000ad800000, 0x00000000ad900000, 0x00000000ad900000|100%| E|CS|TAMS 0x00000000ad800000, 0x00000000ad800000| Complete 
| 217|0x00000000ad900000, 0x00000000ada00000, 0x00000000ada00000|100%| E|CS|TAMS 0x00000000ad900000, 0x00000000ad900000| Complete 
| 218|0x00000000ada00000, 0x00000000adb00000, 0x00000000adb00000|100%| E|CS|TAMS 0x00000000ada00000, 0x00000000ada00000| Complete 
| 219|0x00000000adb00000, 0x00000000adc00000, 0x00000000adc00000|100%| E|CS|TAMS 0x00000000adb00000, 0x00000000adb00000| Complete 
| 220|0x00000000adc00000, 0x00000000add00000, 0x00000000add00000|100%| E|CS|TAMS 0x00000000adc00000, 0x00000000adc00000| Complete 
| 221|0x00000000add00000, 0x00000000ade00000, 0x00000000ade00000|100%| E|CS|TAMS 0x00000000add00000, 0x00000000add00000| Complete 
| 222|0x00000000ade00000, 0x00000000adf00000, 0x00000000adf00000|100%| E|CS|TAMS 0x00000000ade00000, 0x00000000ade00000| Complete 
| 223|0x00000000adf00000, 0x00000000ae000000, 0x00000000ae000000|100%| E|CS|TAMS 0x00000000adf00000, 0x00000000adf00000| Complete 
| 224|0x00000000ae000000, 0x00000000ae100000, 0x00000000ae100000|100%| E|CS|TAMS 0x00000000ae000000, 0x00000000ae000000| Complete 
| 225|0x00000000ae100000, 0x00000000ae200000, 0x00000000ae200000|100%| E|CS|TAMS 0x00000000ae100000, 0x00000000ae100000| Complete 
| 226|0x00000000ae200000, 0x00000000ae300000, 0x00000000ae300000|100%| E|CS|TAMS 0x00000000ae200000, 0x00000000ae200000| Complete 
| 227|0x00000000ae300000, 0x00000000ae400000, 0x00000000ae400000|100%| E|CS|TAMS 0x00000000ae300000, 0x00000000ae300000| Complete 
| 228|0x00000000ae400000, 0x00000000ae500000, 0x00000000ae500000|100%| E|CS|TAMS 0x00000000ae400000, 0x00000000ae400000| Complete 
| 229|0x00000000ae500000, 0x00000000ae600000, 0x00000000ae600000|100%| E|CS|TAMS 0x00000000ae500000, 0x00000000ae500000| Complete 
| 230|0x00000000ae600000, 0x00000000ae700000, 0x00000000ae700000|100%| E|CS|TAMS 0x00000000ae600000, 0x00000000ae600000| Complete 
| 231|0x00000000ae700000, 0x00000000ae800000, 0x00000000ae800000|100%| E|CS|TAMS 0x00000000ae700000, 0x00000000ae700000| Complete 
| 232|0x00000000ae800000, 0x00000000ae900000, 0x00000000ae900000|100%| E|CS|TAMS 0x00000000ae800000, 0x00000000ae800000| Complete 

Card table byte_map: [0x000002437de90000,0x000002437e190000] _byte_map_base: 0x000002437d990000

Marking Bits (Prev, Next): (CMBitMap*) 0x000002436aa71bf8, (CMBitMap*) 0x000002436aa71c30
 Prev Bits: [0x000002437e490000, 0x000002437fc90000)
 Next Bits: [0x0000024300000000, 0x0000024301800000)

Polling page: 0x0000024369130000

Metaspace:

Usage:
  Non-class:     81.91 MB capacity,    80.37 MB ( 98%) used,     1.30 MB (  2%) free+waste,   236.81 KB ( <1%) overhead. 
      Class:     12.36 MB capacity,    11.59 MB ( 94%) used,   680.27 KB (  5%) free+waste,   108.50 KB ( <1%) overhead. 
       Both:     94.26 MB capacity,    91.96 MB ( 98%) used,     1.97 MB (  2%) free+waste,   345.31 KB ( <1%) overhead. 

Virtual space:
  Non-class space:       82.00 MB reserved,      81.92 MB (>99%) committed 
      Class space:        1.00 GB reserved,      12.38 MB (  1%) committed 
             Both:        1.08 GB reserved,      94.30 MB (  9%) committed 

Chunk freelists:
   Non-Class:  17.00 KB
       Class:  19.00 KB
        Both:  36.00 KB

MaxMetaspaceSize: 17179869184.00 GB
CompressedClassSpaceSize: 1.00 GB
Initial GC threshold: 20.80 MB
Current GC threshold: 145.70 MB
CDS: off

CodeHeap 'non-profiled nmethods': size=120064Kb used=5688Kb max_used=5688Kb free=114375Kb
 bounds [0x0000024376020000, 0x00000243765b0000, 0x000002437d560000]
CodeHeap 'profiled nmethods': size=120000Kb used=19699Kb max_used=19699Kb free=100300Kb
 bounds [0x000002436eaf0000, 0x000002436fe30000, 0x0000024376020000]
CodeHeap 'non-nmethods': size=5696Kb used=2381Kb max_used=2427Kb free=3314Kb
 bounds [0x000002436e560000, 0x000002436e7d0000, 0x000002436eaf0000]
 total_blobs=9770 nmethods=8868 adapters=814
 compilation: enabled
              stopped_count=0, restarted_count=0
 full_count=0

Compilation events (20 events):
Event: 16.534 Thread 0x0000024303ae8800 8900       3       org.gradle.internal.instantiation.generator.AsmBackedClassGenerator$ClassBuilderImpl::addActionMethod (265 bytes)
Event: 16.536 Thread 0x0000024303ae8800 nmethod 8900 0x000002436fe15410 code [0x000002436fe15800, 0x000002436fe17178]
Event: 16.536 Thread 0x0000024303ae8800 8901       3       org.gradle.util.internal.CollectionUtils::collectArray (17 bytes)
Event: 16.536 Thread 0x0000024303ae8800 nmethod 8901 0x000002436fe17a90 code [0x000002436fe17c60, 0x000002436fe17ef8]
Event: 16.546 Thread 0x0000024303ae8800 8904       3       org.gradle.api.internal.file.AbstractFileResolver::validate (184 bytes)
Event: 16.548 Thread 0x0000024303ae8800 nmethod 8904 0x000002436fe18090 code [0x000002436fe18720, 0x000002436fe1bd98]
Event: 16.562 Thread 0x0000024303ae8800 8906       3       org.gradle.internal.reflect.MethodSet::add (50 bytes)
Event: 16.563 Thread 0x0000024303ae8800 nmethod 8906 0x000002436fe1cf10 code [0x000002436fe1d140, 0x000002436fe1d9b8]
Event: 16.563 Thread 0x0000024303ae8800 8910       3       java.util.HashMap::putVal (300 bytes)
Event: 16.564 Thread 0x0000024303ae8800 nmethod 8910 0x000002436fe1dc90 code [0x000002436fe1df60, 0x000002436fe1f098]
Event: 16.564 Thread 0x0000024303ae8800 8909       3       java.util.HashMap::getNode (148 bytes)
Event: 16.564 Thread 0x0000024303ae8800 nmethod 8909 0x000002436fe1f590 code [0x000002436fe1f7e0, 0x000002436fe202a8]
Event: 16.564 Thread 0x0000024303ae8800 8911       3       java.util.HashMap::resize (356 bytes)
Event: 16.565 Thread 0x0000024303ae8800 nmethod 8911 0x000002436fe20590 code [0x000002436fe20860, 0x000002436fe21c08]
Event: 16.565 Thread 0x0000024303ae8800 8907       3       java.util.HashMap::put (13 bytes)
Event: 16.566 Thread 0x0000024303ae8800 nmethod 8907 0x000002436fe22090 code [0x000002436fe22260, 0x000002436fe22558]
Event: 16.566 Thread 0x0000024303ae8800 8908       3       java.util.LinkedHashMap::get (33 bytes)
Event: 16.566 Thread 0x0000024303ae8800 nmethod 8908 0x000002436fe22690 code [0x000002436fe22880, 0x000002436fe22ca8]
Event: 16.572 Thread 0x0000024303ae8800 8913       3       com.sun.proxy.$Proxy16::<init> (6 bytes)
Event: 16.573 Thread 0x0000024303ae8800 nmethod 8913 0x000002436fe22e10 code [0x000002436fe22fe0, 0x000002436fe23368]

GC Heap History (20 events):
Event: 14.372 GC heap before
{Heap before GC invocations=49 (full 0):
 garbage-first heap   total 164864K, used 154160K [0x00000000a0000000, 0x0000000100000000)
  region size 1024K, 8 young (8192K), 1 survivors (1024K)
 Metaspace       used 83372K, capacity 85547K, committed 85808K, reserved 1124352K
  class space    used 10529K, capacity 11263K, committed 11392K, reserved 1048576K
}
Event: 14.374 GC heap after
{Heap after GC invocations=50 (full 0):
 garbage-first heap   total 164864K, used 147273K [0x00000000a0000000, 0x0000000100000000)
  region size 1024K, 1 young (1024K), 1 survivors (1024K)
 Metaspace       used 83372K, capacity 85547K, committed 85808K, reserved 1124352K
  class space    used 10529K, capacity 11263K, committed 11392K, reserved 1048576K
}
Event: 14.395 GC heap before
{Heap before GC invocations=50 (full 0):
 garbage-first heap   total 164864K, used 154441K [0x00000000a0000000, 0x0000000100000000)
  region size 1024K, 8 young (8192K), 1 survivors (1024K)
 Metaspace       used 83499K, capacity 85707K, committed 86064K, reserved 1124352K
  class space    used 10549K, capacity 11295K, committed 11392K, reserved 1048576K
}
Event: 14.397 GC heap after
{Heap after GC invocations=51 (full 0):
 garbage-first heap   total 164864K, used 147221K [0x00000000a0000000, 0x0000000100000000)
  region size 1024K, 1 young (1024K), 1 survivors (1024K)
 Metaspace       used 83499K, capacity 85707K, committed 86064K, reserved 1124352K
  class space    used 10549K, capacity 11295K, committed 11392K, reserved 1048576K
}
Event: 14.426 GC heap before
{Heap before GC invocations=51 (full 0):
 garbage-first heap   total 164864K, used 154389K [0x00000000a0000000, 0x0000000100000000)
  region size 1024K, 8 young (8192K), 1 survivors (1024K)
 Metaspace       used 83713K, capacity 85931K, committed 86064K, reserved 1124352K
  class space    used 10573K, capacity 11327K, committed 11392K, reserved 1048576K
}
Event: 14.428 GC heap after
{Heap after GC invocations=52 (full 0):
 garbage-first heap   total 164864K, used 147289K [0x00000000a0000000, 0x0000000100000000)
  region size 1024K, 1 young (1024K), 1 survivors (1024K)
 Metaspace       used 83713K, capacity 85931K, committed 86064K, reserved 1124352K
  class space    used 10573K, capacity 11327K, committed 11392K, reserved 1048576K
}
Event: 14.662 GC heap before
{Heap before GC invocations=53 (full 0):
 garbage-first heap   total 164864K, used 154457K [0x00000000a0000000, 0x0000000100000000)
  region size 1024K, 8 young (8192K), 1 survivors (1024K)
 Metaspace       used 83911K, capacity 86123K, committed 86320K, reserved 1124352K
  class space    used 10593K, capacity 11327K, committed 11392K, reserved 1048576K
}
Event: 14.665 GC heap after
{Heap after GC invocations=54 (full 0):
 garbage-first heap   total 164864K, used 147318K [0x00000000a0000000, 0x0000000100000000)
  region size 1024K, 1 young (1024K), 1 survivors (1024K)
 Metaspace       used 83911K, capacity 86123K, committed 86320K, reserved 1124352K
  class space    used 10593K, capacity 11327K, committed 11392K, reserved 1048576K
}
Event: 14.690 GC heap before
{Heap before GC invocations=54 (full 0):
 garbage-first heap   total 164864K, used 153462K [0x00000000a0000000, 0x0000000100000000)
  region size 1024K, 8 young (8192K), 1 survivors (1024K)
 Metaspace       used 84149K, capacity 86379K, committed 86704K, reserved 1124352K
  class space    used 10629K, capacity 11391K, committed 11520K, reserved 1048576K
}
Event: 14.693 GC heap after
{Heap after GC invocations=55 (full 0):
 garbage-first heap   total 198656K, used 147396K [0x00000000a0000000, 0x0000000100000000)
  region size 1024K, 1 young (1024K), 1 survivors (1024K)
 Metaspace       used 84149K, capacity 86379K, committed 86704K, reserved 1124352K
  class space    used 10629K, capacity 11391K, committed 11520K, reserved 1048576K
}
Event: 14.890 GC heap before
{Heap before GC invocations=55 (full 0):
 garbage-first heap   total 198656K, used 164804K [0x00000000a0000000, 0x0000000100000000)
  region size 1024K, 18 young (18432K), 1 survivors (1024K)
 Metaspace       used 84563K, capacity 86736K, committed 86960K, reserved 1124352K
  class space    used 10690K, capacity 11440K, committed 11520K, reserved 1048576K
}
Event: 14.894 GC heap after
{Heap after GC invocations=56 (full 0):
 garbage-first heap   total 198656K, used 148036K [0x00000000a0000000, 0x0000000100000000)
  region size 1024K, 2 young (2048K), 2 survivors (2048K)
 Metaspace       used 84563K, capacity 86736K, committed 86960K, reserved 1124352K
  class space    used 10690K, capacity 11440K, committed 11520K, reserved 1048576K
}
Event: 15.177 GC heap before
{Heap before GC invocations=57 (full 0):
 garbage-first heap   total 198656K, used 165444K [0x00000000a0000000, 0x0000000100000000)
  region size 1024K, 19 young (19456K), 2 survivors (2048K)
 Metaspace       used 85419K, capacity 87651K, committed 87856K, reserved 1126400K
  class space    used 10811K, capacity 11573K, committed 11648K, reserved 1048576K
}
Event: 15.182 GC heap after
{Heap after GC invocations=58 (full 0):
 garbage-first heap   total 198656K, used 148929K [0x00000000a0000000, 0x0000000100000000)
  region size 1024K, 2 young (2048K), 2 survivors (2048K)
 Metaspace       used 85419K, capacity 87651K, committed 87856K, reserved 1126400K
  class space    used 10811K, capacity 11573K, committed 11648K, reserved 1048576K
}
Event: 15.288 GC heap before
{Heap before GC invocations=58 (full 0):
 garbage-first heap   total 198656K, used 167361K [0x00000000a0000000, 0x0000000100000000)
  region size 1024K, 20 young (20480K), 2 survivors (2048K)
 Metaspace       used 85905K, capacity 88163K, committed 88368K, reserved 1126400K
  class space    used 10868K, capacity 11637K, committed 11648K, reserved 1048576K
}
Event: 15.292 GC heap after
{Heap after GC invocations=59 (full 0):
 garbage-first heap   total 198656K, used 149037K [0x00000000a0000000, 0x0000000100000000)
  region size 1024K, 1 young (1024K), 1 survivors (1024K)
 Metaspace       used 85905K, capacity 88163K, committed 88368K, reserved 1126400K
  class space    used 10868K, capacity 11637K, committed 11648K, reserved 1048576K
}
Event: 15.404 GC heap before
{Heap before GC invocations=59 (full 0):
 garbage-first heap   total 198656K, used 168493K [0x00000000a0000000, 0x0000000100000000)
  region size 1024K, 20 young (20480K), 1 survivors (1024K)
 Metaspace       used 86822K, capacity 89129K, committed 89264K, reserved 1126400K
  class space    used 10990K, capacity 11766K, committed 11776K, reserved 1048576K
}
Event: 15.407 GC heap after
{Heap after GC invocations=60 (full 0):
 garbage-first heap   total 238592K, used 149096K [0x00000000a0000000, 0x0000000100000000)
  region size 1024K, 2 young (2048K), 2 survivors (2048K)
 Metaspace       used 86822K, capacity 89129K, committed 89264K, reserved 1126400K
  class space    used 10990K, capacity 11766K, committed 11776K, reserved 1048576K
}
Event: 16.141 GC heap before
{Heap before GC invocations=61 (full 0):
 garbage-first heap   total 238592K, used 183912K [0x00000000a0000000, 0x0000000100000000)
  region size 1024K, 36 young (36864K), 2 survivors (2048K)
 Metaspace       used 91715K, capacity 94015K, committed 94256K, reserved 1130496K
  class space    used 11578K, capacity 12335K, committed 12416K, reserved 1048576K
}
Event: 16.146 GC heap after
{Heap after GC invocations=62 (full 0):
 garbage-first heap   total 238592K, used 150601K [0x00000000a0000000, 0x0000000100000000)
  region size 1024K, 3 young (3072K), 3 survivors (3072K)
 Metaspace       used 91715K, capacity 94015K, committed 94256K, reserved 1130496K
  class space    used 11578K, capacity 12335K, committed 12416K, reserved 1048576K
}

Deoptimization events (20 events):
Event: 16.562 Thread 0x000002430773d800 Uncommon trap: trap_request=0xffffff4d fr.pc=0x0000024376299a80 relative=0x0000000000000700
Event: 16.562 Thread 0x000002430773d800 Uncommon trap: reason=unstable_if action=reinterpret pc=0x0000024376299a80 method=java.util.HashMap.putVal(ILjava/lang/Object;Ljava/lang/Object;ZZ)Ljava/lang/Object; @ 109 c2
Event: 16.562 Thread 0x000002430773d800 DEOPT PACKING pc=0x0000024376299a80 sp=0x0000004fcd8f5460
Event: 16.562 Thread 0x000002430773d800 DEOPT UNPACKING pc=0x000002436e5aa1af sp=0x0000004fcd8f5390 mode 2
Event: 16.562 Thread 0x000002430773d800 Uncommon trap: trap_request=0xffffff4d fr.pc=0x00000243763ed214 relative=0x00000000000002d4
Event: 16.562 Thread 0x000002430773d800 Uncommon trap: reason=unstable_if action=reinterpret pc=0x00000243763ed214 method=java.util.HashMap.getNode(ILjava/lang/Object;)Ljava/util/HashMap$Node; @ 84 c2
Event: 16.562 Thread 0x000002430773d800 DEOPT PACKING pc=0x00000243763ed214 sp=0x0000004fcd8f5490
Event: 16.562 Thread 0x000002430773d800 DEOPT UNPACKING pc=0x000002436e5aa1af sp=0x0000004fcd8f53b0 mode 2
Event: 16.562 Thread 0x000002430773d800 Uncommon trap: trap_request=0xffffff4d fr.pc=0x0000024376310d0c relative=0x000000000000068c
Event: 16.562 Thread 0x000002430773d800 Uncommon trap: reason=unstable_if action=reinterpret pc=0x0000024376310d0c method=java.util.HashMap.putVal(ILjava/lang/Object;Ljava/lang/Object;ZZ)Ljava/lang/Object; @ 109 c2
Event: 16.562 Thread 0x000002430773d800 DEOPT PACKING pc=0x0000024376310d0c sp=0x0000004fcd8f53d0
Event: 16.562 Thread 0x000002430773d800 DEOPT UNPACKING pc=0x000002436e5aa1af sp=0x0000004fcd8f5388 mode 2
Event: 16.562 Thread 0x000002430773d800 Uncommon trap: trap_request=0xffffff4d fr.pc=0x0000024376091434 relative=0x0000000000000a34
Event: 16.562 Thread 0x000002430773d800 Uncommon trap: reason=unstable_if action=reinterpret pc=0x0000024376091434 method=java.util.HashMap.resize()[Ljava/util/HashMap$Node; @ 203 c2
Event: 16.562 Thread 0x000002430773d800 DEOPT PACKING pc=0x0000024376091434 sp=0x0000004fcd8f5310
Event: 16.562 Thread 0x000002430773d800 DEOPT UNPACKING pc=0x000002436e5aa1af sp=0x0000004fcd8f52c8 mode 2
Event: 16.562 Thread 0x000002430773d800 Uncommon trap: trap_request=0xffffff4d fr.pc=0x00000243763ad774 relative=0x00000000000001b4
Event: 16.562 Thread 0x000002430773d800 Uncommon trap: reason=unstable_if action=reinterpret pc=0x00000243763ad774 method=java.util.HashMap.getNode(ILjava/lang/Object;)Ljava/util/HashMap$Node; @ 84 c2
Event: 16.562 Thread 0x000002430773d800 DEOPT PACKING pc=0x00000243763ad774 sp=0x0000004fcd8f5430
Event: 16.562 Thread 0x000002430773d800 DEOPT UNPACKING pc=0x000002436e5aa1af sp=0x0000004fcd8f53b8 mode 2

Classes redefined (0 events):
No events

Internal exceptions (20 events):
Event: 14.917 Thread 0x000002430773d800 Exception <a 'java/lang/ClassNotFoundException'{0x00000000abf52d58}: org/gradle/api/tasks/SourceSetBeanInfo> (0x00000000abf52d58) thrown at [./src/hotspot/share/classfile/systemDictionary.cpp, line 231]
Event: 14.918 Thread 0x000002430773d800 Exception <a 'java/lang/ClassNotFoundException'{0x00000000abf6eb40}: org/gradle/api/tasks/SourceSetCustomizer> (0x00000000abf6eb40) thrown at [./src/hotspot/share/classfile/systemDictionary.cpp, line 231]
Event: 14.921 Thread 0x000002430773d800 Exception <a 'java/lang/ClassNotFoundException'{0x00000000abfeb600}: java/util/LinkedHashMapBeanInfo> (0x00000000abfeb600) thrown at [./src/hotspot/share/classfile/systemDictionary.cpp, line 231]
Event: 14.921 Thread 0x000002430773d800 Exception <a 'java/lang/ClassNotFoundException'{0x00000000abff3e60}: java/util/HashMapBeanInfo> (0x00000000abff3e60) thrown at [./src/hotspot/share/classfile/systemDictionary.cpp, line 231]
Event: 14.921 Thread 0x000002430773d800 Exception <a 'java/lang/ClassNotFoundException'{0x00000000abffcef8}: java/util/AbstractMapBeanInfo> (0x00000000abffcef8) thrown at [./src/hotspot/share/classfile/systemDictionary.cpp, line 231]
Event: 14.922 Thread 0x000002430773d800 Exception <a 'java/lang/ClassNotFoundException'{0x00000000abe06500}: java/util/AbstractMapCustomizer> (0x00000000abe06500) thrown at [./src/hotspot/share/classfile/systemDictionary.cpp, line 231]
Event: 14.922 Thread 0x000002430773d800 Exception <a 'java/lang/ClassNotFoundException'{0x00000000abe19190}: java/util/HashMapCustomizer> (0x00000000abe19190) thrown at [./src/hotspot/share/classfile/systemDictionary.cpp, line 231]
Event: 14.923 Thread 0x000002430773d800 Exception <a 'java/lang/ClassNotFoundException'{0x00000000abe39fe8}: java/util/LinkedHashMapCustomizer> (0x00000000abe39fe8) thrown at [./src/hotspot/share/classfile/systemDictionary.cpp, line 231]
Event: 15.379 Thread 0x000002430773d800 Exception <a 'java/lang/NoSuchMethodError'{0x00000000ab0ffd08}: <clinit>> (0x00000000ab0ffd08) thrown at [./src/hotspot/share/prims/jni.cpp, line 1366]
Event: 15.601 Thread 0x000002430773d800 Exception <a 'sun/nio/fs/WindowsException'{0x00000000ae283838}> (0x00000000ae283838) thrown at [./src/hotspot/share/prims/jni.cpp, line 616]
Event: 15.602 Thread 0x000002430773d800 Exception <a 'sun/nio/fs/WindowsException'{0x00000000ae283c10}> (0x00000000ae283c10) thrown at [./src/hotspot/share/prims/jni.cpp, line 616]
Event: 15.714 Thread 0x000002430773d800 Exception <a 'java/lang/NullPointerException'{0x00000000ad85d490}> (0x00000000ad85d490) thrown at [./src/hotspot/share/interpreter/linkResolver.cpp, line 1440]
Event: 15.804 Thread 0x000002430773d800 Implicit null exception at 0x00000243763f8dd3 to 0x0000024376400308
Event: 16.083 Thread 0x000002430773d800 Exception <a 'java/lang/NoSuchMethodError'{0x00000000ac9d84e0}: 'int java.lang.invoke.DirectMethodHandle$Holder.invokeStatic(java.lang.Object, java.lang.Object, int, java.lang.Object)'> (0x00000000ac9d84e0) thrown at [./src/hotspot/share/interpreter/linkResolver.cpp, line 773]
Event: 16.113 Thread 0x000002430773d800 Exception <a 'sun/nio/fs/WindowsException'{0x00000000ac8db058}> (0x00000000ac8db058) thrown at [./src/hotspot/share/prims/jni.cpp, line 616]
Event: 16.113 Thread 0x000002430773d800 Exception <a 'sun/nio/fs/WindowsException'{0x00000000ac8dc128}> (0x00000000ac8dc128) thrown at [./src/hotspot/share/prims/jni.cpp, line 616]
Event: 16.113 Thread 0x000002430773d800 Exception <a 'sun/nio/fs/WindowsException'{0x00000000ac8dd248}> (0x00000000ac8dd248) thrown at [./src/hotspot/share/prims/jni.cpp, line 616]
Event: 16.113 Thread 0x000002430773d800 Exception <a 'sun/nio/fs/WindowsException'{0x00000000ac8de368}> (0x00000000ac8de368) thrown at [./src/hotspot/share/prims/jni.cpp, line 616]
Event: 16.146 Thread 0x0000024303ab9000 Implicit null exception at 0x00000243764f7f2d to 0x00000243764f8664
Event: 16.405 Thread 0x000002430773d800 Exception <a 'java/lang/reflect/InvocationTargetException'{0x00000000addb2b48}> (0x00000000addb2b48) thrown at [./src/hotspot/share/runtime/reflection.cpp, line 1247]

Events (20 events):
Event: 16.551 loading class sun/reflect/generics/scope/DummyScope
Event: 16.551 loading class sun/reflect/generics/scope/DummyScope done
Event: 16.551 Executing VM operation: Deoptimize
Event: 16.552 Executing VM operation: Deoptimize done
Event: 16.553 loading class com/android/build/gradle/internal/tasks/SigningConfigWriterTask$CreationAction$configure$2
Event: 16.553 loading class com/android/build/gradle/internal/tasks/SigningConfigWriterTask$CreationAction$configure$2 done
Event: 16.560 loading class org/gradle/api/internal/file/copy/DestinationRootCopySpec
Event: 16.560 loading class org/gradle/api/internal/file/copy/DestinationRootCopySpec done
Event: 16.560 loading class org/gradle/api/internal/file/copy/DelegatingCopySpecInternal
Event: 16.560 loading class org/gradle/api/internal/file/copy/DelegatingCopySpecInternal done
Event: 16.567 loading class org/gradle/api/internal/file/copy/DefaultCopySpec
Event: 16.567 loading class org/gradle/api/internal/file/copy/DefaultCopySpec done
Event: 16.569 loading class org/gradle/api/internal/file/copy/CopySpecInternal$CopySpecVisitor
Event: 16.569 loading class org/gradle/api/internal/file/copy/CopySpecInternal$CopySpecVisitor done
Event: 16.570 loading class org/gradle/api/internal/file/copy/CopySpecInternal$CopySpecListener
Event: 16.570 loading class org/gradle/api/internal/file/copy/CopySpecInternal$CopySpecListener done
Event: 16.572 loading class org/gradle/api/file/FileCopyDetails
Event: 16.572 loading class org/gradle/api/file/FileCopyDetails done
Event: 16.574 loading class org/gradle/api/internal/file/copy/PathNotationConverter
Event: 16.574 loading class org/gradle/api/internal/file/copy/PathNotationConverter done


Dynamic libraries:
0x00007ff7f1a10000 - 0x00007ff7f1a1a000 	C:\Users\sumon\Downloads\android-studio\jre\bin\java.exe
0x00007ffee4d90000 - 0x00007ffee4f85000 	C:\WINDOWS\SYSTEM32\ntdll.dll
0x00007ffee3550000 - 0x00007ffee360e000 	C:\WINDOWS\System32\KERNEL32.DLL
0x00007ffee2650000 - 0x00007ffee2918000 	C:\WINDOWS\System32\KERNELBASE.dll
0x00007ffee2ac0000 - 0x00007ffee2bc0000 	C:\WINDOWS\System32\ucrtbase.dll
0x00007ffed7e80000 - 0x00007ffed7e99000 	C:\Users\sumon\Downloads\android-studio\jre\bin\jli.dll
0x00007ffed7e60000 - 0x00007ffed7e77000 	C:\Users\sumon\Downloads\android-studio\jre\bin\VCRUNTIME140.dll
0x00007ffee41c0000 - 0x00007ffee4360000 	C:\WINDOWS\System32\USER32.dll
0x00007ffee2620000 - 0x00007ffee2642000 	C:\WINDOWS\System32\win32u.dll
0x00007ffeccd10000 - 0x00007ffeccfaa000 	C:\WINDOWS\WinSxS\amd64_microsoft.windows.common-controls_6595b64144ccf1df_6.0.19041.1110_none_60b5254171f9507e\COMCTL32.dll
0x00007ffee37e0000 - 0x00007ffee380b000 	C:\WINDOWS\System32\GDI32.dll
0x00007ffee2e70000 - 0x00007ffee2f0e000 	C:\WINDOWS\System32\msvcrt.dll
0x00007ffee2920000 - 0x00007ffee2a2b000 	C:\WINDOWS\System32\gdi32full.dll
0x00007ffee2bc0000 - 0x00007ffee2c5d000 	C:\WINDOWS\System32\msvcp_win.dll
0x00007ffee3000000 - 0x00007ffee3030000 	C:\WINDOWS\System32\IMM32.DLL
0x00007ffe98130000 - 0x00007ffe981cd000 	C:\Users\sumon\Downloads\android-studio\jre\bin\msvcp140.dll
0x00007ffe94730000 - 0x00007ffe95232000 	C:\Users\sumon\Downloads\android-studio\jre\bin\server\jvm.dll
0x00007ffee4ca0000 - 0x00007ffee4d4e000 	C:\WINDOWS\System32\ADVAPI32.dll
0x00007ffee3610000 - 0x00007ffee36ac000 	C:\WINDOWS\System32\sechost.dll
0x00007ffee36b0000 - 0x00007ffee37d5000 	C:\WINDOWS\System32\RPCRT4.dll
0x00007ffee4c30000 - 0x00007ffee4c38000 	C:\WINDOWS\System32\PSAPI.DLL
0x00007ffed7f10000 - 0x00007ffed7f19000 	C:\WINDOWS\SYSTEM32\WSOCK32.dll
0x00007ffecca20000 - 0x00007ffecca47000 	C:\WINDOWS\SYSTEM32\WINMM.dll
0x00007ffee3930000 - 0x00007ffee399b000 	C:\WINDOWS\System32\WS2_32.dll
0x00007ffedc730000 - 0x00007ffedc73a000 	C:\WINDOWS\SYSTEM32\VERSION.dll
0x00007ffee03a0000 - 0x00007ffee03b2000 	C:\WINDOWS\SYSTEM32\kernel.appcore.dll
0x00007ffecd330000 - 0x00007ffecd341000 	C:\Users\sumon\Downloads\android-studio\jre\bin\verify.dll
0x00007ffed02c0000 - 0x00007ffed04a4000 	C:\WINDOWS\SYSTEM32\DBGHELP.DLL
0x00007ffecfc40000 - 0x00007ffecfc6c000 	C:\WINDOWS\SYSTEM32\dbgcore.DLL
0x00007ffee2a30000 - 0x00007ffee2ab2000 	C:\WINDOWS\System32\bcryptPrimitives.dll
0x00007ffec9aa0000 - 0x00007ffec9ac9000 	C:\Users\sumon\Downloads\android-studio\jre\bin\java.dll
0x00007ffed7f00000 - 0x00007ffed7f0b000 	C:\Users\sumon\Downloads\android-studio\jre\bin\jimage.dll
0x00007ffec9ba0000 - 0x00007ffec9bb8000 	C:\Users\sumon\Downloads\android-studio\jre\bin\zip.dll
0x00007ffee39a0000 - 0x00007ffee40e4000 	C:\WINDOWS\System32\SHELL32.dll
0x00007ffee05a0000 - 0x00007ffee0d34000 	C:\WINDOWS\SYSTEM32\windows.storage.dll
0x00007ffee48b0000 - 0x00007ffee4c04000 	C:\WINDOWS\System32\combase.dll
0x00007ffee1d60000 - 0x00007ffee1d8c000 	C:\WINDOWS\SYSTEM32\Wldp.dll
0x00007ffee3810000 - 0x00007ffee38bd000 	C:\WINDOWS\System32\SHCORE.dll
0x00007ffee4850000 - 0x00007ffee48a5000 	C:\WINDOWS\System32\shlwapi.dll
0x00007ffee23f0000 - 0x00007ffee240f000 	C:\WINDOWS\SYSTEM32\profapi.dll
0x00007ffec6090000 - 0x00007ffec60aa000 	C:\Users\sumon\Downloads\android-studio\jre\bin\net.dll
0x00007ffed47a0000 - 0x00007ffed48a9000 	C:\WINDOWS\SYSTEM32\WINHTTP.dll
0x00007ffee1b40000 - 0x00007ffee1baa000 	C:\WINDOWS\system32\mswsock.dll
0x00007ffec6070000 - 0x00007ffec6084000 	C:\Users\sumon\Downloads\android-studio\jre\bin\nio.dll
0x00007ffed7e30000 - 0x00007ffed7e57000 	C:\Users\sumon\.gradle\native\e1d6ef7f7dcc3fd88c89a11ec53ec762bb8ba0a96d01ffa2cd45eb1d1d8dd5c5\windows-amd64\native-platform.dll
0x00007ffe99a40000 - 0x00007ffe99b84000 	C:\Users\sumon\.gradle\native\5664cfc778a61ccfe75a443a1ab52a65af34e5dc3c78e0209fed803814484fcb\windows-amd64\native-platform-file-events.dll
0x00007ffed7af0000 - 0x00007ffed7afa000 	C:\Users\sumon\Downloads\android-studio\jre\bin\management.dll
0x00007ffed2940000 - 0x00007ffed294d000 	C:\Users\sumon\Downloads\android-studio\jre\bin\management_ext.dll
0x00007ffee1da0000 - 0x00007ffee1db8000 	C:\WINDOWS\SYSTEM32\CRYPTSP.dll
0x00007ffee14e0000 - 0x00007ffee1514000 	C:\WINDOWS\system32\rsaenh.dll
0x00007ffee2c60000 - 0x00007ffee2c87000 	C:\WINDOWS\System32\bcrypt.dll
0x00007ffee2370000 - 0x00007ffee239e000 	C:\WINDOWS\SYSTEM32\USERENV.dll
0x00007ffee1cd0000 - 0x00007ffee1cdc000 	C:\WINDOWS\SYSTEM32\CRYPTBASE.dll
0x00007ffee1850000 - 0x00007ffee188b000 	C:\WINDOWS\SYSTEM32\IPHLPAPI.DLL
0x00007ffee4360000 - 0x00007ffee4368000 	C:\WINDOWS\System32\NSI.dll
0x00007ffedc130000 - 0x00007ffedc147000 	C:\WINDOWS\SYSTEM32\dhcpcsvc6.DLL
0x00007ffedc5e0000 - 0x00007ffedc5fd000 	C:\WINDOWS\SYSTEM32\dhcpcsvc.DLL
0x00007ffee1890000 - 0x00007ffee195a000 	C:\WINDOWS\SYSTEM32\DNSAPI.dll

dbghelp: loaded successfully - version: 4.0.5 - missing functions: none
symbol engine: initialized successfully - sym options: 0x614 - pdb path: .;C:\Users\sumon\Downloads\android-studio\jre\bin;C:\WINDOWS\SYSTEM32;C:\WINDOWS\WinSxS\amd64_microsoft.windows.common-controls_6595b64144ccf1df_6.0.19041.1110_none_60b5254171f9507e;C:\Users\sumon\Downloads\android-studio\jre\bin\server;C:\Users\sumon\.gradle\native\e1d6ef7f7dcc3fd88c89a11ec53ec762bb8ba0a96d01ffa2cd45eb1d1d8dd5c5\windows-amd64;C:\Users\sumon\.gradle\native\5664cfc778a61ccfe75a443a1ab52a65af34e5dc3c78e0209fed803814484fcb\windows-amd64

VM Arguments:
jvm_args: --add-opens=java.base/java.util=ALL-UNNAMED --add-opens=java.base/java.lang=ALL-UNNAMED --add-opens=java.base/java.lang.invoke=ALL-UNNAMED --add-opens=java.base/java.util=ALL-UNNAMED --add-opens=java.prefs/java.util.prefs=ALL-UNNAMED --add-opens=java.prefs/java.util.prefs=ALL-UNNAMED --add-opens=java.base/java.nio.charset=ALL-UNNAMED --add-opens=java.base/java.net=ALL-UNNAMED --add-opens=java.base/java.util.concurrent.atomic=ALL-UNNAMED -Xmx1536m -Dfile.encoding=windows-1252 -Duser.country=US -Duser.language=en -Duser.variant 
java_command: org.gradle.launcher.daemon.bootstrap.GradleDaemon 7.2
java_class_path (initial): C:\Users\sumon\.gradle\wrapper\dists\gradle-7.2-all\260hg96vuh6ex27h9vo47iv4d\gradle-7.2\lib\gradle-launcher-7.2.jar
Launcher Type: SUN_STANDARD

[Global flags]
     intx CICompilerCount                          = 3                                         {product} {ergonomic}
     uint ConcGCThreads                            = 1                                         {product} {ergonomic}
     uint G1ConcRefinementThreads                  = 4                                         {product} {ergonomic}
   size_t G1HeapRegionSize                         = 1048576                                   {product} {ergonomic}
    uintx GCDrainStackTargetSize                   = 64                                        {product} {ergonomic}
   size_t InitialHeapSize                          = 132120576                                 {product} {ergonomic}
   size_t MarkStackSize                            = 4194304                                   {product} {ergonomic}
   size_t MaxHeapSize                              = 1610612736                                {product} {command line}
   size_t MaxNewSize                               = 965738496                                 {product} {ergonomic}
   size_t MinHeapDeltaBytes                        = 1048576                                   {product} {ergonomic}
    uintx NonNMethodCodeHeapSize                   = 5830732                                {pd product} {ergonomic}
    uintx NonProfiledCodeHeapSize                  = 122913754                              {pd product} {ergonomic}
    uintx ProfiledCodeHeapSize                     = 122913754                              {pd product} {ergonomic}
    uintx ReservedCodeCacheSize                    = 251658240                              {pd product} {ergonomic}
     bool SegmentedCodeCache                       = true                                      {product} {ergonomic}
     bool UseCompressedClassPointers               = true                                 {lp64_product} {ergonomic}
     bool UseCompressedOops                        = true                                 {lp64_product} {ergonomic}
     bool UseG1GC                                  = true                                      {product} {ergonomic}
     bool UseLargePagesIndividualAllocation        = false                                  {pd product} {ergonomic}

Logging:
Log output configuration:
 #0: stdout all=warning uptime,level,tags
 #1: stderr all=off uptime,level,tags

Environment Variables:
JAVA_HOME=C:\Program Files\Android\Android Studio\jre
PATH=C:\Python39\Scripts\;C:\Python39\;C:\WINDOWS\system32;C:\WINDOWS;C:\WINDOWS\System32\Wbem;C:\WINDOWS\System32\WindowsPowerShell\v1.0\;C:\WINDOWS\System32\OpenSSH\;C:\flutter\bin;C:\ProgramData\chocolatey\bin;C:\Program Files\Git\cmd;C:\xampp\php;C:\Users\sumon\AppData\Local\Microsoft\WindowsApps;C:\Program Files\Azure Data Studio\bin;C:\Program Files\Azure Data Studio\bin;%IntelliJ IDEA%
USERNAME=SumOn
OS=Windows_NT
PROCESSOR_IDENTIFIER=Intel64 Family 6 Model 94 Stepping 3, GenuineIntel



---------------  S Y S T E M  ---------------

OS: Windows 10 , 64 bit Build 19041 (10.0.19041.1566)
OS uptime: 8 days 18:04 hours
Hyper-V role detected

CPU:total 4 (initial active 4) (4 cores per cpu, 1 threads per core) family 6 model 94 stepping 3 microcode 0xcc, cmov, cx8, fxsr, mmx, sse, sse2, sse3, ssse3, sse4.1, sse4.2, popcnt, avx, avx2, aes, clmul, erms, 3dnowpref, lzcnt, tsc, tscinvbit, bmi1, bmi2, adx, fma

Memory: 4k page, system-wide physical 8057M (1674M free)
TotalPageFile size 13008M (AvailPageFile size 6M)
current process WorkingSet (physical memory assigned to process): 483M, peak: 484M
current process commit charge ("private bytes"): 530M, peak: 531M

vm_info: OpenJDK 64-Bit Server VM (11.0.13+0-b1751.21-8125866) for windows-amd64 JRE (11.0.13+0-b1751.21-8125866), built on Feb  2 2022 03:00:22 by "builder" with MS VC++ 14.0 (VS2015)

END.
