#
# There is insufficient memory for the Java Runtime Environment to continue.
# Native memory allocation (malloc) failed to allocate 1224816 bytes for Chunk::new
# Possible reasons:
#   The system is out of physical RAM or swap space
#   The process is running with CompressedOops enabled, and the Java Heap may be blocking the growth of the native heap
# Possible solutions:
#   Reduce memory load on the system
#   Increase physical memory or swap space
#   Check if swap backing store is full
#   Decrease Java heap size (-Xmx/-Xms)
#   Decrease number of Java threads
#   Decrease Java thread stack sizes (-Xss)
#   Set larger code cache with -XX:ReservedCodeCacheSize=
#   JVM is running with Unscaled Compressed Oops mode in which the Java heap is
#     placed in the first 4GB address space. The Java Heap base address is the
#     maximum limit for the native heap growth. Please use -XX:HeapBaseMinAddress
#     to set the Java Heap base and to place the Java Heap above 4GB virtual address.
# This output file may be truncated or incomplete.
#
#  Out of Memory Error (./src/hotspot/share/memory/arena.cpp:197), pid=3076, tid=9756
#
# JRE version: OpenJDK Runtime Environment (11.0.13) (build 11.0.13+0-b1751.21-8125866)
# Java VM: OpenJDK 64-Bit Server VM (11.0.13+0-b1751.21-8125866, mixed mode, tiered, compressed oops, g1 gc, windows-amd64)
# No core dump will be written. Minidumps are not enabled by default on client versions of Windows
#

---------------  S U M M A R Y ------------

Command Line: --add-opens=java.base/java.util=ALL-UNNAMED --add-opens=java.base/java.lang=ALL-UNNAMED --add-opens=java.base/java.lang.invoke=ALL-UNNAMED --add-opens=java.base/java.util=ALL-UNNAMED --add-opens=java.prefs/java.util.prefs=ALL-UNNAMED --add-opens=java.prefs/java.util.prefs=ALL-UNNAMED --add-opens=java.base/java.nio.charset=ALL-UNNAMED --add-opens=java.base/java.net=ALL-UNNAMED --add-opens=java.base/java.util.concurrent.atomic=ALL-UNNAMED -Xmx1536m -Dfile.encoding=windows-1252 -Duser.country=US -Duser.language=en -Duser.variant org.gradle.launcher.daemon.bootstrap.GradleDaemon 7.2

Host: Intel(R) Core(TM) i5-6402P CPU @ 2.80GHz, 4 cores, 7G,  Windows 10 , 64 bit Build 19041 (10.0.19041.1566)
Time: Tue Apr  5 10:50:37 2022 Bangladesh Standard Time elapsed time: 14.459284 seconds (0d 0h 0m 14s)

---------------  T H R E A D  ---------------

Current thread (0x0000028efd2bf800):  JavaThread "C2 CompilerThread0" daemon [_thread_in_native, id=9756, stack(0x000000e6cc400000,0x000000e6cc500000)]


Current CompileTask:
C2:  14459 8186       4       java.beans.MethodRef::set (58 bytes)

Stack: [0x000000e6cc400000,0x000000e6cc500000]
Native frames: (J=compiled Java code, j=interpreted, Vv=VM code, C=native code)
V  [jvm.dll+0x6100fa]
V  [jvm.dll+0x747090]
V  [jvm.dll+0x7486ad]
V  [jvm.dll+0x748d83]
V  [jvm.dll+0x24ab48]
V  [jvm.dll+0xc04dc]
V  [jvm.dll+0xc0a0c]
V  [jvm.dll+0x35eb9d]
V  [jvm.dll+0x19d9bc]
V  [jvm.dll+0x2033be]
V  [jvm.dll+0x202437]
V  [jvm.dll+0x188e01]
V  [jvm.dll+0x21106b]
V  [jvm.dll+0x20f8c1]
V  [jvm.dll+0x70de0f]
V  [jvm.dll+0x706a75]
V  [jvm.dll+0x60ed66]
C  [ucrtbase.dll+0x21bb2]
C  [KERNEL32.DLL+0x17034]
C  [ntdll.dll+0x52651]


---------------  P R O C E S S  ---------------

Threads class SMR info:
_java_thread_list=0x0000028e92d2e1f0, length=81, elements={
0x0000028ef3999000, 0x0000028efd296800, 0x0000028efd298000, 0x0000028efd2b8800,
0x0000028efd2b9800, 0x0000028efd2bc800, 0x0000028efd2bf800, 0x0000028efd2c0800,
0x0000028efdc89800, 0x0000028efdd77800, 0x0000028e8f2e7800, 0x0000028eff1cd800,
0x0000028e8f04c000, 0x0000028e8f04d000, 0x0000028eff2e9800, 0x0000028eff2ea800,
0x0000028efed83000, 0x0000028efed84000, 0x0000028e8f68b000, 0x0000028e8fafe800,
0x0000028e8f678800, 0x0000028e8f679800, 0x0000028e8f677000, 0x0000028e8f67a000,
0x0000028e8f674800, 0x0000028e8f67b000, 0x0000028e8f675800, 0x0000028e8f677800,
0x0000028e8f676000, 0x0000028e906d1800, 0x0000028e906d1000, 0x0000028e906cd800,
0x0000028e906cf800, 0x0000028e906d0000, 0x0000028eff53b000, 0x0000028e906cd000,
0x0000028e906ce800, 0x0000028e906d4000, 0x0000028e906d3800, 0x0000028e906d5000,
0x0000028e906d6000, 0x0000028e906d6800, 0x0000028e906d7800, 0x0000028e906d8000,
0x0000028e906d2800, 0x0000028e906d9000, 0x0000028e906da000, 0x0000028e906da800,
0x0000028e90e25000, 0x0000028e90e28000, 0x0000028e90e29000, 0x0000028e90e23800,
0x0000028e90e26800, 0x0000028e90e2a000, 0x0000028e90e24000, 0x0000028e90e25800,
0x0000028e90e27800, 0x0000028e90e2c800, 0x0000028e90e2f800, 0x0000028e90e2a800,
0x0000028e90e2e800, 0x0000028e90e2d000, 0x0000028e90e30800, 0x0000028e90e2e000,
0x0000028e90e31000, 0x0000028e90e2b800, 0x0000028e90e32000, 0x0000028e93ee9000,
0x0000028e93eea800, 0x0000028e93eea000, 0x0000028e93eec800, 0x0000028e93eeb800,
0x0000028e93ee6800, 0x0000028e93eed000, 0x0000028e93ee7800, 0x0000028e93eee000,
0x0000028e93ee8000, 0x0000028e93ef0800, 0x0000028e93ef1000, 0x0000028e93eef800,
0x0000028e93eef000
}

Java Threads: ( => current thread )
  0x0000028ef3999000 JavaThread "main" [_thread_blocked, id=2308, stack(0x000000e6cb800000,0x000000e6cb900000)]
  0x0000028efd296800 JavaThread "Reference Handler" daemon [_thread_blocked, id=1488, stack(0x000000e6cbf00000,0x000000e6cc000000)]
  0x0000028efd298000 JavaThread "Finalizer" daemon [_thread_blocked, id=1052, stack(0x000000e6cc000000,0x000000e6cc100000)]
  0x0000028efd2b8800 JavaThread "Signal Dispatcher" daemon [_thread_blocked, id=4388, stack(0x000000e6cc100000,0x000000e6cc200000)]
  0x0000028efd2b9800 JavaThread "Attach Listener" daemon [_thread_blocked, id=11112, stack(0x000000e6cc200000,0x000000e6cc300000)]
  0x0000028efd2bc800 JavaThread "Service Thread" daemon [_thread_blocked, id=11272, stack(0x000000e6cc300000,0x000000e6cc400000)]
=>0x0000028efd2bf800 JavaThread "C2 CompilerThread0" daemon [_thread_in_native, id=9756, stack(0x000000e6cc400000,0x000000e6cc500000)]
  0x0000028efd2c0800 JavaThread "C1 CompilerThread0" daemon [_thread_in_native, id=7880, stack(0x000000e6cc500000,0x000000e6cc600000)]
  0x0000028efdc89800 JavaThread "Sweeper thread" daemon [_thread_blocked, id=6436, stack(0x000000e6cc600000,0x000000e6cc700000)]
  0x0000028efdd77800 JavaThread "Common-Cleaner" daemon [_thread_blocked, id=7760, stack(0x000000e6cc700000,0x000000e6cc800000)]
  0x0000028e8f2e7800 JavaThread "Daemon health stats" [_thread_blocked, id=12228, stack(0x000000e6ccc00000,0x000000e6ccd00000)]
  0x0000028eff1cd800 JavaThread "Incoming local TCP Connector on port 10603" [_thread_in_native, id=11812, stack(0x000000e6cc900000,0x000000e6cca00000)]
  0x0000028e8f04c000 JavaThread "Daemon periodic checks" [_thread_blocked, id=4340, stack(0x000000e6ccd00000,0x000000e6cce00000)]
  0x0000028e8f04d000 JavaThread "Daemon" [_thread_blocked, id=2740, stack(0x000000e6cce00000,0x000000e6ccf00000)]
  0x0000028eff2e9800 JavaThread "Handler for socket connection from /127.0.0.1:10603 to /127.0.0.1:10604" [_thread_in_native, id=7328, stack(0x000000e6ccf00000,0x000000e6cd000000)]
  0x0000028eff2ea800 JavaThread "Cancel handler" [_thread_blocked, id=10452, stack(0x000000e6cd000000,0x000000e6cd100000)]
  0x0000028efed83000 JavaThread "Daemon worker" [_thread_in_Java, id=8372, stack(0x000000e6cd100000,0x000000e6cd200000)]
  0x0000028efed84000 JavaThread "Asynchronous log dispatcher for DefaultDaemonConnection: socket connection from /127.0.0.1:10603 to /127.0.0.1:10604" [_thread_blocked, id=2220, stack(0x000000e6cd200000,0x000000e6cd300000)]
  0x0000028e8f68b000 JavaThread "Stdin handler" [_thread_blocked, id=6780, stack(0x000000e6cd300000,0x000000e6cd400000)]
  0x0000028e8fafe800 JavaThread "Daemon client event forwarder" [_thread_blocked, id=3352, stack(0x000000e6cd400000,0x000000e6cd500000)]
  0x0000028e8f678800 JavaThread "Cache worker for journal cache (C:\Users\sumon\.gradle\caches\journal-1)" [_thread_blocked, id=668, stack(0x000000e6cd600000,0x000000e6cd700000)]
  0x0000028e8f679800 JavaThread "File lock request listener" [_thread_in_native, id=5232, stack(0x000000e6cd700000,0x000000e6cd800000)]
  0x0000028e8f677000 JavaThread "Cache worker for file hash cache (C:\Users\sumon\.gradle\caches\7.2\fileHashes)" [_thread_blocked, id=4624, stack(0x000000e6cd800000,0x000000e6cd900000)]
  0x0000028e8f67a000 JavaThread "Cache worker for file hash cache (C:\Users\sumon\Documents\RestaurantApp\.gradle\7.2\fileHashes)" [_thread_blocked, id=5360, stack(0x000000e6cd900000,0x000000e6cda00000)]
  0x0000028e8f674800 JavaThread "File watcher server" daemon [_thread_in_native, id=1164, stack(0x000000e6cdb00000,0x000000e6cdc00000)]
  0x0000028e8f67b000 JavaThread "File watcher consumer" daemon [_thread_blocked, id=1972, stack(0x000000e6cdc00000,0x000000e6cdd00000)]
  0x0000028e8f675800 JavaThread "jar transforms" [_thread_blocked, id=7840, stack(0x000000e6cdd00000,0x000000e6cde00000)]
  0x0000028e8f677800 JavaThread "jar transforms Thread 2" [_thread_blocked, id=3364, stack(0x000000e6cde00000,0x000000e6cdf00000)]
  0x0000028e8f676000 JavaThread "jar transforms Thread 3" [_thread_blocked, id=4804, stack(0x000000e6cdf00000,0x000000e6ce000000)]
  0x0000028e906d1800 JavaThread "jar transforms Thread 4" [_thread_blocked, id=3852, stack(0x000000e6ce000000,0x000000e6ce100000)]
  0x0000028e906d1000 JavaThread "Cache worker for checksums cache (C:\Users\sumon\Documents\RestaurantApp\.gradle\checksums)" [_thread_blocked, id=6644, stack(0x000000e6ce100000,0x000000e6ce200000)]
  0x0000028e906cd800 JavaThread "Cache worker for cache directory md-supplier (C:\Users\sumon\.gradle\caches\7.2\md-supplier)" [_thread_blocked, id=9884, stack(0x000000e6ce200000,0x000000e6ce300000)]
  0x0000028e906cf800 JavaThread "Cache worker for cache directory md-rule (C:\Users\sumon\.gradle\caches\7.2\md-rule)" [_thread_blocked, id=5296, stack(0x000000e6ce300000,0x000000e6ce400000)]
  0x0000028e906d0000 JavaThread "Cache worker for execution history cache (C:\Users\sumon\.gradle\caches\7.2\executionHistory)" [_thread_blocked, id=5448, stack(0x000000e6ce400000,0x000000e6ce500000)]
  0x0000028eff53b000 JavaThread "C2 CompilerThread1" daemon [_thread_in_native, id=9300, stack(0x000000e6cda00000,0x000000e6cdb00000)]
  0x0000028e906cd000 JavaThread "Cache worker for file content cache (C:\Users\sumon\.gradle\caches\7.2\fileContent)" [_thread_blocked, id=5080, stack(0x000000e6ce500000,0x000000e6ce600000)]
  0x0000028e906ce800 JavaThread "Cache worker for dependencies-accessors (C:\Users\sumon\Documents\RestaurantApp\.gradle\7.2\dependencies-accessors)" [_thread_blocked, id=7520, stack(0x000000e6ce600000,0x000000e6ce700000)]
  0x0000028e906d4000 JavaThread "Cache worker for Build Output Cleanup Cache (C:\Users\sumon\Documents\RestaurantApp\.gradle\buildOutputCleanup)" [_thread_blocked, id=2928, stack(0x000000e6ce700000,0x000000e6ce800000)]
  0x0000028e906d3800 JavaThread "Unconstrained build operations" [_thread_blocked, id=6248, stack(0x000000e6ce800000,0x000000e6ce900000)]
  0x0000028e906d5000 JavaThread "Unconstrained build operations Thread 2" [_thread_blocked, id=12156, stack(0x000000e6ce900000,0x000000e6cea00000)]
  0x0000028e906d6000 JavaThread "Unconstrained build operations Thread 3" [_thread_blocked, id=6692, stack(0x000000e6cea00000,0x000000e6ceb00000)]
  0x0000028e906d6800 JavaThread "Unconstrained build operations Thread 4" [_thread_blocked, id=9292, stack(0x000000e6ceb00000,0x000000e6cec00000)]
  0x0000028e906d7800 JavaThread "Unconstrained build operations Thread 5" [_thread_blocked, id=11224, stack(0x000000e6cec00000,0x000000e6ced00000)]
  0x0000028e906d8000 JavaThread "Unconstrained build operations Thread 6" [_thread_blocked, id=11800, stack(0x000000e6ced00000,0x000000e6cee00000)]
  0x0000028e906d2800 JavaThread "Unconstrained build operations Thread 7" [_thread_blocked, id=4868, stack(0x000000e6cee00000,0x000000e6cef00000)]
  0x0000028e906d9000 JavaThread "Unconstrained build operations Thread 8" [_thread_blocked, id=8892, stack(0x000000e6cef00000,0x000000e6cf000000)]
  0x0000028e906da000 JavaThread "Unconstrained build operations Thread 9" [_thread_blocked, id=6420, stack(0x000000e6cf000000,0x000000e6cf100000)]
  0x0000028e906da800 JavaThread "Unconstrained build operations Thread 10" [_thread_blocked, id=9664, stack(0x000000e6cf100000,0x000000e6cf200000)]
  0x0000028e90e25000 JavaThread "Unconstrained build operations Thread 11" [_thread_blocked, id=712, stack(0x000000e6cf200000,0x000000e6cf300000)]
  0x0000028e90e28000 JavaThread "Unconstrained build operations Thread 12" [_thread_blocked, id=11924, stack(0x000000e6cf300000,0x000000e6cf400000)]
  0x0000028e90e29000 JavaThread "Unconstrained build operations Thread 13" [_thread_blocked, id=11420, stack(0x000000e6cf400000,0x000000e6cf500000)]
  0x0000028e90e23800 JavaThread "Unconstrained build operations Thread 14" [_thread_blocked, id=10508, stack(0x000000e6cf500000,0x000000e6cf600000)]
  0x0000028e90e26800 JavaThread "Unconstrained build operations Thread 15" [_thread_blocked, id=2196, stack(0x000000e6cf600000,0x000000e6cf700000)]
  0x0000028e90e2a000 JavaThread "Unconstrained build operations Thread 16" [_thread_blocked, id=2400, stack(0x000000e6cf700000,0x000000e6cf800000)]
  0x0000028e90e24000 JavaThread "Unconstrained build operations Thread 17" [_thread_blocked, id=6540, stack(0x000000e6cf800000,0x000000e6cf900000)]
  0x0000028e90e25800 JavaThread "Unconstrained build operations Thread 18" [_thread_blocked, id=11520, stack(0x000000e6cf900000,0x000000e6cfa00000)]
  0x0000028e90e27800 JavaThread "Unconstrained build operations Thread 19" [_thread_blocked, id=9600, stack(0x000000e6cfa00000,0x000000e6cfb00000)]
  0x0000028e90e2c800 JavaThread "Unconstrained build operations Thread 20" [_thread_blocked, id=7648, stack(0x000000e6cfb00000,0x000000e6cfc00000)]
  0x0000028e90e2f800 JavaThread "Unconstrained build operations Thread 21" [_thread_blocked, id=9108, stack(0x000000e6cfc00000,0x000000e6cfd00000)]
  0x0000028e90e2a800 JavaThread "Unconstrained build operations Thread 22" [_thread_blocked, id=7800, stack(0x000000e6cfd00000,0x000000e6cfe00000)]
  0x0000028e90e2e800 JavaThread "Unconstrained build operations Thread 23" [_thread_blocked, id=2960, stack(0x000000e6cfe00000,0x000000e6cff00000)]
  0x0000028e90e2d000 JavaThread "Unconstrained build operations Thread 24" [_thread_blocked, id=10376, stack(0x000000e6cff00000,0x000000e6d0000000)]
  0x0000028e90e30800 JavaThread "Unconstrained build operations Thread 25" [_thread_blocked, id=10576, stack(0x000000e6d0000000,0x000000e6d0100000)]
  0x0000028e90e2e000 JavaThread "Unconstrained build operations Thread 26" [_thread_blocked, id=7704, stack(0x000000e6d0100000,0x000000e6d0200000)]
  0x0000028e90e31000 JavaThread "Unconstrained build operations Thread 27" [_thread_blocked, id=8516, stack(0x000000e6d0200000,0x000000e6d0300000)]
  0x0000028e90e2b800 JavaThread "Unconstrained build operations Thread 28" [_thread_blocked, id=11188, stack(0x000000e6d0300000,0x000000e6d0400000)]
  0x0000028e90e32000 JavaThread "Unconstrained build operations Thread 29" [_thread_blocked, id=6740, stack(0x000000e6d0400000,0x000000e6d0500000)]
  0x0000028e93ee9000 JavaThread "Unconstrained build operations Thread 30" [_thread_blocked, id=11588, stack(0x000000e6d0500000,0x000000e6d0600000)]
  0x0000028e93eea800 JavaThread "Unconstrained build operations Thread 31" [_thread_blocked, id=5924, stack(0x000000e6d0600000,0x000000e6d0700000)]
  0x0000028e93eea000 JavaThread "Unconstrained build operations Thread 32" [_thread_blocked, id=8332, stack(0x000000e6d0700000,0x000000e6d0800000)]
  0x0000028e93eec800 JavaThread "Unconstrained build operations Thread 33" [_thread_blocked, id=8276, stack(0x000000e6d0800000,0x000000e6d0900000)]
  0x0000028e93eeb800 JavaThread "Unconstrained build operations Thread 34" [_thread_blocked, id=1044, stack(0x000000e6d0900000,0x000000e6d0a00000)]
  0x0000028e93ee6800 JavaThread "Unconstrained build operations Thread 35" [_thread_blocked, id=5672, stack(0x000000e6d0a00000,0x000000e6d0b00000)]
  0x0000028e93eed000 JavaThread "Unconstrained build operations Thread 36" [_thread_blocked, id=5132, stack(0x000000e6d0b00000,0x000000e6d0c00000)]
  0x0000028e93ee7800 JavaThread "Unconstrained build operations Thread 37" [_thread_blocked, id=464, stack(0x000000e6d0c00000,0x000000e6d0d00000)]
  0x0000028e93eee000 JavaThread "Unconstrained build operations Thread 38" [_thread_blocked, id=6256, stack(0x000000e6d0d00000,0x000000e6d0e00000)]
  0x0000028e93ee8000 JavaThread "Unconstrained build operations Thread 39" [_thread_blocked, id=11408, stack(0x000000e6d0e00000,0x000000e6d0f00000)]
  0x0000028e93ef0800 JavaThread "Unconstrained build operations Thread 40" [_thread_blocked, id=11376, stack(0x000000e6d0f00000,0x000000e6d1000000)]
  0x0000028e93ef1000 JavaThread "Memory manager" [_thread_blocked, id=6428, stack(0x000000e6d1000000,0x000000e6d1100000)]
  0x0000028e93eef800 JavaThread "pool-3-thread-1" [_thread_blocked, id=2128, stack(0x000000e6d1100000,0x000000e6d1200000)]
  0x0000028e93eef000 JavaThread "Cache worker for execution history cache (C:\Users\sumon\Documents\RestaurantApp\.gradle\7.2\executionHistory)" [_thread_blocked, id=1132, stack(0x000000e6d1500000,0x000000e6d1600000)]

Other Threads:
  0x0000028efd272800 VMThread "VM Thread" [stack: 0x000000e6cbe00000,0x000000e6cbf00000] [id=4280]
  0x0000028efdd78800 WatcherThread [stack: 0x000000e6cc800000,0x000000e6cc900000] [id=1124]
  0x0000028ef39b3000 GCTaskThread "GC Thread#0" [stack: 0x000000e6cb900000,0x000000e6cba00000] [id=1688]
  0x0000028efe633000 GCTaskThread "GC Thread#1" [stack: 0x000000e6cca00000,0x000000e6ccb00000] [id=3820]
  0x0000028efe634000 GCTaskThread "GC Thread#2" [stack: 0x000000e6ccb00000,0x000000e6ccc00000] [id=9868]
  0x0000028e8f341000 GCTaskThread "GC Thread#3" [stack: 0x000000e6cd500000,0x000000e6cd600000] [id=2732]
  0x0000028ef39d8800 ConcurrentGCThread "G1 Main Marker" [stack: 0x000000e6cba00000,0x000000e6cbb00000] [id=7976]
  0x0000028ef39da000 ConcurrentGCThread "G1 Conc#0" [stack: 0x000000e6cbb00000,0x000000e6cbc00000] [id=6632]
  0x0000028ef3a6c000 ConcurrentGCThread "G1 Refine#0" [stack: 0x000000e6cbc00000,0x000000e6cbd00000] [id=1300]
  0x0000028ef3a6d000 ConcurrentGCThread "G1 Young RemSet Sampling" [stack: 0x000000e6cbd00000,0x000000e6cbe00000] [id=3048]

Threads with active compile tasks:
C2 CompilerThread0  14484 8186       4       java.beans.MethodRef::set (58 bytes)
C2 CompilerThread1  14484 8106       4       java.beans.Introspector::addMethod (196 bytes)

VM state:not at safepoint (normal execution)

VM Mutex/Monitor currently owned by a thread: None

Heap address: 0x00000000a0000000, size: 1536 MB, Compressed Oops mode: 32-bit
Narrow klass base: 0x0000000000000000, Narrow klass shift: 3
Compressed class space size: 1073741824 Address: 0x0000000100000000

Heap:
 garbage-first heap   total 225280K, used 153964K [0x00000000a0000000, 0x0000000100000000)
  region size 1024K, 10 young (10240K), 1 survivors (1024K)
 Metaspace       used 84282K, capacity 86516K, committed 86704K, reserved 1124352K
  class space    used 10649K, capacity 11394K, committed 11520K, reserved 1048576K
Heap Regions: E=young(eden), S=young(survivor), O=old, HS=humongous(starts), HC=humongous(continues), CS=collection set, F=free, A=archive, TAMS=top-at-mark-start (previous, next)
|   0|0x00000000a0000000, 0x00000000a0100000, 0x00000000a0100000|100%| O|  |TAMS 0x00000000a0100000, 0x00000000a0100000| Untracked 
|   1|0x00000000a0100000, 0x00000000a0200000, 0x00000000a0200000|100%| O|  |TAMS 0x00000000a0200000, 0x00000000a0200000| Untracked 
|   2|0x00000000a0200000, 0x00000000a0300000, 0x00000000a0300000|100%| O|  |TAMS 0x00000000a0300000, 0x00000000a0300000| Untracked 
|   3|0x00000000a0300000, 0x00000000a0400000, 0x00000000a0400000|100%|HS|  |TAMS 0x00000000a0400000, 0x00000000a0400000| Complete 
|   4|0x00000000a0400000, 0x00000000a0500000, 0x00000000a0500000|100%|HC|  |TAMS 0x00000000a0500000, 0x00000000a0500000| Complete 
|   5|0x00000000a0500000, 0x00000000a0600000, 0x00000000a0600000|100%|HC|  |TAMS 0x00000000a0600000, 0x00000000a0600000| Complete 
|   6|0x00000000a0600000, 0x00000000a0700000, 0x00000000a0700000|100%| O|  |TAMS 0x00000000a0700000, 0x00000000a0700000| Untracked 
|   7|0x00000000a0700000, 0x00000000a0800000, 0x00000000a0800000|100%| O|  |TAMS 0x00000000a0800000, 0x00000000a0800000| Untracked 
|   8|0x00000000a0800000, 0x00000000a0900000, 0x00000000a0900000|100%| O|  |TAMS 0x00000000a0900000, 0x00000000a0900000| Untracked 
|   9|0x00000000a0900000, 0x00000000a0a00000, 0x00000000a0a00000|100%| O|  |TAMS 0x00000000a0a00000, 0x00000000a0a00000| Untracked 
|  10|0x00000000a0a00000, 0x00000000a0b00000, 0x00000000a0b00000|100%| O|  |TAMS 0x00000000a0b00000, 0x00000000a0b00000| Untracked 
|  11|0x00000000a0b00000, 0x00000000a0c00000, 0x00000000a0c00000|100%| O|  |TAMS 0x00000000a0c00000, 0x00000000a0c00000| Untracked 
|  12|0x00000000a0c00000, 0x00000000a0d00000, 0x00000000a0d00000|100%| O|  |TAMS 0x00000000a0d00000, 0x00000000a0d00000| Untracked 
|  13|0x00000000a0d00000, 0x00000000a0e00000, 0x00000000a0e00000|100%| O|  |TAMS 0x00000000a0e00000, 0x00000000a0e00000| Untracked 
|  14|0x00000000a0e00000, 0x00000000a0f00000, 0x00000000a0f00000|100%| O|  |TAMS 0x00000000a0f00000, 0x00000000a0f00000| Untracked 
|  15|0x00000000a0f00000, 0x00000000a1000000, 0x00000000a1000000|100%| O|  |TAMS 0x00000000a1000000, 0x00000000a1000000| Untracked 
|  16|0x00000000a1000000, 0x00000000a1100000, 0x00000000a1100000|100%|HS|  |TAMS 0x00000000a1100000, 0x00000000a1100000| Complete 
|  17|0x00000000a1100000, 0x00000000a1200000, 0x00000000a1200000|100%|HC|  |TAMS 0x00000000a1200000, 0x00000000a1200000| Complete 
|  18|0x00000000a1200000, 0x00000000a1300000, 0x00000000a1300000|100%|HS|  |TAMS 0x00000000a1300000, 0x00000000a1300000| Complete 
|  19|0x00000000a1300000, 0x00000000a1400000, 0x00000000a1400000|100%|HC|  |TAMS 0x00000000a1400000, 0x00000000a1400000| Complete 
|  20|0x00000000a1400000, 0x00000000a1500000, 0x00000000a1500000|100%|HC|  |TAMS 0x00000000a1500000, 0x00000000a1500000| Complete 
|  21|0x00000000a1500000, 0x00000000a1600000, 0x00000000a1600000|100%|HS|  |TAMS 0x00000000a1600000, 0x00000000a1600000| Complete 
|  22|0x00000000a1600000, 0x00000000a1700000, 0x00000000a1700000|100%|HC|  |TAMS 0x00000000a1700000, 0x00000000a1700000| Complete 
|  23|0x00000000a1700000, 0x00000000a1800000, 0x00000000a1800000|100%|HC|  |TAMS 0x00000000a1800000, 0x00000000a1800000| Complete 
|  24|0x00000000a1800000, 0x00000000a1900000, 0x00000000a1900000|100%|HS|  |TAMS 0x00000000a1900000, 0x00000000a1900000| Complete 
|  25|0x00000000a1900000, 0x00000000a1a00000, 0x00000000a1a00000|100%|HC|  |TAMS 0x00000000a1a00000, 0x00000000a1a00000| Complete 
|  26|0x00000000a1a00000, 0x00000000a1b00000, 0x00000000a1b00000|100%|HC|  |TAMS 0x00000000a1b00000, 0x00000000a1b00000| Complete 
|  27|0x00000000a1b00000, 0x00000000a1c00000, 0x00000000a1c00000|100%|HC|  |TAMS 0x00000000a1c00000, 0x00000000a1c00000| Complete 
|  28|0x00000000a1c00000, 0x00000000a1d00000, 0x00000000a1d00000|100%|HC|  |TAMS 0x00000000a1d00000, 0x00000000a1d00000| Complete 
|  29|0x00000000a1d00000, 0x00000000a1e00000, 0x00000000a1e00000|100%|HS|  |TAMS 0x00000000a1e00000, 0x00000000a1e00000| Complete 
|  30|0x00000000a1e00000, 0x00000000a1f00000, 0x00000000a1f00000|100%| O|  |TAMS 0x00000000a1f00000, 0x00000000a1f00000| Untracked 
|  31|0x00000000a1f00000, 0x00000000a2000000, 0x00000000a2000000|100%| O|  |TAMS 0x00000000a2000000, 0x00000000a2000000| Untracked 
|  32|0x00000000a2000000, 0x00000000a2100000, 0x00000000a2100000|100%| O|  |TAMS 0x00000000a2100000, 0x00000000a2100000| Untracked 
|  33|0x00000000a2100000, 0x00000000a2200000, 0x00000000a2200000|100%| O|  |TAMS 0x00000000a2200000, 0x00000000a2200000| Untracked 
|  34|0x00000000a2200000, 0x00000000a2300000, 0x00000000a2300000|100%| O|  |TAMS 0x00000000a2300000, 0x00000000a2300000| Untracked 
|  35|0x00000000a2300000, 0x00000000a2400000, 0x00000000a2400000|100%| O|  |TAMS 0x00000000a2400000, 0x00000000a2400000| Untracked 
|  36|0x00000000a2400000, 0x00000000a2500000, 0x00000000a2500000|100%| O|  |TAMS 0x00000000a2500000, 0x00000000a2500000| Untracked 
|  37|0x00000000a2500000, 0x00000000a2600000, 0x00000000a2600000|100%| O|  |TAMS 0x00000000a2600000, 0x00000000a2600000| Untracked 
|  38|0x00000000a2600000, 0x00000000a2700000, 0x00000000a2700000|100%|HS|  |TAMS 0x00000000a2700000, 0x00000000a2700000| Complete 
|  39|0x00000000a2700000, 0x00000000a2800000, 0x00000000a2800000|100%|HC|  |TAMS 0x00000000a2800000, 0x00000000a2800000| Complete 
|  40|0x00000000a2800000, 0x00000000a2900000, 0x00000000a2900000|100%|HS|  |TAMS 0x00000000a2900000, 0x00000000a2900000| Complete 
|  41|0x00000000a2900000, 0x00000000a2a00000, 0x00000000a2a00000|100%|HC|  |TAMS 0x00000000a2a00000, 0x00000000a2a00000| Complete 
|  42|0x00000000a2a00000, 0x00000000a2b00000, 0x00000000a2b00000|100%|HC|  |TAMS 0x00000000a2b00000, 0x00000000a2b00000| Complete 
|  43|0x00000000a2b00000, 0x00000000a2c00000, 0x00000000a2c00000|100%|HS|  |TAMS 0x00000000a2c00000, 0x00000000a2c00000| Complete 
|  44|0x00000000a2c00000, 0x00000000a2d00000, 0x00000000a2d00000|100%|HC|  |TAMS 0x00000000a2d00000, 0x00000000a2d00000| Complete 
|  45|0x00000000a2d00000, 0x00000000a2e00000, 0x00000000a2e00000|100%|HC|  |TAMS 0x00000000a2e00000, 0x00000000a2e00000| Complete 
|  46|0x00000000a2e00000, 0x00000000a2f00000, 0x00000000a2f00000|100%|HS|  |TAMS 0x00000000a2f00000, 0x00000000a2f00000| Complete 
|  47|0x00000000a2f00000, 0x00000000a3000000, 0x00000000a3000000|100%|HC|  |TAMS 0x00000000a3000000, 0x00000000a3000000| Complete 
|  48|0x00000000a3000000, 0x00000000a3100000, 0x00000000a3100000|100%|HC|  |TAMS 0x00000000a3100000, 0x00000000a3100000| Complete 
|  49|0x00000000a3100000, 0x00000000a3200000, 0x00000000a3200000|100%|HC|  |TAMS 0x00000000a3200000, 0x00000000a3200000| Complete 
|  50|0x00000000a3200000, 0x00000000a3300000, 0x00000000a3300000|100%| O|  |TAMS 0x00000000a3300000, 0x00000000a3300000| Untracked 
|  51|0x00000000a3300000, 0x00000000a3400000, 0x00000000a3400000|100%| O|  |TAMS 0x00000000a3400000, 0x00000000a3400000| Untracked 
|  52|0x00000000a3400000, 0x00000000a3500000, 0x00000000a3500000|100%| O|  |TAMS 0x00000000a3500000, 0x00000000a3500000| Untracked 
|  53|0x00000000a3500000, 0x00000000a3600000, 0x00000000a3600000|100%| O|  |TAMS 0x00000000a3600000, 0x00000000a3600000| Untracked 
|  54|0x00000000a3600000, 0x00000000a3700000, 0x00000000a3700000|100%| O|  |TAMS 0x00000000a3700000, 0x00000000a3700000| Untracked 
|  55|0x00000000a3700000, 0x00000000a3800000, 0x00000000a3800000|100%| O|  |TAMS 0x00000000a3800000, 0x00000000a3800000| Untracked 
|  56|0x00000000a3800000, 0x00000000a3900000, 0x00000000a3900000|100%| O|  |TAMS 0x00000000a3900000, 0x00000000a3900000| Untracked 
|  57|0x00000000a3900000, 0x00000000a3a00000, 0x00000000a3a00000|100%| O|  |TAMS 0x00000000a3a00000, 0x00000000a3a00000| Untracked 
|  58|0x00000000a3a00000, 0x00000000a3b00000, 0x00000000a3b00000|100%| O|  |TAMS 0x00000000a3b00000, 0x00000000a3b00000| Untracked 
|  59|0x00000000a3b00000, 0x00000000a3c00000, 0x00000000a3c00000|100%| O|  |TAMS 0x00000000a3c00000, 0x00000000a3c00000| Untracked 
|  60|0x00000000a3c00000, 0x00000000a3d00000, 0x00000000a3d00000|100%| O|  |TAMS 0x00000000a3d00000, 0x00000000a3d00000| Untracked 
|  61|0x00000000a3d00000, 0x00000000a3e00000, 0x00000000a3e00000|100%| O|  |TAMS 0x00000000a3e00000, 0x00000000a3e00000| Untracked 
|  62|0x00000000a3e00000, 0x00000000a3f00000, 0x00000000a3f00000|100%| O|  |TAMS 0x00000000a3f00000, 0x00000000a3f00000| Untracked 
|  63|0x00000000a3f00000, 0x00000000a4000000, 0x00000000a4000000|100%|HS|  |TAMS 0x00000000a4000000, 0x00000000a4000000| Complete 
|  64|0x00000000a4000000, 0x00000000a4100000, 0x00000000a4100000|100%|HC|  |TAMS 0x00000000a4100000, 0x00000000a4100000| Complete 
|  65|0x00000000a4100000, 0x00000000a4200000, 0x00000000a4200000|100%|HC|  |TAMS 0x00000000a4200000, 0x00000000a4200000| Complete 
|  66|0x00000000a4200000, 0x00000000a4300000, 0x00000000a4300000|100%|HC|  |TAMS 0x00000000a4300000, 0x00000000a4300000| Complete 
|  67|0x00000000a4300000, 0x00000000a4400000, 0x00000000a4400000|100%|HC|  |TAMS 0x00000000a4400000, 0x00000000a4400000| Complete 
|  68|0x00000000a4400000, 0x00000000a4500000, 0x00000000a4500000|100%| O|  |TAMS 0x00000000a4500000, 0x00000000a4500000| Untracked 
|  69|0x00000000a4500000, 0x00000000a4600000, 0x00000000a4600000|100%| O|  |TAMS 0x00000000a4600000, 0x00000000a4600000| Untracked 
|  70|0x00000000a4600000, 0x00000000a4700000, 0x00000000a4700000|100%| O|  |TAMS 0x00000000a4700000, 0x00000000a4700000| Untracked 
|  71|0x00000000a4700000, 0x00000000a4800000, 0x00000000a4800000|100%|HS|  |TAMS 0x00000000a4800000, 0x00000000a4800000| Complete 
|  72|0x00000000a4800000, 0x00000000a4900000, 0x00000000a4900000|100%|HS|  |TAMS 0x00000000a4900000, 0x00000000a4900000| Complete 
|  73|0x00000000a4900000, 0x00000000a4a00000, 0x00000000a4a00000|100%|HS|  |TAMS 0x00000000a4a00000, 0x00000000a4a00000| Complete 
|  74|0x00000000a4a00000, 0x00000000a4b00000, 0x00000000a4b00000|100%|HS|  |TAMS 0x00000000a4b00000, 0x00000000a4b00000| Complete 
|  75|0x00000000a4b00000, 0x00000000a4c00000, 0x00000000a4c00000|100%|HS|  |TAMS 0x00000000a4c00000, 0x00000000a4c00000| Complete 
|  76|0x00000000a4c00000, 0x00000000a4d00000, 0x00000000a4d00000|100%|HC|  |TAMS 0x00000000a4d00000, 0x00000000a4d00000| Complete 
|  77|0x00000000a4d00000, 0x00000000a4e00000, 0x00000000a4e00000|100%|HC|  |TAMS 0x00000000a4e00000, 0x00000000a4e00000| Complete 
|  78|0x00000000a4e00000, 0x00000000a4f00000, 0x00000000a4f00000|100%| O|  |TAMS 0x00000000a4f00000, 0x00000000a4f00000| Untracked 
|  79|0x00000000a4f00000, 0x00000000a5000000, 0x00000000a5000000|100%| O|  |TAMS 0x00000000a5000000, 0x00000000a5000000| Untracked 
|  80|0x00000000a5000000, 0x00000000a5100000, 0x00000000a5100000|100%| O|  |TAMS 0x00000000a5100000, 0x00000000a5100000| Untracked 
|  81|0x00000000a5100000, 0x00000000a5200000, 0x00000000a5200000|100%| O|  |TAMS 0x00000000a5200000, 0x00000000a5200000| Untracked 
|  82|0x00000000a5200000, 0x00000000a5300000, 0x00000000a5300000|100%| O|  |TAMS 0x00000000a5300000, 0x00000000a5300000| Untracked 
|  83|0x00000000a5300000, 0x00000000a5400000, 0x00000000a5400000|100%|HS|  |TAMS 0x00000000a5400000, 0x00000000a5400000| Complete 
|  84|0x00000000a5400000, 0x00000000a5500000, 0x00000000a5500000|100%|HC|  |TAMS 0x00000000a5500000, 0x00000000a5500000| Complete 
|  85|0x00000000a5500000, 0x00000000a5600000, 0x00000000a5600000|100%| O|  |TAMS 0x00000000a5600000, 0x00000000a5600000| Untracked 
|  86|0x00000000a5600000, 0x00000000a5700000, 0x00000000a5700000|100%| O|  |TAMS 0x00000000a5700000, 0x00000000a5700000| Untracked 
|  87|0x00000000a5700000, 0x00000000a5800000, 0x00000000a5800000|100%| O|  |TAMS 0x00000000a5800000, 0x00000000a5800000| Untracked 
|  88|0x00000000a5800000, 0x00000000a5900000, 0x00000000a5900000|100%| O|  |TAMS 0x00000000a5900000, 0x00000000a5900000| Untracked 
|  89|0x00000000a5900000, 0x00000000a5a00000, 0x00000000a5a00000|100%| O|  |TAMS 0x00000000a5a00000, 0x00000000a5a00000| Untracked 
|  90|0x00000000a5a00000, 0x00000000a5b00000, 0x00000000a5b00000|100%| O|  |TAMS 0x00000000a5b00000, 0x00000000a5b00000| Untracked 
|  91|0x00000000a5b00000, 0x00000000a5c00000, 0x00000000a5c00000|100%| O|  |TAMS 0x00000000a5c00000, 0x00000000a5c00000| Untracked 
|  92|0x00000000a5c00000, 0x00000000a5d00000, 0x00000000a5d00000|100%| O|  |TAMS 0x00000000a5d00000, 0x00000000a5d00000| Untracked 
|  93|0x00000000a5d00000, 0x00000000a5e00000, 0x00000000a5e00000|100%| O|  |TAMS 0x00000000a5e00000, 0x00000000a5e00000| Untracked 
|  94|0x00000000a5e00000, 0x00000000a5f00000, 0x00000000a5f00000|100%| O|  |TAMS 0x00000000a5f00000, 0x00000000a5f00000| Untracked 
|  95|0x00000000a5f00000, 0x00000000a6000000, 0x00000000a6000000|100%| O|  |TAMS 0x00000000a6000000, 0x00000000a6000000| Untracked 
|  96|0x00000000a6000000, 0x00000000a6100000, 0x00000000a6100000|100%| O|  |TAMS 0x00000000a6100000, 0x00000000a6100000| Untracked 
|  97|0x00000000a6100000, 0x00000000a6200000, 0x00000000a6200000|100%| O|  |TAMS 0x00000000a6200000, 0x00000000a6200000| Untracked 
|  98|0x00000000a6200000, 0x00000000a6300000, 0x00000000a6300000|100%| O|  |TAMS 0x00000000a6300000, 0x00000000a6300000| Untracked 
|  99|0x00000000a6300000, 0x00000000a6400000, 0x00000000a6400000|100%| O|  |TAMS 0x00000000a6400000, 0x00000000a6400000| Untracked 
| 100|0x00000000a6400000, 0x00000000a6500000, 0x00000000a6500000|100%| O|  |TAMS 0x00000000a6500000, 0x00000000a6500000| Untracked 
| 101|0x00000000a6500000, 0x00000000a6600000, 0x00000000a6600000|100%| O|  |TAMS 0x00000000a6600000, 0x00000000a6600000| Untracked 
| 102|0x00000000a6600000, 0x00000000a6700000, 0x00000000a6700000|100%| O|  |TAMS 0x00000000a6700000, 0x00000000a6700000| Untracked 
| 103|0x00000000a6700000, 0x00000000a6800000, 0x00000000a6800000|100%| O|  |TAMS 0x00000000a6800000, 0x00000000a6800000| Untracked 
| 104|0x00000000a6800000, 0x00000000a6900000, 0x00000000a6900000|100%| O|  |TAMS 0x00000000a6900000, 0x00000000a6900000| Untracked 
| 105|0x00000000a6900000, 0x00000000a6a00000, 0x00000000a6a00000|100%| O|  |TAMS 0x00000000a6a00000, 0x00000000a6a00000| Untracked 
| 106|0x00000000a6a00000, 0x00000000a6b00000, 0x00000000a6b00000|100%| O|  |TAMS 0x00000000a6a9fa00, 0x00000000a6b00000| Untracked 
| 107|0x00000000a6b00000, 0x00000000a6c00000, 0x00000000a6c00000|100%|HS|  |TAMS 0x00000000a6b00000, 0x00000000a6c00000| Complete 
| 108|0x00000000a6c00000, 0x00000000a6d00000, 0x00000000a6d00000|100%|HC|  |TAMS 0x00000000a6c00000, 0x00000000a6d00000| Complete 
| 109|0x00000000a6d00000, 0x00000000a6e00000, 0x00000000a6e00000|100%|HC|  |TAMS 0x00000000a6d00000, 0x00000000a6e00000| Complete 
| 110|0x00000000a6e00000, 0x00000000a6f00000, 0x00000000a6f00000|100%|HC|  |TAMS 0x00000000a6e00000, 0x00000000a6f00000| Complete 
| 111|0x00000000a6f00000, 0x00000000a7000000, 0x00000000a7000000|100%|HS|  |TAMS 0x00000000a6f00000, 0x00000000a7000000| Complete 
| 112|0x00000000a7000000, 0x00000000a7100000, 0x00000000a7100000|100%|HC|  |TAMS 0x00000000a7000000, 0x00000000a7100000| Complete 
| 113|0x00000000a7100000, 0x00000000a7200000, 0x00000000a7200000|100%|HS|  |TAMS 0x00000000a7100000, 0x00000000a7200000| Complete 
| 114|0x00000000a7200000, 0x00000000a7300000, 0x00000000a7300000|100%|HC|  |TAMS 0x00000000a7200000, 0x00000000a7300000| Complete 
| 115|0x00000000a7300000, 0x00000000a7400000, 0x00000000a7400000|100%|HC|  |TAMS 0x00000000a7300000, 0x00000000a7400000| Complete 
| 116|0x00000000a7400000, 0x00000000a7500000, 0x00000000a7500000|100%|HS|  |TAMS 0x00000000a7400000, 0x00000000a7500000| Complete 
| 117|0x00000000a7500000, 0x00000000a7600000, 0x00000000a7600000|100%|HC|  |TAMS 0x00000000a7500000, 0x00000000a7600000| Complete 
| 118|0x00000000a7600000, 0x00000000a7700000, 0x00000000a7700000|100%|HC|  |TAMS 0x00000000a7600000, 0x00000000a7700000| Complete 
| 119|0x00000000a7700000, 0x00000000a7800000, 0x00000000a7800000|100%|HS|  |TAMS 0x00000000a7700000, 0x00000000a7800000| Complete 
| 120|0x00000000a7800000, 0x00000000a7900000, 0x00000000a7900000|100%|HC|  |TAMS 0x00000000a7800000, 0x00000000a7900000| Complete 
| 121|0x00000000a7900000, 0x00000000a7a00000, 0x00000000a7a00000|100%|HC|  |TAMS 0x00000000a7900000, 0x00000000a7a00000| Complete 
| 122|0x00000000a7a00000, 0x00000000a7b00000, 0x00000000a7b00000|100%|HC|  |TAMS 0x00000000a7a00000, 0x00000000a7b00000| Complete 
| 123|0x00000000a7b00000, 0x00000000a7c00000, 0x00000000a7c00000|100%|HC|  |TAMS 0x00000000a7b00000, 0x00000000a7c00000| Complete 
| 124|0x00000000a7c00000, 0x00000000a7d00000, 0x00000000a7d00000|100%|HS|  |TAMS 0x00000000a7c00000, 0x00000000a7d00000| Complete 
| 125|0x00000000a7d00000, 0x00000000a7e00000, 0x00000000a7e00000|100%|HS|  |TAMS 0x00000000a7d00000, 0x00000000a7e00000| Complete 
| 126|0x00000000a7e00000, 0x00000000a7f00000, 0x00000000a7f00000|100%|HC|  |TAMS 0x00000000a7e00000, 0x00000000a7f00000| Complete 
| 127|0x00000000a7f00000, 0x00000000a8000000, 0x00000000a8000000|100%|HC|  |TAMS 0x00000000a7f00000, 0x00000000a8000000| Complete 
| 128|0x00000000a8000000, 0x00000000a8100000, 0x00000000a8100000|100%|HC|  |TAMS 0x00000000a8000000, 0x00000000a8100000| Complete 
| 129|0x00000000a8100000, 0x00000000a8200000, 0x00000000a8200000|100%| O|  |TAMS 0x00000000a8100000, 0x00000000a8200000| Untracked 
| 130|0x00000000a8200000, 0x00000000a8300000, 0x00000000a8300000|100%| O|  |TAMS 0x00000000a8200000, 0x00000000a8300000| Untracked 
| 131|0x00000000a8300000, 0x00000000a8400000, 0x00000000a8400000|100%| O|  |TAMS 0x00000000a8300000, 0x00000000a8400000| Untracked 
| 132|0x00000000a8400000, 0x00000000a8500000, 0x00000000a8500000|100%| O|  |TAMS 0x00000000a8400000, 0x00000000a8500000| Untracked 
| 133|0x00000000a8500000, 0x00000000a8600000, 0x00000000a8600000|100%| O|  |TAMS 0x00000000a8500000, 0x00000000a8600000| Untracked 
| 134|0x00000000a8600000, 0x00000000a8700000, 0x00000000a8700000|100%| O|  |TAMS 0x00000000a8600000, 0x00000000a8700000| Untracked 
| 135|0x00000000a8700000, 0x00000000a8800000, 0x00000000a8800000|100%| O|  |TAMS 0x00000000a8700000, 0x00000000a8800000| Untracked 
| 136|0x00000000a8800000, 0x00000000a8900000, 0x00000000a8900000|100%| O|  |TAMS 0x00000000a8800000, 0x00000000a8900000| Untracked 
| 137|0x00000000a8900000, 0x00000000a8a00000, 0x00000000a8a00000|100%| O|  |TAMS 0x00000000a8900000, 0x00000000a8a00000| Untracked 
| 138|0x00000000a8a00000, 0x00000000a8b00000, 0x00000000a8b00000|100%| O|  |TAMS 0x00000000a8a00000, 0x00000000a8b00000| Untracked 
| 139|0x00000000a8b00000, 0x00000000a8c00000, 0x00000000a8c00000|100%| O|  |TAMS 0x00000000a8b00000, 0x00000000a8c00000| Untracked 
| 140|0x00000000a8c00000, 0x00000000a8d00000, 0x00000000a8d00000|100%| O|  |TAMS 0x00000000a8c00000, 0x00000000a8d00000| Untracked 
| 141|0x00000000a8d00000, 0x00000000a8dad400, 0x00000000a8e00000| 67%| O|  |TAMS 0x00000000a8d00000, 0x00000000a8dad400| Untracked 
| 142|0x00000000a8e00000, 0x00000000a8e00000, 0x00000000a8f00000|  0%| F|  |TAMS 0x00000000a8e00000, 0x00000000a8e00000| Untracked 
| 143|0x00000000a8f00000, 0x00000000a8f00000, 0x00000000a9000000|  0%| F|  |TAMS 0x00000000a8f00000, 0x00000000a8f00000| Untracked 
| 144|0x00000000a9000000, 0x00000000a9000000, 0x00000000a9100000|  0%| F|  |TAMS 0x00000000a9000000, 0x00000000a9000000| Untracked 
| 145|0x00000000a9100000, 0x00000000a9100000, 0x00000000a9200000|  0%| F|  |TAMS 0x00000000a9100000, 0x00000000a9100000| Untracked 
| 146|0x00000000a9200000, 0x00000000a9200000, 0x00000000a9300000|  0%| F|  |TAMS 0x00000000a9200000, 0x00000000a9200000| Untracked 
| 147|0x00000000a9300000, 0x00000000a9300000, 0x00000000a9400000|  0%| F|  |TAMS 0x00000000a9300000, 0x00000000a9300000| Untracked 
| 148|0x00000000a9400000, 0x00000000a9400000, 0x00000000a9500000|  0%| F|  |TAMS 0x00000000a9400000, 0x00000000a9400000| Untracked 
| 149|0x00000000a9500000, 0x00000000a9500000, 0x00000000a9600000|  0%| F|  |TAMS 0x00000000a9500000, 0x00000000a9500000| Untracked 
| 150|0x00000000a9600000, 0x00000000a9600000, 0x00000000a9700000|  0%| F|  |TAMS 0x00000000a9600000, 0x00000000a9600000| Untracked 
| 151|0x00000000a9700000, 0x00000000a9700000, 0x00000000a9800000|  0%| F|  |TAMS 0x00000000a9700000, 0x00000000a9700000| Untracked 
| 152|0x00000000a9800000, 0x00000000a9800000, 0x00000000a9900000|  0%| F|  |TAMS 0x00000000a9800000, 0x00000000a9800000| Untracked 
| 153|0x00000000a9900000, 0x00000000a9900000, 0x00000000a9a00000|  0%| F|  |TAMS 0x00000000a9900000, 0x00000000a9900000| Untracked 
| 154|0x00000000a9a00000, 0x00000000a9a00000, 0x00000000a9b00000|  0%| F|  |TAMS 0x00000000a9a00000, 0x00000000a9a00000| Untracked 
| 155|0x00000000a9b00000, 0x00000000a9b00000, 0x00000000a9c00000|  0%| F|  |TAMS 0x00000000a9b00000, 0x00000000a9b00000| Untracked 
| 156|0x00000000a9c00000, 0x00000000a9c00000, 0x00000000a9d00000|  0%| F|  |TAMS 0x00000000a9c00000, 0x00000000a9c00000| Untracked 
| 157|0x00000000a9d00000, 0x00000000a9d00000, 0x00000000a9e00000|  0%| F|  |TAMS 0x00000000a9d00000, 0x00000000a9d00000| Untracked 
| 158|0x00000000a9e00000, 0x00000000a9e00000, 0x00000000a9f00000|  0%| F|  |TAMS 0x00000000a9e00000, 0x00000000a9e00000| Untracked 
| 159|0x00000000a9f00000, 0x00000000a9f00000, 0x00000000aa000000|  0%| F|  |TAMS 0x00000000a9f00000, 0x00000000a9f00000| Untracked 
| 160|0x00000000aa000000, 0x00000000aa000000, 0x00000000aa100000|  0%| F|  |TAMS 0x00000000aa000000, 0x00000000aa000000| Untracked 
| 161|0x00000000aa100000, 0x00000000aa100000, 0x00000000aa200000|  0%| F|  |TAMS 0x00000000aa100000, 0x00000000aa100000| Untracked 
| 162|0x00000000aa200000, 0x00000000aa200000, 0x00000000aa300000|  0%| F|  |TAMS 0x00000000aa200000, 0x00000000aa200000| Untracked 
| 163|0x00000000aa300000, 0x00000000aa300000, 0x00000000aa400000|  0%| F|  |TAMS 0x00000000aa300000, 0x00000000aa300000| Untracked 
| 164|0x00000000aa400000, 0x00000000aa400000, 0x00000000aa500000|  0%| F|  |TAMS 0x00000000aa400000, 0x00000000aa400000| Untracked 
| 165|0x00000000aa500000, 0x00000000aa500000, 0x00000000aa600000|  0%| F|  |TAMS 0x00000000aa500000, 0x00000000aa500000| Untracked 
| 166|0x00000000aa600000, 0x00000000aa600000, 0x00000000aa700000|  0%| F|  |TAMS 0x00000000aa600000, 0x00000000aa600000| Untracked 
| 167|0x00000000aa700000, 0x00000000aa700000, 0x00000000aa800000|  0%| F|  |TAMS 0x00000000aa700000, 0x00000000aa700000| Untracked 
| 168|0x00000000aa800000, 0x00000000aa800000, 0x00000000aa900000|  0%| F|  |TAMS 0x00000000aa800000, 0x00000000aa800000| Untracked 
| 169|0x00000000aa900000, 0x00000000aa900000, 0x00000000aaa00000|  0%| F|  |TAMS 0x00000000aa900000, 0x00000000aa900000| Untracked 
| 170|0x00000000aaa00000, 0x00000000aaa00000, 0x00000000aab00000|  0%| F|  |TAMS 0x00000000aaa00000, 0x00000000aaa00000| Untracked 
| 171|0x00000000aab00000, 0x00000000aab00000, 0x00000000aac00000|  0%| F|  |TAMS 0x00000000aab00000, 0x00000000aab00000| Untracked 
| 172|0x00000000aac00000, 0x00000000aac00000, 0x00000000aad00000|  0%| F|  |TAMS 0x00000000aac00000, 0x00000000aac00000| Untracked 
| 173|0x00000000aad00000, 0x00000000aad00000, 0x00000000aae00000|  0%| F|  |TAMS 0x00000000aad00000, 0x00000000aad00000| Untracked 
| 174|0x00000000aae00000, 0x00000000aae00000, 0x00000000aaf00000|  0%| F|  |TAMS 0x00000000aae00000, 0x00000000aae00000| Untracked 
| 175|0x00000000aaf00000, 0x00000000aaf00000, 0x00000000ab000000|  0%| F|  |TAMS 0x00000000aaf00000, 0x00000000aaf00000| Untracked 
| 176|0x00000000ab000000, 0x00000000ab000000, 0x00000000ab100000|  0%| F|  |TAMS 0x00000000ab000000, 0x00000000ab000000| Untracked 
| 177|0x00000000ab100000, 0x00000000ab100000, 0x00000000ab200000|  0%| F|  |TAMS 0x00000000ab100000, 0x00000000ab100000| Untracked 
| 178|0x00000000ab200000, 0x00000000ab200000, 0x00000000ab300000|  0%| F|  |TAMS 0x00000000ab200000, 0x00000000ab200000| Untracked 
| 179|0x00000000ab300000, 0x00000000ab300000, 0x00000000ab400000|  0%| F|  |TAMS 0x00000000ab300000, 0x00000000ab300000| Untracked 
| 180|0x00000000ab400000, 0x00000000ab4ade48, 0x00000000ab500000| 67%| S|CS|TAMS 0x00000000ab400000, 0x00000000ab400000| Complete 
| 181|0x00000000ab500000, 0x00000000ab500000, 0x00000000ab600000|  0%| F|  |TAMS 0x00000000ab500000, 0x00000000ab500000| Untracked 
| 182|0x00000000ab600000, 0x00000000ab600000, 0x00000000ab700000|  0%| F|  |TAMS 0x00000000ab600000, 0x00000000ab600000| Untracked 
| 183|0x00000000ab700000, 0x00000000ab700000, 0x00000000ab800000|  0%| F|  |TAMS 0x00000000ab700000, 0x00000000ab700000| Untracked 
| 184|0x00000000ab800000, 0x00000000ab800000, 0x00000000ab900000|  0%| F|  |TAMS 0x00000000ab800000, 0x00000000ab800000| Untracked 
| 185|0x00000000ab900000, 0x00000000ab900000, 0x00000000aba00000|  0%| F|  |TAMS 0x00000000ab900000, 0x00000000ab900000| Untracked 
| 186|0x00000000aba00000, 0x00000000aba00000, 0x00000000abb00000|  0%| F|  |TAMS 0x00000000aba00000, 0x00000000aba00000| Untracked 
| 187|0x00000000abb00000, 0x00000000abb00000, 0x00000000abc00000|  0%| F|  |TAMS 0x00000000abb00000, 0x00000000abb00000| Untracked 
| 188|0x00000000abc00000, 0x00000000abc00000, 0x00000000abd00000|  0%| F|  |TAMS 0x00000000abc00000, 0x00000000abc00000| Untracked 
| 189|0x00000000abd00000, 0x00000000abd00000, 0x00000000abe00000|  0%| F|  |TAMS 0x00000000abd00000, 0x00000000abd00000| Untracked 
| 190|0x00000000abe00000, 0x00000000abe00000, 0x00000000abf00000|  0%| F|  |TAMS 0x00000000abe00000, 0x00000000abe00000| Untracked 
| 191|0x00000000abf00000, 0x00000000abf00000, 0x00000000ac000000|  0%| F|  |TAMS 0x00000000abf00000, 0x00000000abf00000| Untracked 
| 192|0x00000000ac000000, 0x00000000ac000000, 0x00000000ac100000|  0%| F|  |TAMS 0x00000000ac000000, 0x00000000ac000000| Untracked 
| 193|0x00000000ac100000, 0x00000000ac100000, 0x00000000ac200000|  0%| F|  |TAMS 0x00000000ac100000, 0x00000000ac100000| Untracked 
| 194|0x00000000ac200000, 0x00000000ac200000, 0x00000000ac300000|  0%| F|  |TAMS 0x00000000ac200000, 0x00000000ac200000| Untracked 
| 195|0x00000000ac300000, 0x00000000ac300000, 0x00000000ac400000|  0%| F|  |TAMS 0x00000000ac300000, 0x00000000ac300000| Untracked 
| 196|0x00000000ac400000, 0x00000000ac400000, 0x00000000ac500000|  0%| F|  |TAMS 0x00000000ac400000, 0x00000000ac400000| Untracked 
| 197|0x00000000ac500000, 0x00000000ac500000, 0x00000000ac600000|  0%| F|  |TAMS 0x00000000ac500000, 0x00000000ac500000| Untracked 
| 198|0x00000000ac600000, 0x00000000ac600000, 0x00000000ac700000|  0%| F|  |TAMS 0x00000000ac600000, 0x00000000ac600000| Untracked 
| 199|0x00000000ac700000, 0x00000000ac700000, 0x00000000ac800000|  0%| F|  |TAMS 0x00000000ac700000, 0x00000000ac700000| Untracked 
| 200|0x00000000ac800000, 0x00000000ac800000, 0x00000000ac900000|  0%| F|  |TAMS 0x00000000ac800000, 0x00000000ac800000| Untracked 
| 201|0x00000000ac900000, 0x00000000ac900000, 0x00000000aca00000|  0%| F|  |TAMS 0x00000000ac900000, 0x00000000ac900000| Untracked 
| 202|0x00000000aca00000, 0x00000000aca00000, 0x00000000acb00000|  0%| F|  |TAMS 0x00000000aca00000, 0x00000000aca00000| Untracked 
| 203|0x00000000acb00000, 0x00000000acb00000, 0x00000000acc00000|  0%| F|  |TAMS 0x00000000acb00000, 0x00000000acb00000| Untracked 
| 204|0x00000000acc00000, 0x00000000acc00000, 0x00000000acd00000|  0%| F|  |TAMS 0x00000000acc00000, 0x00000000acc00000| Untracked 
| 205|0x00000000acd00000, 0x00000000acd00000, 0x00000000ace00000|  0%| F|  |TAMS 0x00000000acd00000, 0x00000000acd00000| Untracked 
| 206|0x00000000ace00000, 0x00000000ace00000, 0x00000000acf00000|  0%| F|  |TAMS 0x00000000ace00000, 0x00000000ace00000| Untracked 
| 207|0x00000000acf00000, 0x00000000acf00000, 0x00000000ad000000|  0%| F|  |TAMS 0x00000000acf00000, 0x00000000acf00000| Untracked 
| 208|0x00000000ad000000, 0x00000000ad000000, 0x00000000ad100000|  0%| F|  |TAMS 0x00000000ad000000, 0x00000000ad000000| Untracked 
| 209|0x00000000ad100000, 0x00000000ad100000, 0x00000000ad200000|  0%| F|  |TAMS 0x00000000ad100000, 0x00000000ad100000| Untracked 
| 210|0x00000000ad200000, 0x00000000ad200000, 0x00000000ad300000|  0%| F|  |TAMS 0x00000000ad200000, 0x00000000ad200000| Untracked 
| 211|0x00000000ad300000, 0x00000000ad300800, 0x00000000ad400000|  0%| E|  |TAMS 0x00000000ad300000, 0x00000000ad300000| Complete 
| 212|0x00000000ad400000, 0x00000000ad500000, 0x00000000ad500000|100%| E|CS|TAMS 0x00000000ad400000, 0x00000000ad400000| Complete 
| 213|0x00000000ad500000, 0x00000000ad600000, 0x00000000ad600000|100%| E|CS|TAMS 0x00000000ad500000, 0x00000000ad500000| Complete 
| 214|0x00000000ad600000, 0x00000000ad700000, 0x00000000ad700000|100%| E|CS|TAMS 0x00000000ad600000, 0x00000000ad600000| Complete 
| 215|0x00000000ad700000, 0x00000000ad800000, 0x00000000ad800000|100%| E|CS|TAMS 0x00000000ad700000, 0x00000000ad700000| Complete 
| 216|0x00000000ad800000, 0x00000000ad900000, 0x00000000ad900000|100%| E|CS|TAMS 0x00000000ad800000, 0x00000000ad800000| Complete 
| 217|0x00000000ad900000, 0x00000000ada00000, 0x00000000ada00000|100%| E|CS|TAMS 0x00000000ad900000, 0x00000000ad900000| Complete 
| 218|0x00000000ada00000, 0x00000000adb00000, 0x00000000adb00000|100%| E|CS|TAMS 0x00000000ada00000, 0x00000000ada00000| Complete 
| 219|0x00000000adb00000, 0x00000000adc00000, 0x00000000adc00000|100%| E|CS|TAMS 0x00000000adb00000, 0x00000000adb00000| Complete 

Card table byte_map: [0x0000028ef77c0000,0x0000028ef7ac0000] _byte_map_base: 0x0000028ef72c0000

Marking Bits (Prev, Next): (CMBitMap*) 0x0000028ef39d19c0, (CMBitMap*) 0x0000028ef39d1988
 Prev Bits: [0x0000028ef95c0000, 0x0000028efadc0000)
 Next Bits: [0x0000028ef7dc0000, 0x0000028ef95c0000)

Polling page: 0x0000028ef1870000

Metaspace:

Usage:
  Non-class:     73.36 MB capacity,    71.92 MB ( 98%) used,     1.23 MB (  2%) free+waste,   219.31 KB ( <1%) overhead. 
      Class:     11.13 MB capacity,    10.40 MB ( 93%) used,   641.79 KB (  6%) free+waste,   101.88 KB ( <1%) overhead. 
       Both:     84.49 MB capacity,    82.32 MB ( 97%) used,     1.86 MB (  2%) free+waste,   321.19 KB ( <1%) overhead. 

Virtual space:
  Non-class space:       74.00 MB reserved,      73.42 MB (>99%) committed 
      Class space:        1.00 GB reserved,      11.25 MB (  1%) committed 
             Both:        1.07 GB reserved,      84.67 MB (  8%) committed 

Chunk freelists:
   Non-Class:  62.00 KB
       Class:  30.00 KB
        Both:  92.00 KB

MaxMetaspaceSize: 17179869184.00 GB
CompressedClassSpaceSize: 1.00 GB
Initial GC threshold: 20.80 MB
Current GC threshold: 133.00 MB
CDS: off

CodeHeap 'non-profiled nmethods': size=120064Kb used=5045Kb max_used=5045Kb free=115018Kb
 bounds [0x0000028e87ac0000, 0x0000028e87fb0000, 0x0000028e8f000000]
CodeHeap 'profiled nmethods': size=120000Kb used=17912Kb max_used=17912Kb free=102088Kb
 bounds [0x0000028e80590000, 0x0000028e81710000, 0x0000028e87ac0000]
CodeHeap 'non-nmethods': size=5696Kb used=2365Kb max_used=2422Kb free=3331Kb
 bounds [0x0000028e80000000, 0x0000028e80280000, 0x0000028e80590000]
 total_blobs=9102 nmethods=8218 adapters=796
 compilation: enabled
              stopped_count=0, restarted_count=0
 full_count=0

Compilation events (20 events):
Event: 14.224 Thread 0x0000028efd2c0800 8192       3       org.gradle.tooling.internal.adapter.ProtocolToModelAdapter$TypeSpecificMappingAction::<init> (10 bytes)
Event: 14.225 Thread 0x0000028efd2c0800 nmethod 8192 0x0000028e816e8410 code [0x0000028e816e85c0, 0x0000028e816e8778]
Event: 14.228 Thread 0x0000028efd2bf800 nmethod 8135 0x0000028e87faac10 code [0x0000028e87faade0, 0x0000028e87fab468]
Event: 14.228 Thread 0x0000028efd2bf800 8186       4       java.beans.MethodRef::set (58 bytes)
Event: 14.229 Thread 0x0000028efd2c0800 8193       3       org.gradle.internal.service.DefaultServiceRegistry::get (10 bytes)
Event: 14.229 Thread 0x0000028efd2c0800 nmethod 8193 0x0000028e816e8810 code [0x0000028e816e8a00, 0x0000028e816e8dc8]
Event: 14.231 Thread 0x0000028efd2c0800 8194       3       org.codehaus.groovy.runtime.InvokerHelper::asArray (29 bytes)
Event: 14.231 Thread 0x0000028efd2c0800 nmethod 8194 0x0000028e816e8f10 code [0x0000028e816e90e0, 0x0000028e816e9638]
Event: 14.231 Thread 0x0000028efd2c0800 8195       3       org.codehaus.groovy.runtime.InvokerHelper::getMetaClass (28 bytes)
Event: 14.231 Thread 0x0000028efd2c0800 nmethod 8195 0x0000028e816e9710 code [0x0000028e816e99a0, 0x0000028e816ea728]
Event: 14.232 Thread 0x0000028efd2c0800 8196       3       org.codehaus.groovy.runtime.InvokerHelper::invokePojoMethod (18 bytes)
Event: 14.233 Thread 0x0000028efd2c0800 nmethod 8196 0x0000028e816eab10 code [0x0000028e816eade0, 0x0000028e816ec208]
Event: 14.233 Thread 0x0000028efd2c0800 8197       1       org.gradle.internal.logging.events.ProgressCompleteEvent::getStatus (5 bytes)
Event: 14.233 Thread 0x0000028efd2c0800 nmethod 8197 0x0000028e87fab810 code [0x0000028e87fab9c0, 0x0000028e87faba78]
Event: 14.233 Thread 0x0000028efd2c0800 8198       1       org.gradle.internal.logging.events.ProgressCompleteEvent::getTimestamp (5 bytes)
Event: 14.233 Thread 0x0000028efd2c0800 nmethod 8198 0x0000028e87fabb10 code [0x0000028e87fabcc0, 0x0000028e87fabd78]
Event: 14.233 Thread 0x0000028efd2c0800 8199       3       org.gradle.tooling.internal.adapter.ProtocolToModelAdapter::access$200 (4 bytes)
Event: 14.234 Thread 0x0000028efd2c0800 nmethod 8199 0x0000028e816ec710 code [0x0000028e816ec8c0, 0x0000028e816ec9b8]
Event: 14.457 Thread 0x0000028efd2c0800 8201       3       org.jetbrains.plugins.gradle.tooling.internal.ClasspathEntryModelImpl::hashCode (42 bytes)
Event: 14.458 Thread 0x0000028efd2c0800 nmethod 8201 0x0000028e816eca90 code [0x0000028e816ecc80, 0x0000028e816ed008]

GC Heap History (20 events):
Event: 10.139 GC heap before
{Heap before GC invocations=29 (full 0):
 garbage-first heap   total 155648K, used 124059K [0x00000000a0000000, 0x0000000100000000)
  region size 1024K, 28 young (28672K), 4 survivors (4096K)
 Metaspace       used 64703K, capacity 66565K, committed 66864K, reserved 1107968K
  class space    used 8074K, capacity 8715K, committed 8832K, reserved 1048576K
}
Event: 10.147 GC heap after
{Heap after GC invocations=30 (full 0):
 garbage-first heap   total 155648K, used 100584K [0x00000000a0000000, 0x0000000100000000)
  region size 1024K, 3 young (3072K), 3 survivors (3072K)
 Metaspace       used 64703K, capacity 66565K, committed 66864K, reserved 1107968K
  class space    used 8074K, capacity 8715K, committed 8832K, reserved 1048576K
}
Event: 10.333 GC heap before
{Heap before GC invocations=30 (full 0):
 garbage-first heap   total 155648K, used 114920K [0x00000000a0000000, 0x0000000100000000)
  region size 1024K, 19 young (19456K), 3 survivors (3072K)
 Metaspace       used 66017K, capacity 67827K, committed 68016K, reserved 1107968K
  class space    used 8245K, capacity 8857K, committed 8960K, reserved 1048576K
}
Event: 10.338 GC heap after
{Heap after GC invocations=31 (full 0):
 garbage-first heap   total 155648K, used 101572K [0x00000000a0000000, 0x0000000100000000)
  region size 1024K, 4 young (4096K), 4 survivors (4096K)
 Metaspace       used 66017K, capacity 67827K, committed 68016K, reserved 1107968K
  class space    used 8245K, capacity 8857K, committed 8960K, reserved 1048576K
}
Event: 10.768 GC heap before
{Heap before GC invocations=32 (full 0):
 garbage-first heap   total 155648K, used 127172K [0x00000000a0000000, 0x0000000100000000)
  region size 1024K, 28 young (28672K), 4 survivors (4096K)
 Metaspace       used 68468K, capacity 70364K, committed 70576K, reserved 1110016K
  class space    used 8557K, capacity 9208K, committed 9216K, reserved 1048576K
}
Event: 10.773 GC heap after
{Heap after GC invocations=33 (full 0):
 garbage-first heap   total 155648K, used 102106K [0x00000000a0000000, 0x0000000100000000)
  region size 1024K, 2 young (2048K), 2 survivors (2048K)
 Metaspace       used 68468K, capacity 70364K, committed 70576K, reserved 1110016K
  class space    used 8557K, capacity 9208K, committed 9216K, reserved 1048576K
}
Event: 11.035 GC heap before
{Heap before GC invocations=33 (full 0):
 garbage-first heap   total 155648K, used 126682K [0x00000000a0000000, 0x0000000100000000)
  region size 1024K, 27 young (27648K), 2 survivors (2048K)
 Metaspace       used 69458K, capacity 71375K, committed 71472K, reserved 1112064K
  class space    used 8678K, capacity 9310K, committed 9344K, reserved 1048576K
}
Event: 11.044 GC heap after
{Heap after GC invocations=34 (full 0):
 garbage-first heap   total 187392K, used 104075K [0x00000000a0000000, 0x0000000100000000)
  region size 1024K, 4 young (4096K), 4 survivors (4096K)
 Metaspace       used 69458K, capacity 71375K, committed 71472K, reserved 1112064K
  class space    used 8678K, capacity 9310K, committed 9344K, reserved 1048576K
}
Event: 11.336 GC heap before
{Heap before GC invocations=35 (full 0):
 garbage-first heap   total 187392K, used 141963K [0x00000000a0000000, 0x0000000100000000)
  region size 1024K, 41 young (41984K), 4 survivors (4096K)
 Metaspace       used 69750K, capacity 71671K, committed 71728K, reserved 1112064K
  class space    used 8695K, capacity 9343K, committed 9344K, reserved 1048576K
}
Event: 11.344 GC heap after
{Heap after GC invocations=36 (full 0):
 garbage-first heap   total 187392K, used 106889K [0x00000000a0000000, 0x0000000100000000)
  region size 1024K, 6 young (6144K), 6 survivors (6144K)
 Metaspace       used 69750K, capacity 71671K, committed 71728K, reserved 1112064K
  class space    used 8695K, capacity 9343K, committed 9344K, reserved 1048576K
}
Event: 11.982 GC heap before
{Heap before GC invocations=36 (full 0):
 garbage-first heap   total 187392K, used 144777K [0x00000000a0000000, 0x0000000100000000)
  region size 1024K, 43 young (44032K), 6 survivors (6144K)
 Metaspace       used 74515K, capacity 76412K, committed 76720K, reserved 1116160K
  class space    used 9464K, capacity 10135K, committed 10240K, reserved 1048576K
}
Event: 11.994 GC heap after
{Heap after GC invocations=37 (full 0):
 garbage-first heap   total 187392K, used 109122K [0x00000000a0000000, 0x0000000100000000)
  region size 1024K, 5 young (5120K), 5 survivors (5120K)
 Metaspace       used 74515K, capacity 76412K, committed 76720K, reserved 1116160K
  class space    used 9464K, capacity 10135K, committed 10240K, reserved 1048576K
}
Event: 12.897 GC heap before
{Heap before GC invocations=38 (full 0):
 garbage-first heap   total 187392K, used 148034K [0x00000000a0000000, 0x0000000100000000)
  region size 1024K, 43 young (44032K), 5 survivors (5120K)
 Metaspace       used 79237K, capacity 81132K, committed 81456K, reserved 1120256K
  class space    used 10084K, capacity 10765K, committed 10880K, reserved 1048576K
}
Event: 12.907 GC heap after
{Heap after GC invocations=39 (full 0):
 garbage-first heap   total 187392K, used 111785K [0x00000000a0000000, 0x0000000100000000)
  region size 1024K, 5 young (5120K), 5 survivors (5120K)
 Metaspace       used 79237K, capacity 81132K, committed 81456K, reserved 1120256K
  class space    used 10084K, capacity 10765K, committed 10880K, reserved 1048576K
}
Event: 12.969 GC heap before
{Heap before GC invocations=39 (full 0):
 garbage-first heap   total 187392K, used 114857K [0x00000000a0000000, 0x0000000100000000)
  region size 1024K, 9 young (9216K), 5 survivors (5120K)
 Metaspace       used 79701K, capacity 81612K, committed 81712K, reserved 1120256K
  class space    used 10139K, capacity 10797K, committed 10880K, reserved 1048576K
}
Event: 12.978 GC heap after
{Heap after GC invocations=40 (full 0):
 garbage-first heap   total 225280K, used 112254K [0x00000000a0000000, 0x0000000100000000)
  region size 1024K, 3 young (3072K), 3 survivors (3072K)
 Metaspace       used 79701K, capacity 81612K, committed 81712K, reserved 1120256K
  class space    used 10139K, capacity 10797K, committed 10880K, reserved 1048576K
}
Event: 14.041 GC heap before
{Heap before GC invocations=41 (full 0):
 garbage-first heap   total 225280K, used 187006K [0x00000000a0000000, 0x0000000100000000)
  region size 1024K, 55 young (56320K), 3 survivors (3072K)
 Metaspace       used 82978K, capacity 85167K, committed 85168K, reserved 1124352K
  class space    used 10494K, capacity 11263K, committed 11264K, reserved 1048576K
}
Event: 14.050 GC heap after
{Heap after GC invocations=42 (full 0):
 garbage-first heap   total 225280K, used 144603K [0x00000000a0000000, 0x0000000100000000)
  region size 1024K, 7 young (7168K), 7 survivors (7168K)
 Metaspace       used 82978K, capacity 85167K, committed 85168K, reserved 1124352K
  class space    used 10494K, capacity 11263K, committed 11264K, reserved 1048576K
}
Event: 14.375 GC heap before
{Heap before GC invocations=42 (full 0):
 garbage-first heap   total 225280K, used 184539K [0x00000000a0000000, 0x0000000100000000)
  region size 1024K, 46 young (47104K), 7 survivors (7168K)
 Metaspace       used 84076K, capacity 86356K, committed 86576K, reserved 1124352K
  class space    used 10626K, capacity 11362K, committed 11392K, reserved 1048576K
}
Event: 14.388 GC heap after
{Heap after GC invocations=43 (full 0):
 garbage-first heap   total 225280K, used 145772K [0x00000000a0000000, 0x0000000100000000)
  region size 1024K, 1 young (1024K), 1 survivors (1024K)
 Metaspace       used 84076K, capacity 86356K, committed 86576K, reserved 1124352K
  class space    used 10626K, capacity 11362K, committed 11392K, reserved 1048576K
}

Deoptimization events (20 events):
Event: 13.435 Thread 0x0000028e93ef3000 DEOPT PACKING pc=0x0000028e87d11184 sp=0x000000e6d13fdbb0
Event: 13.435 Thread 0x0000028e93ef3000 DEOPT UNPACKING pc=0x0000028e8004a1af sp=0x000000e6d13fda98 mode 2
Event: 13.438 Thread 0x0000028e8fafe800 DEOPT PACKING pc=0x0000028e80a4d7c9 sp=0x000000e6cd4fce20
Event: 13.438 Thread 0x0000028e8fafe800 DEOPT UNPACKING pc=0x0000028e8004a95e sp=0x000000e6cd4fc298 mode 0
Event: 13.449 Thread 0x0000028e93ef3000 Uncommon trap: trap_request=0xffffffc6 fr.pc=0x0000028e87c1d14c relative=0x00000000000003ec
Event: 13.449 Thread 0x0000028e93ef3000 Uncommon trap: reason=bimorphic_or_optimized_type_check action=maybe_recompile pc=0x0000028e87c1d14c method=java.util.Collections$SetFromMap.remove(Ljava/lang/Object;)Z @ 5 c2
Event: 13.450 Thread 0x0000028e93ef3000 DEOPT PACKING pc=0x0000028e87c1d14c sp=0x000000e6d13fead0
Event: 13.450 Thread 0x0000028e93ef3000 DEOPT UNPACKING pc=0x0000028e8004a1af sp=0x000000e6d13feac8 mode 2
Event: 13.493 Thread 0x0000028efed83000 Uncommon trap: trap_request=0xffffff4d fr.pc=0x0000028e87f21b10 relative=0x0000000000004e10
Event: 13.493 Thread 0x0000028efed83000 Uncommon trap: reason=unstable_if action=reinterpret pc=0x0000028e87f21b10 method=java.lang.reflect.Executable.printModifiersIfNonzero(Ljava/lang/StringBuilder;IZ)V @ 14 c2
Event: 13.493 Thread 0x0000028efed83000 DEOPT PACKING pc=0x0000028e87f21b10 sp=0x000000e6cd1f87c0
Event: 13.493 Thread 0x0000028efed83000 DEOPT UNPACKING pc=0x0000028e8004a1af sp=0x000000e6cd1f8760 mode 2
Event: 13.981 Thread 0x0000028efed83000 Uncommon trap: trap_request=0xffffff4d fr.pc=0x0000028e87cfdfcc relative=0x000000000000418c
Event: 13.981 Thread 0x0000028efed83000 Uncommon trap: reason=unstable_if action=reinterpret pc=0x0000028e87cfdfcc method=groovy.lang.MetaClassImpl.checkIfStdMethod(Lgroovy/lang/MetaMethod;)V @ 167 c2
Event: 13.981 Thread 0x0000028efed83000 DEOPT PACKING pc=0x0000028e87cfdfcc sp=0x000000e6cd1f9840
Event: 13.981 Thread 0x0000028efed83000 DEOPT UNPACKING pc=0x0000028e8004a1af sp=0x000000e6cd1f9820 mode 2
Event: 13.989 Thread 0x0000028efed83000 Uncommon trap: trap_request=0xffffff4d fr.pc=0x0000028e87d06c4c relative=0x0000000000003e4c
Event: 13.989 Thread 0x0000028efed83000 Uncommon trap: reason=unstable_if action=reinterpret pc=0x0000028e87d06c4c method=groovy.lang.MetaClassImpl.checkIfStdMethod(Lgroovy/lang/MetaMethod;)V @ 167 c2
Event: 13.989 Thread 0x0000028efed83000 DEOPT PACKING pc=0x0000028e87d06c4c sp=0x000000e6cd1f97d0
Event: 13.989 Thread 0x0000028efed83000 DEOPT UNPACKING pc=0x0000028e8004a1af sp=0x000000e6cd1f9808 mode 2

Classes redefined (0 events):
No events

Internal exceptions (20 events):
Event: 13.971 Thread 0x0000028efed83000 Exception <a 'java/lang/ClassNotFoundException'{0x00000000aaa9b6c0}: org/gradle/api/internal/AbstractValidatingNamedDomainObjectContainerBeanInfo> (0x00000000aaa9b6c0) thrown at [./src/hotspot/share/classfile/systemDictionary.cpp, line 231]
Event: 13.971 Thread 0x0000028efed83000 Exception <a 'java/lang/ClassNotFoundException'{0x00000000aaab3c10}: org/gradle/api/internal/AbstractValidatingNamedDomainObjectContainerCustomizer> (0x00000000aaab3c10) thrown at [./src/hotspot/share/classfile/systemDictionary.cpp, line 231]
Event: 13.972 Thread 0x0000028efed83000 Exception <a 'java/lang/ClassNotFoundException'{0x00000000aaae67f0}: org/gradle/api/internal/artifacts/configurations/DefaultConfigurationContainerCustomizer> (0x00000000aaae67f0) thrown at [./src/hotspot/share/classfile/systemDictionary.cpp, line 231]
Event: 13.973 Thread 0x0000028efed83000 Exception <a 'java/lang/ClassNotFoundException'{0x00000000aa924c88}: org/gradle/api/internal/artifacts/configurations/DefaultConfigurationContainer_DecoratedCustomizer> (0x00000000aa924c88) thrown at [./src/hotspot/share/classfile/systemDictionary.cpp, line 231]
Event: 14.015 Thread 0x0000028efed83000 Exception <a 'java/lang/ClassNotFoundException'{0x00000000aa8b13f8}: java/lang/IntegerBeanInfo> (0x00000000aa8b13f8) thrown at [./src/hotspot/share/classfile/systemDictionary.cpp, line 231]
Event: 14.015 Thread 0x0000028efed83000 Exception <a 'java/lang/ClassNotFoundException'{0x00000000aa8ba6a8}: java/lang/NumberBeanInfo> (0x00000000aa8ba6a8) thrown at [./src/hotspot/share/classfile/systemDictionary.cpp, line 231]
Event: 14.015 Thread 0x0000028efed83000 Exception <a 'java/lang/ClassNotFoundException'{0x00000000aa8c3d68}: java/lang/NumberCustomizer> (0x00000000aa8c3d68) thrown at [./src/hotspot/share/classfile/systemDictionary.cpp, line 231]
Event: 14.016 Thread 0x0000028efed83000 Exception <a 'java/lang/ClassNotFoundException'{0x00000000aa8d0318}: java/lang/IntegerCustomizer> (0x00000000aa8d0318) thrown at [./src/hotspot/share/classfile/systemDictionary.cpp, line 231]
Event: 14.021 Thread 0x0000028efed83000 Exception <a 'java/lang/ClassNotFoundException'{0x00000000aa735028}: org/gradle/internal/extensibility/DefaultConventionBeanInfo> (0x00000000aa735028) thrown at [./src/hotspot/share/classfile/systemDictionary.cpp, line 231]
Event: 14.022 Thread 0x0000028efed83000 Exception <a 'java/lang/ClassNotFoundException'{0x00000000aa74b180}: org/gradle/internal/extensibility/DefaultConventionCustomizer> (0x00000000aa74b180) thrown at [./src/hotspot/share/classfile/systemDictionary.cpp, line 231]
Event: 14.030 Thread 0x0000028efed83000 Exception <a 'java/lang/ClassNotFoundException'{0x00000000aa7f1248}: org/gradle/internal/extensibility/DefaultExtensionsSchemaBeanInfo> (0x00000000aa7f1248) thrown at [./src/hotspot/share/classfile/systemDictionary.cpp, line 231]
Event: 14.030 Thread 0x0000028efed83000 Exception <a 'java/lang/ClassNotFoundException'{0x00000000aa608ad0}: org/gradle/internal/extensibility/DefaultExtensionsSchemaCustomizer> (0x00000000aa608ad0) thrown at [./src/hotspot/share/classfile/systemDictionary.cpp, line 231]
Event: 14.032 Thread 0x0000028efed83000 Exception <a 'java/lang/ClassNotFoundException'{0x00000000aa647900}: org/gradle/internal/extensibility/ExtensionsStorage$ExtensionHolderBeanInfo> (0x00000000aa647900) thrown at [./src/hotspot/share/classfile/systemDictionary.cpp, line 231]
Event: 14.033 Thread 0x0000028efed83000 Exception <a 'java/lang/ClassNotFoundException'{0x00000000aa65ffe8}: org/gradle/internal/extensibility/ExtensionsStorage$ExtensionHolderCustomizer> (0x00000000aa65ffe8) thrown at [./src/hotspot/share/classfile/systemDictionary.cpp, line 231]
Event: 14.051 Thread 0x0000028efed83000 Exception <a 'java/lang/ClassNotFoundException'{0x00000000adb94528}: org/codehaus/groovy/runtime/NullObjectBeanInfo> (0x00000000adb94528) thrown at [./src/hotspot/share/classfile/systemDictionary.cpp, line 231]
Event: 14.053 Thread 0x0000028efed83000 Exception <a 'java/lang/ClassNotFoundException'{0x00000000ad968220}: org/codehaus/groovy/runtime/NullObjectCustomizer> (0x00000000ad968220) thrown at [./src/hotspot/share/classfile/systemDictionary.cpp, line 231]
Event: 14.214 Thread 0x0000028efed83000 Exception <a 'java/lang/ClassNotFoundException'{0x00000000ad1112b0}: org/gradle/api/internal/tasks/DefaultSourceSetContainer_DecoratedBeanInfo> (0x00000000ad1112b0) thrown at [./src/hotspot/share/classfile/systemDictionary.cpp, line 231]
Event: 14.214 Thread 0x0000028efed83000 Exception <a 'java/lang/ClassNotFoundException'{0x00000000ad132f30}: org/gradle/api/internal/tasks/DefaultSourceSetContainerBeanInfo> (0x00000000ad132f30) thrown at [./src/hotspot/share/classfile/systemDictionary.cpp, line 231]
Event: 14.215 Thread 0x0000028efed83000 Exception <a 'java/lang/ClassNotFoundException'{0x00000000ad154c08}: org/gradle/api/internal/tasks/DefaultSourceSetContainerCustomizer> (0x00000000ad154c08) thrown at [./src/hotspot/share/classfile/systemDictionary.cpp, line 231]
Event: 14.216 Thread 0x0000028efed83000 Exception <a 'java/lang/ClassNotFoundException'{0x00000000ad185860}: org/gradle/api/internal/tasks/DefaultSourceSetContainer_DecoratedCustomizer> (0x00000000ad185860) thrown at [./src/hotspot/share/classfile/systemDictionary.cpp, line 231]

Events (20 events):
Event: 14.452 loading class com/amazon/ion/impl/bin/IonManagedBinaryWriter$SymbolState$4
Event: 14.452 loading class com/amazon/ion/impl/bin/IonManagedBinaryWriter$SymbolState$4 done
Event: 14.453 loading class com/amazon/ion/impl/bin/IonManagedBinaryWriter$UserState
Event: 14.453 loading class com/amazon/ion/impl/bin/IonManagedBinaryWriter$UserState done
Event: 14.453 loading class com/amazon/ion/impl/bin/IonManagedBinaryWriter$UserState$1
Event: 14.453 loading class com/amazon/ion/impl/bin/IonManagedBinaryWriter$UserState$1 done
Event: 14.453 loading class com/amazon/ion/impl/bin/IonManagedBinaryWriter$UserState$2
Event: 14.453 loading class com/amazon/ion/impl/bin/IonManagedBinaryWriter$UserState$2 done
Event: 14.454 loading class com/amazon/ion/impl/bin/IonManagedBinaryWriter$UserState$3
Event: 14.454 loading class com/amazon/ion/impl/bin/IonManagedBinaryWriter$UserState$3 done
Event: 14.454 loading class com/amazon/ion/impl/bin/IonManagedBinaryWriter$UserState$4
Event: 14.454 loading class com/amazon/ion/impl/bin/IonManagedBinaryWriter$UserState$4 done
Event: 14.455 loading class com/amazon/ion/impl/bin/IonManagedBinaryWriter$ImportDescriptor
Event: 14.455 loading class com/amazon/ion/impl/bin/IonManagedBinaryWriter$ImportDescriptor done
Event: 14.456 loading class org/jetbrains/plugins/gradle/tooling/serialization/BuildScriptClasspathModelSerializationService$1
Event: 14.456 loading class org/jetbrains/plugins/gradle/tooling/serialization/BuildScriptClasspathModelSerializationService$1 done
Event: 14.456 loading class gnu/trove/PrimeFinder
Event: 14.456 loading class gnu/trove/PrimeFinder done
Event: 14.458 loading class com/amazon/ion/impl/bin/IonRawBinaryWriter$ContainerType
Event: 14.458 loading class com/amazon/ion/impl/bin/IonRawBinaryWriter$ContainerType done


Dynamic libraries:
0x00007ff7f1a10000 - 0x00007ff7f1a1a000 	C:\Users\sumon\Downloads\android-studio\jre\bin\java.exe
0x00007ffee4d90000 - 0x00007ffee4f85000 	C:\WINDOWS\SYSTEM32\ntdll.dll
0x00007ffee3550000 - 0x00007ffee360e000 	C:\WINDOWS\System32\KERNEL32.DLL
0x00007ffee2650000 - 0x00007ffee2918000 	C:\WINDOWS\System32\KERNELBASE.dll
0x00007ffee2ac0000 - 0x00007ffee2bc0000 	C:\WINDOWS\System32\ucrtbase.dll
0x00007ffed7e80000 - 0x00007ffed7e99000 	C:\Users\sumon\Downloads\android-studio\jre\bin\jli.dll
0x00007ffee41c0000 - 0x00007ffee4360000 	C:\WINDOWS\System32\USER32.dll
0x00007ffee2620000 - 0x00007ffee2642000 	C:\WINDOWS\System32\win32u.dll
0x00007ffee37e0000 - 0x00007ffee380b000 	C:\WINDOWS\System32\GDI32.dll
0x00007ffee2920000 - 0x00007ffee2a2b000 	C:\WINDOWS\System32\gdi32full.dll
0x00007ffee2bc0000 - 0x00007ffee2c5d000 	C:\WINDOWS\System32\msvcp_win.dll
0x00007ffed7e60000 - 0x00007ffed7e77000 	C:\Users\sumon\Downloads\android-studio\jre\bin\VCRUNTIME140.dll
0x00007ffeccd10000 - 0x00007ffeccfaa000 	C:\WINDOWS\WinSxS\amd64_microsoft.windows.common-controls_6595b64144ccf1df_6.0.19041.1110_none_60b5254171f9507e\COMCTL32.dll
0x00007ffee2e70000 - 0x00007ffee2f0e000 	C:\WINDOWS\System32\msvcrt.dll
0x00007ffee3000000 - 0x00007ffee3030000 	C:\WINDOWS\System32\IMM32.DLL
0x00007ffe98130000 - 0x00007ffe981cd000 	C:\Users\sumon\Downloads\android-studio\jre\bin\msvcp140.dll
0x00007ffe94730000 - 0x00007ffe95232000 	C:\Users\sumon\Downloads\android-studio\jre\bin\server\jvm.dll
0x00007ffee4ca0000 - 0x00007ffee4d4e000 	C:\WINDOWS\System32\ADVAPI32.dll
0x00007ffee3610000 - 0x00007ffee36ac000 	C:\WINDOWS\System32\sechost.dll
0x00007ffee36b0000 - 0x00007ffee37d5000 	C:\WINDOWS\System32\RPCRT4.dll
0x00007ffee4c30000 - 0x00007ffee4c38000 	C:\WINDOWS\System32\PSAPI.DLL
0x00007ffed7f10000 - 0x00007ffed7f19000 	C:\WINDOWS\SYSTEM32\WSOCK32.dll
0x00007ffee3930000 - 0x00007ffee399b000 	C:\WINDOWS\System32\WS2_32.dll
0x00007ffecca20000 - 0x00007ffecca47000 	C:\WINDOWS\SYSTEM32\WINMM.dll
0x00007ffedc730000 - 0x00007ffedc73a000 	C:\WINDOWS\SYSTEM32\VERSION.dll
0x00007ffee03a0000 - 0x00007ffee03b2000 	C:\WINDOWS\SYSTEM32\kernel.appcore.dll
0x00007ffecd330000 - 0x00007ffecd341000 	C:\Users\sumon\Downloads\android-studio\jre\bin\verify.dll
0x00007ffed02c0000 - 0x00007ffed04a4000 	C:\WINDOWS\SYSTEM32\DBGHELP.DLL
0x00007ffecfc40000 - 0x00007ffecfc6c000 	C:\WINDOWS\SYSTEM32\dbgcore.DLL
0x00007ffee2a30000 - 0x00007ffee2ab2000 	C:\WINDOWS\System32\bcryptPrimitives.dll
0x00007ffec9aa0000 - 0x00007ffec9ac9000 	C:\Users\sumon\Downloads\android-studio\jre\bin\java.dll
0x00007ffed7f00000 - 0x00007ffed7f0b000 	C:\Users\sumon\Downloads\android-studio\jre\bin\jimage.dll
0x00007ffec9ba0000 - 0x00007ffec9bb8000 	C:\Users\sumon\Downloads\android-studio\jre\bin\zip.dll
0x00007ffee39a0000 - 0x00007ffee40e4000 	C:\WINDOWS\System32\SHELL32.dll
0x00007ffee05a0000 - 0x00007ffee0d34000 	C:\WINDOWS\SYSTEM32\windows.storage.dll
0x00007ffee48b0000 - 0x00007ffee4c04000 	C:\WINDOWS\System32\combase.dll
0x00007ffee1d60000 - 0x00007ffee1d8c000 	C:\WINDOWS\SYSTEM32\Wldp.dll
0x00007ffee3810000 - 0x00007ffee38bd000 	C:\WINDOWS\System32\SHCORE.dll
0x00007ffee4850000 - 0x00007ffee48a5000 	C:\WINDOWS\System32\shlwapi.dll
0x00007ffee23f0000 - 0x00007ffee240f000 	C:\WINDOWS\SYSTEM32\profapi.dll
0x00007ffec6090000 - 0x00007ffec60aa000 	C:\Users\sumon\Downloads\android-studio\jre\bin\net.dll
0x00007ffed47a0000 - 0x00007ffed48a9000 	C:\WINDOWS\SYSTEM32\WINHTTP.dll
0x00007ffee1b40000 - 0x00007ffee1baa000 	C:\WINDOWS\system32\mswsock.dll
0x00007ffec6070000 - 0x00007ffec6084000 	C:\Users\sumon\Downloads\android-studio\jre\bin\nio.dll
0x00007ffed7e30000 - 0x00007ffed7e57000 	C:\Users\sumon\.gradle\native\e1d6ef7f7dcc3fd88c89a11ec53ec762bb8ba0a96d01ffa2cd45eb1d1d8dd5c5\windows-amd64\native-platform.dll
0x00007ffe99a40000 - 0x00007ffe99b84000 	C:\Users\sumon\.gradle\native\5664cfc778a61ccfe75a443a1ab52a65af34e5dc3c78e0209fed803814484fcb\windows-amd64\native-platform-file-events.dll
0x00007ffed7af0000 - 0x00007ffed7afa000 	C:\Users\sumon\Downloads\android-studio\jre\bin\management.dll
0x00007ffed2940000 - 0x00007ffed294d000 	C:\Users\sumon\Downloads\android-studio\jre\bin\management_ext.dll
0x00007ffee1da0000 - 0x00007ffee1db8000 	C:\WINDOWS\SYSTEM32\CRYPTSP.dll
0x00007ffee14e0000 - 0x00007ffee1514000 	C:\WINDOWS\system32\rsaenh.dll
0x00007ffee2c60000 - 0x00007ffee2c87000 	C:\WINDOWS\System32\bcrypt.dll
0x00007ffee2370000 - 0x00007ffee239e000 	C:\WINDOWS\SYSTEM32\USERENV.dll
0x00007ffee1cd0000 - 0x00007ffee1cdc000 	C:\WINDOWS\SYSTEM32\CRYPTBASE.dll
0x00007ffee1850000 - 0x00007ffee188b000 	C:\WINDOWS\SYSTEM32\IPHLPAPI.DLL
0x00007ffee4360000 - 0x00007ffee4368000 	C:\WINDOWS\System32\NSI.dll
0x00007ffedc130000 - 0x00007ffedc147000 	C:\WINDOWS\SYSTEM32\dhcpcsvc6.DLL
0x00007ffedc5e0000 - 0x00007ffedc5fd000 	C:\WINDOWS\SYSTEM32\dhcpcsvc.DLL
0x00007ffee1890000 - 0x00007ffee195a000 	C:\WINDOWS\SYSTEM32\DNSAPI.dll

dbghelp: loaded successfully - version: 4.0.5 - missing functions: none
symbol engine: initialized successfully - sym options: 0x614 - pdb path: .;C:\Users\sumon\Downloads\android-studio\jre\bin;C:\WINDOWS\SYSTEM32;C:\WINDOWS\WinSxS\amd64_microsoft.windows.common-controls_6595b64144ccf1df_6.0.19041.1110_none_60b5254171f9507e;C:\Users\sumon\Downloads\android-studio\jre\bin\server;C:\Users\sumon\.gradle\native\e1d6ef7f7dcc3fd88c89a11ec53ec762bb8ba0a96d01ffa2cd45eb1d1d8dd5c5\windows-amd64;C:\Users\sumon\.gradle\native\5664cfc778a61ccfe75a443a1ab52a65af34e5dc3c78e0209fed803814484fcb\windows-amd64

VM Arguments:
jvm_args: --add-opens=java.base/java.util=ALL-UNNAMED --add-opens=java.base/java.lang=ALL-UNNAMED --add-opens=java.base/java.lang.invoke=ALL-UNNAMED --add-opens=java.base/java.util=ALL-UNNAMED --add-opens=java.prefs/java.util.prefs=ALL-UNNAMED --add-opens=java.prefs/java.util.prefs=ALL-UNNAMED --add-opens=java.base/java.nio.charset=ALL-UNNAMED --add-opens=java.base/java.net=ALL-UNNAMED --add-opens=java.base/java.util.concurrent.atomic=ALL-UNNAMED -Xmx1536m -Dfile.encoding=windows-1252 -Duser.country=US -Duser.language=en -Duser.variant 
java_command: org.gradle.launcher.daemon.bootstrap.GradleDaemon 7.2
java_class_path (initial): C:\Users\sumon\.gradle\wrapper\dists\gradle-7.2-all\260hg96vuh6ex27h9vo47iv4d\gradle-7.2\lib\gradle-launcher-7.2.jar
Launcher Type: SUN_STANDARD

[Global flags]
     intx CICompilerCount                          = 3                                         {product} {ergonomic}
     uint ConcGCThreads                            = 1                                         {product} {ergonomic}
     uint G1ConcRefinementThreads                  = 4                                         {product} {ergonomic}
   size_t G1HeapRegionSize                         = 1048576                                   {product} {ergonomic}
    uintx GCDrainStackTargetSize                   = 64                                        {product} {ergonomic}
   size_t InitialHeapSize                          = 132120576                                 {product} {ergonomic}
   size_t MarkStackSize                            = 4194304                                   {product} {ergonomic}
   size_t MaxHeapSize                              = 1610612736                                {product} {command line}
   size_t MaxNewSize                               = 965738496                                 {product} {ergonomic}
   size_t MinHeapDeltaBytes                        = 1048576                                   {product} {ergonomic}
    uintx NonNMethodCodeHeapSize                   = 5830732                                {pd product} {ergonomic}
    uintx NonProfiledCodeHeapSize                  = 122913754                              {pd product} {ergonomic}
    uintx ProfiledCodeHeapSize                     = 122913754                              {pd product} {ergonomic}
    uintx ReservedCodeCacheSize                    = 251658240                              {pd product} {ergonomic}
     bool SegmentedCodeCache                       = true                                      {product} {ergonomic}
     bool UseCompressedClassPointers               = true                                 {lp64_product} {ergonomic}
     bool UseCompressedOops                        = true                                 {lp64_product} {ergonomic}
     bool UseG1GC                                  = true                                      {product} {ergonomic}
     bool UseLargePagesIndividualAllocation        = false                                  {pd product} {ergonomic}

Logging:
Log output configuration:
 #0: stdout all=warning uptime,level,tags
 #1: stderr all=off uptime,level,tags

Environment Variables:
JAVA_HOME=C:\Program Files\Android\Android Studio\jre
PATH=C:\Python39\Scripts\;C:\Python39\;C:\WINDOWS\system32;C:\WINDOWS;C:\WINDOWS\System32\Wbem;C:\WINDOWS\System32\WindowsPowerShell\v1.0\;C:\WINDOWS\System32\OpenSSH\;C:\flutter\bin;C:\ProgramData\chocolatey\bin;C:\Program Files\Git\cmd;C:\xampp\php;C:\Users\sumon\AppData\Local\Microsoft\WindowsApps;C:\Program Files\Azure Data Studio\bin;C:\Program Files\Azure Data Studio\bin;%IntelliJ IDEA%
USERNAME=SumOn
OS=Windows_NT
PROCESSOR_IDENTIFIER=Intel64 Family 6 Model 94 Stepping 3, GenuineIntel



---------------  S Y S T E M  ---------------

OS: Windows 10 , 64 bit Build 19041 (10.0.19041.1566)
OS uptime: 8 days 18:05 hours
Hyper-V role detected

CPU:total 4 (initial active 4) (4 cores per cpu, 1 threads per core) family 6 model 94 stepping 3 microcode 0xcc, cmov, cx8, fxsr, mmx, sse, sse2, sse3, ssse3, sse4.1, sse4.2, popcnt, avx, avx2, aes, clmul, erms, 3dnowpref, lzcnt, tsc, tscinvbit, bmi1, bmi2, adx, fma

Memory: 4k page, system-wide physical 8057M (1645M free)
TotalPageFile size 13008M (AvailPageFile size 23M)
current process WorkingSet (physical memory assigned to process): 496M, peak: 498M
current process commit charge ("private bytes"): 529M, peak: 530M

vm_info: OpenJDK 64-Bit Server VM (11.0.13+0-b1751.21-8125866) for windows-amd64 JRE (11.0.13+0-b1751.21-8125866), built on Feb  2 2022 03:00:22 by "builder" with MS VC++ 14.0 (VS2015)

END.
